12:25:28 **** Build of configuration Debug for project lab04 ****
make all 
Building file: ../Vec.cpp
Invoking: Cygwin C++ Compiler
g++ -O0 -g3 -Wall -c -fmessage-length=0 -MMD -MP -MF"Vec.d" -MT"Vec.o" -o "Vec.o" "../Vec.cpp"
Finished building: ../Vec.cpp
 
Building file: ../VecTester.cpp
Invoking: Cygwin C++ Compiler
g++ -O0 -g3 -Wall -c -fmessage-length=0 -MMD -MP -MF"VecTester.d" -MT"VecTester.o" -o "VecTester.o" "../VecTester.cpp"
Finished building: ../VecTester.cpp
 
Building file: ../tester.cpp
Invoking: Cygwin C++ Compiler
g++ -O0 -g3 -Wall -c -fmessage-length=0 -MMD -MP -MF"tester.d" -MT"tester.o" -o "tester.o" "../tester.cpp"
Finished building: ../tester.cpp
 
Building target: lab04.exe
Invoking: Cygwin C++ Linker
g++  -o "lab04.exe"  ./Vec.o ./VecTester.o ./tester.o   
Finished building target: lab04.exe
 
12:25:32 **** Build of configuration Debug for project hexList ****
make all 
make: Nothing to be done for 'all'.
12:25:38 **** Incremental Build of configuration Debug for project lab04 ****
make all 
make: Nothing to be done for 'all'.
12:31:17 **** Incremental Build of configuration Debug for project lab04 ****
make all 
Building file: ../VecTester.cpp
Invoking: Cygwin C++ Compiler
g++ -O0 -g3 -Wall -c -fmessage-length=0 -MMD -MP -MF"VecTester.d" -MT"VecTester.o" -o "VecTester.o" "../VecTester.cpp"
Finished building: ../VecTester.cpp
 
Building file: ../tester.cpp
Invoking: Cygwin C++ Compiler
g++ -O0 -g3 -Wall -c -fmessage-length=0 -MMD -MP -MF"tester.d" -MT"tester.o" -o "tester.o" "../tester.cpp"
Finished building: ../tester.cpp
 
Building target: lab04.exe
Invoking: Cygwin C++ Linker
g++  -o "lab04.exe"  ./VecTester.o ./tester.o   
Finished building target: lab04.exe
 
12:34:18 **** Incremental Build of configuration Debug for project lab04 ****
make all 
Building file: ../VecTester.cpp
Invoking: Cygwin C++ Compiler
g++ -O0 -g3 -Wall -c -fmessage-length=0 -MMD -MP -MF"VecTester.d" -MT"VecTester.o" -o "VecTester.o" "../VecTester.cpp"
Finished building: ../VecTester.cpp
 
Building file: ../tester.cpp
Invoking: Cygwin C++ Compiler
g++ -O0 -g3 -Wall -c -fmessage-length=0 -MMD -MP -MF"tester.d" -MT"tester.o" -o "tester.o" "../tester.cpp"
Finished building: ../tester.cpp
 
Building target: lab04.exe
Invoking: Cygwin C++ Linker
g++  -o "lab04.exe"  ./VecTester.o ./tester.o   
Finished building target: lab04.exe
 
12:34:48 **** Incremental Build of configuration Debug for project lab04 ****
make all 
Building file: ../VecTester.cpp
Invoking: Cygwin C++ Compiler
g++ -O0 -g3 -Wall -c -fmessage-length=0 -MMD -MP -MF"VecTester.d" -MT"VecTester.o" -o "VecTester.o" "../VecTester.cpp"
Finished building: ../VecTester.cpp
 
Building file: ../tester.cpp
Invoking: Cygwin C++ Compiler
g++ -O0 -g3 -Wall -c -fmessage-length=0 -MMD -MP -MF"tester.d" -MT"tester.o" -o "tester.o" "../tester.cpp"
Finished building: ../tester.cpp
 
Building target: lab04.exe
Invoking: Cygwin C++ Linker
g++  -o "lab04.exe"  ./VecTester.o ./tester.o   
Finished building target: lab04.exe
 
12:35:43 **** Incremental Build of configuration Debug for project lab04 ****
make all 
Building file: ../VecTester.cpp
Invoking: Cygwin C++ Compiler
g++ -O0 -g3 -Wall -c -fmessage-length=0 -MMD -MP -MF"VecTester.d" -MT"VecTester.o" -o "VecTester.o" "../VecTester.cpp"
Finished building: ../VecTester.cpp
 
Building file: ../tester.cpp
Invoking: Cygwin C++ Compiler
g++ -O0 -g3 -Wall -c -fmessage-length=0 -MMD -MP -MF"tester.d" -MT"tester.o" -o "tester.o" "../tester.cpp"
Finished building: ../tester.cpp
 
Building target: lab04.exe
Invoking: Cygwin C++ Linker
g++  -o "lab04.exe"  ./VecTester.o ./tester.o   
Finished building target: lab04.exe
 
12:36:40 **** Incremental Build of configuration Debug for project lab04 ****
make all 
Building file: ../VecTester.cpp
Invoking: Cygwin C++ Compiler
g++ -O0 -g3 -Wall -c -fmessage-length=0 -MMD -MP -MF"VecTester.d" -MT"VecTester.o" -o "VecTester.o" "../VecTester.cpp"
../VecTester.cpp: In member function 'void VecTester::testCopyConstructor() const':
../VecTester.cpp:81:2: error: expected '}' at end of input
  }
  ^
make: *** [subdir.mk:23: VecTester.o] Error 1
"make all" terminated with exit code 2. Build might be incomplete.
12:37:10 **** Incremental Build of configuration Debug for project lab04 ****
make all 
Building file: ../VecTester.cpp
Invoking: Cygwin C++ Compiler
g++ -O0 -g3 -Wall -c -fmessage-length=0 -MMD -MP -MF"VecTester.d" -MT"VecTester.o" -o "VecTester.o" "../VecTester.cpp"
Finished building: ../VecTester.cpp
 
Building file: ../tester.cpp
Invoking: Cygwin C++ Compiler
g++ -O0 -g3 -Wall -c -fmessage-length=0 -MMD -MP -MF"tester.d" -MT"tester.o" -o "tester.o" "../tester.cpp"
Finished building: ../tester.cpp
 
Building target: lab04.exe
Invoking: Cygwin C++ Linker
g++  -o "lab04.exe"  ./VecTester.o ./tester.o   
Finished building target: lab04.exe
 
12:41:11 **** Incremental Build of configuration Debug for project lab04 ****
make all 
Building file: ../VecTester.cpp
Invoking: Cygwin C++ Compiler
g++ -O0 -g3 -Wall -c -fmessage-length=0 -MMD -MP -MF"VecTester.d" -MT"VecTester.o" -o "VecTester.o" "../VecTester.cpp"
In file included from ../VecTester.h:10:0,
                 from ../VecTester.cpp:7:
../Vec.h:100:12: error: 'template<class Item> class Vec' used without template parameters
 Vec<Item>& Vec::operator=(const Vec& original) {
            ^~~
../Vec.h:100:33: error: invalid use of template-name 'Vec' without an argument list
 Vec<Item>& Vec::operator=(const Vec& original) {
                                 ^~~
../Vec.h:100:33: note: class template argument deduction is only available with -std=c++1z or -std=gnu++1z
../Vec.h:16:7: note: 'template<class Item> class Vec' declared here
 class Vec {
       ^~~
../Vec.h:100:46: error: 'Vec<Item>& operator=(const int&)' must be a nonstatic member function
 Vec<Item>& Vec::operator=(const Vec& original) {
                                              ^
../Vec.h:131:6: error: 'template<class Item> class Vec' used without template parameters
 void Vec::setItem(unsigned index, const Item& it) {
      ^~~
../Vec.h: In function 'void setItem(unsigned int, const Item&)':
../Vec.h:132:15: error: 'mySize' was not declared in this scope
  if ( index < mySize && myArray != nullptr ) {
               ^~~~~~
../Vec.h:132:15: note: suggested alternative: 'mktime'
  if ( index < mySize && myArray != nullptr ) {
               ^~~~~~
               mktime
../Vec.h:132:25: error: 'myArray' was not declared in this scope
  if ( index < mySize && myArray != nullptr ) {
                         ^~~~~~~
../Vec.h: At global scope:
../Vec.h:143:6: error: 'template<class Item> class Vec' used without template parameters
 Item Vec::getItem(unsigned index) const {
      ^~~
../Vec.h:143:35: error: non-member function 'Item getItem(unsigned int)' cannot have cv-qualifier
 Item Vec::getItem(unsigned index) const {
                                   ^~~~~
../Vec.h: In function 'Item getItem(unsigned int)':
../Vec.h:144:15: error: 'mySize' was not declared in this scope
  if ( index < mySize && myArray != nullptr ) {
               ^~~~~~
../Vec.h:144:15: note: suggested alternative: 'mktime'
  if ( index < mySize && myArray != nullptr ) {
               ^~~~~~
               mktime
../Vec.h:144:25: error: 'myArray' was not declared in this scope
  if ( index < mySize && myArray != nullptr ) {
                         ^~~~~~~
../Vec.h: At global scope:
../Vec.h:155:6: error: 'template<class Item> class Vec' used without template parameters
 void Vec::setSize(unsigned newSize) {
      ^~~
../Vec.h: In function 'void setSize(unsigned int)':
../Vec.h:158:7: error: 'mySize' was not declared in this scope
  if ( mySize != newSize ) {
       ^~~~~~
../Vec.h:158:7: note: suggested alternative: 'newSize'
  if ( mySize != newSize ) {
       ^~~~~~
       newSize
../Vec.h:162:14: error: 'myArray' was not declared in this scope
    delete [] myArray;
              ^~~~~~~
../Vec.h:171:20: error: 'myArray' was not declared in this scope
      newArray[i] = myArray[i];
                    ^~~~~~~
../Vec.h:171:20: note: suggested alternative: 'newArray'
      newArray[i] = myArray[i];
                    ^~~~~~~
                    newArray
../Vec.h:174:15: error: 'myArray' was not declared in this scope
     delete [] myArray;
               ^~~~~~~
../Vec.h:174:15: note: suggested alternative: 'newArray'
     delete [] myArray;
               ^~~~~~~
               newArray
../Vec.h:178:4: error: 'myArray' was not declared in this scope
    myArray = newArray;
    ^~~~~~~
../Vec.h:178:4: note: suggested alternative: 'newArray'
    myArray = newArray;
    ^~~~~~~
    newArray
../Vec.h: At global scope:
../Vec.h:189:6: error: 'template<class Item> class Vec' used without template parameters
 bool Vec::operator==(const Vec& v2) const {
      ^~~
../Vec.h:189:28: error: invalid use of template-name 'Vec' without an argument list
 bool Vec::operator==(const Vec& v2) const {
                            ^~~
../Vec.h:189:28: note: class template argument deduction is only available with -std=c++1z or -std=gnu++1z
../Vec.h:16:7: note: 'template<class Item> class Vec' declared here
 class Vec {
       ^~~
../Vec.h:189:37: error: non-member function 'bool operator==(const int&)' cannot have cv-qualifier
 bool Vec::operator==(const Vec& v2) const {
                                     ^~~~~
../Vec.h:189:37: error: 'bool operator==(const int&)' must have an argument of class or enumerated type
../Vec.h:204:6: error: 'template<class Item> class Vec' used without template parameters
 void Vec::writeTo(ostream& out) const {
      ^~~
../Vec.h:204:33: error: non-member function 'void writeTo(std::ostream&)' cannot have cv-qualifier
 void Vec::writeTo(ostream& out) const {
                                 ^~~~~
../Vec.h: In function 'void writeTo(std::ostream&)':
../Vec.h:205:28: error: 'mySize' was not declared in this scope
  for ( unsigned i = 0; i < mySize; i++ ) {
                            ^~~~~~
../Vec.h:205:28: note: suggested alternative: 'setSize'
  for ( unsigned i = 0; i < mySize; i++ ) {
                            ^~~~~~
                            setSize
../Vec.h:206:10: error: 'myArray' was not declared in this scope
   out << myArray[i] << endl;
          ^~~~~~~
../Vec.h: At global scope:
../Vec.h:215:6: error: 'template<class Item> class Vec' used without template parameters
 void Vec::readFrom(istream& in) {
      ^~~
../Vec.h: In function 'void readFrom(std::istream&)':
../Vec.h:216:27: error: 'mySize' was not declared in this scope
  for( unsigned i = 0; i < mySize; i++ ) {
                           ^~~~~~
../Vec.h:216:27: note: suggested alternative: 'setSize'
  for( unsigned i = 0; i < mySize; i++ ) {
                           ^~~~~~
                           setSize
../Vec.h:217:9: error: 'myArray' was not declared in this scope
   in >> myArray[i];
         ^~~~~~~
../Vec.h: At global scope:
../Vec.h:228:6: error: 'template<class Item> class Vec' used without template parameters
 Item Vec::operator[](unsigned index) const {
      ^~~
../Vec.h:228:38: error: non-member function 'Item operator[](unsigned int)' cannot have cv-qualifier
 Item Vec::operator[](unsigned index) const {
                                      ^~~~~
../Vec.h:228:38: error: 'Item operator[](unsigned int)' must be a nonstatic member function
../Vec.h:243:7: error: 'template<class Item> class Vec' used without template parameters
 Item& Vec::operator[](unsigned index) {
       ^~~
../Vec.h:243:37: error: 'Item& operator[](unsigned int)' must be a nonstatic member function
 Item& Vec::operator[](unsigned index) {
                                     ^
../Vec.h:258:6: error: 'template<class Item> class Vec' used without template parameters
 bool Vec::operator!=(const Vec& v2) {
      ^~~
../Vec.h:258:28: error: invalid use of template-name 'Vec' without an argument list
 bool Vec::operator!=(const Vec& v2) {
                            ^~~
../Vec.h:258:28: note: class template argument deduction is only available with -std=c++1z or -std=gnu++1z
../Vec.h:16:7: note: 'template<class Item> class Vec' declared here
 class Vec {
       ^~~
../Vec.h:258:35: error: 'bool operator!=(const int&)' must have an argument of class or enumerated type
 bool Vec::operator!=(const Vec& v2) {
                                   ^
../Vec.h:269:6: error: 'template<class Item> class Vec' used without template parameters
 void Vec::readFrom(const string fileName) {
      ^~~
../Vec.h: In function 'void readFrom(std::string)':
../Vec.h:271:2: error: there are no arguments to 'assert' that depend on a template parameter, so a declaration of 'assert' must be available [-fpermissive]
  assert( fin.is_open() );
  ^~~~~~
../Vec.h:271:2: note: (if you use '-fpermissive', G++ will accept your code, but allowing the use of an undeclared name is deprecated)
../Vec.h:274:14: error: no matching function for call to 'setSize(unsigned int&)'
  setSize(size);
              ^
../Vec.h:155:6: note: candidate: template<class Item> void setSize(unsigned int)
 void Vec::setSize(unsigned newSize) {
      ^~~
../Vec.h:155:6: note:   template argument deduction/substitution failed:
../Vec.h:274:14: note:   couldn't deduce template parameter 'Item'
  setSize(size);
              ^
../Vec.h:275:14: error: no matching function for call to 'readFrom(std::ifstream&)'
  readFrom(fin);
              ^
../Vec.h:215:6: note: candidate: template<class Item> void readFrom(std::istream&)
 void Vec::readFrom(istream& in) {
      ^~~
../Vec.h:215:6: note:   template argument deduction/substitution failed:
../Vec.h:275:14: note:   couldn't deduce template parameter 'Item'
  readFrom(fin);
              ^
../Vec.h:269:6: note: candidate: template<class Item> void readFrom(std::string)
 void Vec::readFrom(const string fileName) {
      ^~~
../Vec.h:269:6: note:   template argument deduction/substitution failed:
../Vec.h:275:14: note:   couldn't deduce template parameter 'Item'
  readFrom(fin);
              ^
../Vec.h: At global scope:
../Vec.h:287:6: error: 'template<class Item> class Vec' used without template parameters
 void Vec::writeTo(const string fileName) {
      ^~~
../Vec.h: In function 'void writeTo(std::string)':
../Vec.h:289:2: error: there are no arguments to 'assert' that depend on a template parameter, so a declaration of 'assert' must be available [-fpermissive]
  assert( fin.is_open() );
  ^~~~~~
../Vec.h:290:9: error: 'mySize' was not declared in this scope
  fin << mySize << endl;
         ^~~~~~
../Vec.h:290:9: note: suggested alternative: 'setSize'
  fin << mySize << endl;
         ^~~~~~
         setSize
../Vec.h:291:13: error: no matching function for call to 'writeTo(std::ofstream&)'
  writeTo(fin);
             ^
../Vec.h:204:6: note: candidate: template<class Item> void writeTo(std::ostream&)
 void Vec::writeTo(ostream& out) const {
      ^~~
../Vec.h:204:6: note:   template argument deduction/substitution failed:
../Vec.h:291:13: note:   couldn't deduce template parameter 'Item'
  writeTo(fin);
             ^
../Vec.h:287:6: note: candidate: template<class Item> void writeTo(std::string)
 void Vec::writeTo(const string fileName) {
      ^~~
../Vec.h:287:6: note:   template argument deduction/substitution failed:
../Vec.h:291:13: note:   couldn't deduce template parameter 'Item'
  writeTo(fin);
             ^
../Vec.h: At global scope:
../Vec.h:302:11: error: 'template<class Item> class Vec' used without template parameters
 Vec<Item> Vec::operator+(const Vec& v1) {
           ^~~
../Vec.h:302:32: error: invalid use of template-name 'Vec' without an argument list
 Vec<Item> Vec::operator+(const Vec& v1) {
                                ^~~
../Vec.h:302:32: note: class template argument deduction is only available with -std=c++1z or -std=gnu++1z
../Vec.h:16:7: note: 'template<class Item> class Vec' declared here
 class Vec {
       ^~~
../Vec.h:302:39: error: 'Vec<Item> operator+(const int&)' must have an argument of class or enumerated type
 Vec<Item> Vec::operator+(const Vec& v1) {
                                       ^
../Vec.h:321:11: error: 'template<class Item> class Vec' used without template parameters
 Vec<Item> Vec::operator-(const Vec& v1) {
           ^~~
../Vec.h:321:32: error: invalid use of template-name 'Vec' without an argument list
 Vec<Item> Vec::operator-(const Vec& v1) {
                                ^~~
../Vec.h:321:32: note: class template argument deduction is only available with -std=c++1z or -std=gnu++1z
../Vec.h:16:7: note: 'template<class Item> class Vec' declared here
 class Vec {
       ^~~
../Vec.h:321:39: error: 'Vec<Item> operator-(const int&)' must have an argument of class or enumerated type
 Vec<Item> Vec::operator-(const Vec& v1) {
                                       ^
../Vec.h:340:8: error: 'template<class Item> class Vec' used without template parameters
 double Vec::operator*(const Vec& v1) {
        ^~~
../Vec.h:340:29: error: invalid use of template-name 'Vec' without an argument list
 double Vec::operator*(const Vec& v1) {
                             ^~~
../Vec.h:340:29: note: class template argument deduction is only available with -std=c++1z or -std=gnu++1z
../Vec.h:16:7: note: 'template<class Item> class Vec' declared here
 class Vec {
       ^~~
../Vec.h:340:36: error: 'double operator*(const int&)' must have an argument of class or enumerated type
 double Vec::operator*(const Vec& v1) {
                                    ^
make: *** [subdir.mk:23: VecTester.o] Error 1
"make all" terminated with exit code 2. Build might be incomplete.
12:41:23 **** Incremental Build of configuration Debug for project lab04 ****
make all 
Building file: ../VecTester.cpp
Invoking: Cygwin C++ Compiler
g++ -O0 -g3 -Wall -c -fmessage-length=0 -MMD -MP -MF"VecTester.d" -MT"VecTester.o" -o "VecTester.o" "../VecTester.cpp"
Finished building: ../VecTester.cpp
 
Building file: ../tester.cpp
Invoking: Cygwin C++ Compiler
g++ -O0 -g3 -Wall -c -fmessage-length=0 -MMD -MP -MF"tester.d" -MT"tester.o" -o "tester.o" "../tester.cpp"
Finished building: ../tester.cpp
 
Building target: lab04.exe
Invoking: Cygwin C++ Linker
g++  -o "lab04.exe"  ./VecTester.o ./tester.o   
Finished building target: lab04.exe
 
12:41:26 **** Incremental Build of configuration Debug for project lab04 ****
make all 
make: Nothing to be done for 'all'.
12:41:56 **** Incremental Build of configuration Debug for project lab04 ****
make all 
Building file: ../VecTester.cpp
Invoking: Cygwin C++ Compiler
g++ -O0 -g3 -Wall -c -fmessage-length=0 -MMD -MP -MF"VecTester.d" -MT"VecTester.o" -o "VecTester.o" "../VecTester.cpp"
In file included from ../VecTester.h:10:0,
                 from ../VecTester.cpp:7:
../Vec.h:100:12: error: 'template<class Item> class Vec' used without template parameters
 Vec<Item>& Vec::operator=(const Vec& original) {
            ^~~
../Vec.h:100:33: error: invalid use of template-name 'Vec' without an argument list
 Vec<Item>& Vec::operator=(const Vec& original) {
                                 ^~~
../Vec.h:100:33: note: class template argument deduction is only available with -std=c++1z or -std=gnu++1z
../Vec.h:16:7: note: 'template<class Item> class Vec' declared here
 class Vec {
       ^~~
../Vec.h:100:46: error: 'Vec<Item>& operator=(const int&)' must be a nonstatic member function
 Vec<Item>& Vec::operator=(const Vec& original) {
                                              ^
make: *** [subdir.mk:23: VecTester.o] Error 1
"make all" terminated with exit code 2. Build might be incomplete.
12:42:13 **** Incremental Build of configuration Debug for project lab04 ****
make all 
Building file: ../VecTester.cpp
Invoking: Cygwin C++ Compiler
g++ -O0 -g3 -Wall -c -fmessage-length=0 -MMD -MP -MF"VecTester.d" -MT"VecTester.o" -o "VecTester.o" "../VecTester.cpp"
In file included from ../VecTester.h:10:0,
                 from ../VecTester.cpp:7:
../Vec.h:100:1: error: invalid use of template-name 'Vec' without an argument list
 Vec& Vec::operator=(const Vec& original) {
 ^~~
../Vec.h:100:1: note: class template argument deduction is only available with -std=c++1z or -std=gnu++1z
../Vec.h:16:7: note: 'template<class Item> class Vec' declared here
 class Vec {
       ^~~
make: *** [subdir.mk:23: VecTester.o] Error 1
"make all" terminated with exit code 2. Build might be incomplete.
12:42:28 **** Incremental Build of configuration Debug for project lab04 ****
make all 
Building file: ../VecTester.cpp
Invoking: Cygwin C++ Compiler
g++ -O0 -g3 -Wall -c -fmessage-length=0 -MMD -MP -MF"VecTester.d" -MT"VecTester.o" -o "VecTester.o" "../VecTester.cpp"
In file included from ../VecTester.h:10:0,
                 from ../VecTester.cpp:7:
../Vec.h:100:12: error: 'template<class Item> class Vec' used without template parameters
 Vec<Item>& Vec::operator=(const Vec<Item>& original) {
            ^~~
../Vec.h:100:52: error: 'Vec<Item>& operator=(const Vec<Item>&)' must be a nonstatic member function
 Vec<Item>& Vec::operator=(const Vec<Item>& original) {
                                                    ^
make: *** [subdir.mk:23: VecTester.o] Error 1
"make all" terminated with exit code 2. Build might be incomplete.
12:43:06 **** Incremental Build of configuration Debug for project lab04 ****
make all 
Building file: ../VecTester.cpp
Invoking: Cygwin C++ Compiler
g++ -O0 -g3 -Wall -c -fmessage-length=0 -MMD -MP -MF"VecTester.d" -MT"VecTester.o" -o "VecTester.o" "../VecTester.cpp"
Finished building: ../VecTester.cpp
 
Building file: ../tester.cpp
Invoking: Cygwin C++ Compiler
g++ -O0 -g3 -Wall -c -fmessage-length=0 -MMD -MP -MF"tester.d" -MT"tester.o" -o "tester.o" "../tester.cpp"
Finished building: ../tester.cpp
 
Building target: lab04.exe
Invoking: Cygwin C++ Linker
g++  -o "lab04.exe"  ./VecTester.o ./tester.o   
Finished building target: lab04.exe
 
12:47:06 **** Incremental Build of configuration Debug for project lab04 ****
make all 
Building file: ../VecTester.cpp
Invoking: Cygwin C++ Compiler
g++ -O0 -g3 -Wall -c -fmessage-length=0 -MMD -MP -MF"VecTester.d" -MT"VecTester.o" -o "VecTester.o" "../VecTester.cpp"
Finished building: ../VecTester.cpp
 
Building file: ../tester.cpp
Invoking: Cygwin C++ Compiler
g++ -O0 -g3 -Wall -c -fmessage-length=0 -MMD -MP -MF"tester.d" -MT"tester.o" -o "tester.o" "../tester.cpp"
Finished building: ../tester.cpp
 
Building target: lab04.exe
Invoking: Cygwin C++ Linker
g++  -o "lab04.exe"  ./VecTester.o ./tester.o   
Finished building target: lab04.exe
 
12:48:13 **** Incremental Build of configuration Debug for project lab04 ****
make all 
Building file: ../VecTester.cpp
Invoking: Cygwin C++ Compiler
g++ -O0 -g3 -Wall -c -fmessage-length=0 -MMD -MP -MF"VecTester.d" -MT"VecTester.o" -o "VecTester.o" "../VecTester.cpp"
In file included from ../VecTester.h:10:0,
                 from ../VecTester.cpp:7:
../Vec.h:269:6: error: 'template<class Item> class Vec' used without template parameters
 void Vec::readFrom(const string fileName) {
      ^~~
../Vec.h: In function 'void readFrom(std::string)':
../Vec.h:271:2: error: there are no arguments to 'assert' that depend on a template parameter, so a declaration of 'assert' must be available [-fpermissive]
  assert( fin.is_open() );
  ^~~~~~
../Vec.h:271:2: note: (if you use '-fpermissive', G++ will accept your code, but allowing the use of an undeclared name is deprecated)
../Vec.h:274:2: error: there are no arguments to 'setSize' that depend on a template parameter, so a declaration of 'setSize' must be available [-fpermissive]
  setSize(size);
  ^~~~~~~
../Vec.h:275:14: error: no matching function for call to 'readFrom(std::ifstream&)'
  readFrom(fin);
              ^
../Vec.h:269:6: note: candidate: template<class Item> void readFrom(std::string)
 void Vec::readFrom(const string fileName) {
      ^~~
../Vec.h:269:6: note:   template argument deduction/substitution failed:
../Vec.h:275:14: note:   couldn't deduce template parameter 'Item'
  readFrom(fin);
              ^
../Vec.h: In member function 'void Vec<Item>::writeTo(std::string)':
../Vec.h:289:2: error: there are no arguments to 'assert' that depend on a template parameter, so a declaration of 'assert' must be available [-fpermissive]
  assert( fin.is_open() );
  ^~~~~~
../Vec.h: At global scope:
../Vec.h:321:1: error: invalid use of template-name 'Vec' without an argument list
 Vec Vec<Item>::operator-(const Vec& v1) {
 ^~~
../Vec.h:321:1: note: class template argument deduction is only available with -std=c++1z or -std=gnu++1z
../Vec.h:16:7: note: 'template<class Item> class Vec' declared here
 class Vec {
       ^~~
make: *** [subdir.mk:23: VecTester.o] Error 1
"make all" terminated with exit code 2. Build might be incomplete.
12:48:25 **** Incremental Build of configuration Debug for project lab04 ****
make all 
Building file: ../VecTester.cpp
Invoking: Cygwin C++ Compiler
g++ -O0 -g3 -Wall -c -fmessage-length=0 -MMD -MP -MF"VecTester.d" -MT"VecTester.o" -o "VecTester.o" "../VecTester.cpp"
In file included from ../VecTester.h:10:0,
                 from ../VecTester.cpp:7:
../Vec.h: In member function 'void Vec<Item>::readFrom(std::string)':
../Vec.h:271:2: error: there are no arguments to 'assert' that depend on a template parameter, so a declaration of 'assert' must be available [-fpermissive]
  assert( fin.is_open() );
  ^~~~~~
../Vec.h:271:2: note: (if you use '-fpermissive', G++ will accept your code, but allowing the use of an undeclared name is deprecated)
../Vec.h: In member function 'void Vec<Item>::writeTo(std::string)':
../Vec.h:289:2: error: there are no arguments to 'assert' that depend on a template parameter, so a declaration of 'assert' must be available [-fpermissive]
  assert( fin.is_open() );
  ^~~~~~
../Vec.h: At global scope:
../Vec.h:321:1: error: invalid use of template-name 'Vec' without an argument list
 Vec Vec<Item>::operator-(const Vec& v1) {
 ^~~
../Vec.h:321:1: note: class template argument deduction is only available with -std=c++1z or -std=gnu++1z
../Vec.h:16:7: note: 'template<class Item> class Vec' declared here
 class Vec {
       ^~~
make: *** [subdir.mk:23: VecTester.o] Error 1
"make all" terminated with exit code 2. Build might be incomplete.
12:48:41 **** Incremental Build of configuration Debug for project lab04 ****
make all 
Building file: ../VecTester.cpp
Invoking: Cygwin C++ Compiler
g++ -O0 -g3 -Wall -c -fmessage-length=0 -MMD -MP -MF"VecTester.d" -MT"VecTester.o" -o "VecTester.o" "../VecTester.cpp"
In file included from ../VecTester.h:10:0,
                 from ../VecTester.cpp:7:
../Vec.h:322:1: error: invalid use of template-name 'Vec' without an argument list
 Vec Vec<Item>::operator-(const Vec& v1) {
 ^~~
../Vec.h:322:1: note: class template argument deduction is only available with -std=c++1z or -std=gnu++1z
../Vec.h:17:7: note: 'template<class Item> class Vec' declared here
 class Vec {
       ^~~
make: *** [subdir.mk:23: VecTester.o] Error 1
"make all" terminated with exit code 2. Build might be incomplete.
12:48:50 **** Incremental Build of configuration Debug for project lab04 ****
make all 
Building file: ../VecTester.cpp
Invoking: Cygwin C++ Compiler
g++ -O0 -g3 -Wall -c -fmessage-length=0 -MMD -MP -MF"VecTester.d" -MT"VecTester.o" -o "VecTester.o" "../VecTester.cpp"
In file included from ../VecTester.h:10:0,
                 from ../VecTester.cpp:7:
../Vec.h:322:1: error: invalid use of template-name 'Vec' without an argument list
 Vec Vec<Item>::operator-(const Vec<Item>& v1) {
 ^~~
../Vec.h:322:1: note: class template argument deduction is only available with -std=c++1z or -std=gnu++1z
../Vec.h:17:7: note: 'template<class Item> class Vec' declared here
 class Vec {
       ^~~
make: *** [subdir.mk:23: VecTester.o] Error 1
"make all" terminated with exit code 2. Build might be incomplete.
12:49:01 **** Incremental Build of configuration Debug for project lab04 ****
make all 
Building file: ../VecTester.cpp
Invoking: Cygwin C++ Compiler
g++ -O0 -g3 -Wall -c -fmessage-length=0 -MMD -MP -MF"VecTester.d" -MT"VecTester.o" -o "VecTester.o" "../VecTester.cpp"
Finished building: ../VecTester.cpp
 
Building file: ../tester.cpp
Invoking: Cygwin C++ Compiler
g++ -O0 -g3 -Wall -c -fmessage-length=0 -MMD -MP -MF"tester.d" -MT"tester.o" -o "tester.o" "../tester.cpp"
Finished building: ../tester.cpp
 
Building target: lab04.exe
Invoking: Cygwin C++ Linker
g++  -o "lab04.exe"  ./VecTester.o ./tester.o   
Finished building target: lab04.exe
 
12:51:19 **** Incremental Build of configuration Debug for project lab04 ****
make all 
Building file: ../VecTester.cpp
Invoking: Cygwin C++ Compiler
g++ -O0 -g3 -Wall -c -fmessage-length=0 -MMD -MP -MF"VecTester.d" -MT"VecTester.o" -o "VecTester.o" "../VecTester.cpp"
Finished building: ../VecTester.cpp
 
Building target: lab04.exe
Invoking: Cygwin C++ Linker
g++  -o "lab04.exe"  ./VecTester.o ./tester.o   
Finished building target: lab04.exe
 
12:51:23 **** Incremental Build of configuration Debug for project lab04 ****
make all 
make: Nothing to be done for 'all'.
12:59:16 **** Incremental Build of configuration Debug for project lab04 ****
make all 
Building file: ../Matrix.cpp
Invoking: Cygwin C++ Compiler
g++ -O0 -g3 -Wall -c -fmessage-length=0 -MMD -MP -MF"Matrix.d" -MT"Matrix.o" -o "Matrix.o" "../Matrix.cpp"
Finished building: ../Matrix.cpp
 
Building file: ../MatrixTester.cpp
Invoking: Cygwin C++ Compiler
g++ -O0 -g3 -Wall -c -fmessage-length=0 -MMD -MP -MF"MatrixTester.d" -MT"MatrixTester.o" -o "MatrixTester.o" "../MatrixTester.cpp"
Finished building: ../MatrixTester.cpp
 
Building file: ../tester.cpp
Invoking: Cygwin C++ Compiler
g++ -O0 -g3 -Wall -c -fmessage-length=0 -MMD -MP -MF"tester.d" -MT"tester.o" -o "tester.o" "../tester.cpp"
../tester.cpp: In function 'int main()':
../tester.cpp:13:2: error: 'MatrixTester' was not declared in this scope
  MatrixTester mt;
  ^~~~~~~~~~~~
../tester.cpp:13:2: note: suggested alternative: 'VecTester'
  MatrixTester mt;
  ^~~~~~~~~~~~
  VecTester
../tester.cpp:14:2: error: 'mt' was not declared in this scope
  mt.runTests();
  ^~
make: *** [subdir.mk:29: tester.o] Error 1
"make all" terminated with exit code 2. Build might be incomplete.
12:59:31 **** Incremental Build of configuration Debug for project lab04 ****
make all 
Building file: ../Matrix.cpp
Invoking: Cygwin C++ Compiler
g++ -O0 -g3 -Wall -c -fmessage-length=0 -MMD -MP -MF"Matrix.d" -MT"Matrix.o" -o "Matrix.o" "../Matrix.cpp"
Finished building: ../Matrix.cpp
 
Building file: ../MatrixTester.cpp
Invoking: Cygwin C++ Compiler
g++ -O0 -g3 -Wall -c -fmessage-length=0 -MMD -MP -MF"MatrixTester.d" -MT"MatrixTester.o" -o "MatrixTester.o" "../MatrixTester.cpp"
Finished building: ../MatrixTester.cpp
 
Building file: ../tester.cpp
Invoking: Cygwin C++ Compiler
g++ -O0 -g3 -Wall -c -fmessage-length=0 -MMD -MP -MF"tester.d" -MT"tester.o" -o "tester.o" "../tester.cpp"
../tester.cpp: In function 'int main()':
../tester.cpp:13:2: error: 'MatrixTester' was not declared in this scope
  MatrixTester mt;
  ^~~~~~~~~~~~
../tester.cpp:13:2: note: suggested alternative: 'VecTester'
  MatrixTester mt;
  ^~~~~~~~~~~~
  VecTester
../tester.cpp:14:2: error: 'mt' was not declared in this scope
  mt.runTests();
  ^~
make: *** [subdir.mk:29: tester.o] Error 1
"make all" terminated with exit code 2. Build might be incomplete.
12:59:51 **** Incremental Build of configuration Debug for project lab04 ****
make all 
Building file: ../Matrix.cpp
Invoking: Cygwin C++ Compiler
g++ -O0 -g3 -Wall -c -fmessage-length=0 -MMD -MP -MF"Matrix.d" -MT"Matrix.o" -o "Matrix.o" "../Matrix.cpp"
Finished building: ../Matrix.cpp
 
Building file: ../MatrixTester.cpp
Invoking: Cygwin C++ Compiler
g++ -O0 -g3 -Wall -c -fmessage-length=0 -MMD -MP -MF"MatrixTester.d" -MT"MatrixTester.o" -o "MatrixTester.o" "../MatrixTester.cpp"
Finished building: ../MatrixTester.cpp
 
Building file: ../tester.cpp
Invoking: Cygwin C++ Compiler
g++ -O0 -g3 -Wall -c -fmessage-length=0 -MMD -MP -MF"tester.d" -MT"tester.o" -o "tester.o" "../tester.cpp"
../tester.cpp: In function 'int main()':
../tester.cpp:13:2: error: 'MatrixTester' was not declared in this scope
  MatrixTester mt;
  ^~~~~~~~~~~~
../tester.cpp:13:2: note: suggested alternative: 'VecTester'
  MatrixTester mt;
  ^~~~~~~~~~~~
  VecTester
../tester.cpp:14:2: error: 'mt' was not declared in this scope
  mt.runTests();
  ^~
make: *** [subdir.mk:29: tester.o] Error 1
"make all" terminated with exit code 2. Build might be incomplete.
13:00:13 **** Incremental Build of configuration Debug for project lab04 ****
make all 
Building file: ../tester.cpp
Invoking: Cygwin C++ Compiler
g++ -O0 -g3 -Wall -c -fmessage-length=0 -MMD -MP -MF"tester.d" -MT"tester.o" -o "tester.o" "../tester.cpp"
Finished building: ../tester.cpp
 
Building target: lab04.exe
Invoking: Cygwin C++ Linker
g++  -o "lab04.exe"  ./Matrix.o ./MatrixTester.o ./VecTester.o ./tester.o   
Finished building target: lab04.exe
 
13:00:16 **** Incremental Build of configuration Debug for project lab04 ****
make all 
make: Nothing to be done for 'all'.
13:02:48 **** Incremental Build of configuration Debug for project lab04 ****
make all 
Building file: ../Matrix.cpp
Invoking: Cygwin C++ Compiler
g++ -O0 -g3 -Wall -c -fmessage-length=0 -MMD -MP -MF"Matrix.d" -MT"Matrix.o" -o "Matrix.o" "../Matrix.cpp"
Finished building: ../Matrix.cpp
 
Building file: ../MatrixTester.cpp
Invoking: Cygwin C++ Compiler
g++ -O0 -g3 -Wall -c -fmessage-length=0 -MMD -MP -MF"MatrixTester.d" -MT"MatrixTester.o" -o "MatrixTester.o" "../MatrixTester.cpp"
Finished building: ../MatrixTester.cpp
 
Building file: ../tester.cpp
Invoking: Cygwin C++ Compiler
g++ -O0 -g3 -Wall -c -fmessage-length=0 -MMD -MP -MF"tester.d" -MT"tester.o" -o "tester.o" "../tester.cpp"
Finished building: ../tester.cpp
 
Building target: lab04.exe
Invoking: Cygwin C++ Linker
g++  -o "lab04.exe"  ./Matrix.o ./MatrixTester.o ./VecTester.o ./tester.o   
Finished building target: lab04.exe
 
13:03:15 **** Incremental Build of configuration Debug for project lab04 ****
make all 
Building file: ../MatrixTester.cpp
Invoking: Cygwin C++ Compiler
g++ -O0 -g3 -Wall -c -fmessage-length=0 -MMD -MP -MF"MatrixTester.d" -MT"MatrixTester.o" -o "MatrixTester.o" "../MatrixTester.cpp"
Finished building: ../MatrixTester.cpp
 
Building target: lab04.exe
Invoking: Cygwin C++ Linker
g++  -o "lab04.exe"  ./Matrix.o ./MatrixTester.o ./VecTester.o ./tester.o   
Finished building target: lab04.exe
 
13:04:31 **** Incremental Build of configuration Debug for project lab04 ****
make all 
Building file: ../MatrixTester.cpp
Invoking: Cygwin C++ Compiler
g++ -O0 -g3 -Wall -c -fmessage-length=0 -MMD -MP -MF"MatrixTester.d" -MT"MatrixTester.o" -o "MatrixTester.o" "../MatrixTester.cpp"
../MatrixTester.cpp: In member function 'void MatrixTester::testSubscripts()':
../MatrixTester.cpp:224:5: error: no match for 'operator[]' (operand types are 'Matrix' and 'unsigned int')
    m[i][j] = i*j;
     ^
../MatrixTester.cpp:239:5: error: no match for 'operator[]' (operand types are 'Matrix' and 'int')
   m0[0][0];
     ^
../MatrixTester.cpp:248:5: error: no match for 'operator[]' (operand types are 'Matrix' and 'int')
   m0[0][0] = 0;
     ^
../MatrixTester.cpp:260:5: error: no match for 'operator[]' (operand types are 'Matrix' and 'int')
   m2[2][0] = 0;
     ^
../MatrixTester.cpp:269:5: error: no match for 'operator[]' (operand types are 'Matrix' and 'int')
   m2[0][3] = 0;
     ^
make: *** [subdir.mk:29: MatrixTester.o] Error 1
"make all" terminated with exit code 2. Build might be incomplete.
13:07:20 **** Incremental Build of configuration Debug for project lab04 ****
make all 
Building file: ../Matrix.cpp
Invoking: Cygwin C++ Compiler
g++ -O0 -g3 -Wall -c -fmessage-length=0 -MMD -MP -MF"Matrix.d" -MT"Matrix.o" -o "Matrix.o" "../Matrix.cpp"
Finished building: ../Matrix.cpp
 
Building file: ../MatrixTester.cpp
Invoking: Cygwin C++ Compiler
g++ -O0 -g3 -Wall -c -fmessage-length=0 -MMD -MP -MF"MatrixTester.d" -MT"MatrixTester.o" -o "MatrixTester.o" "../MatrixTester.cpp"
Finished building: ../MatrixTester.cpp
 
Building file: ../tester.cpp
Invoking: Cygwin C++ Compiler
g++ -O0 -g3 -Wall -c -fmessage-length=0 -MMD -MP -MF"tester.d" -MT"tester.o" -o "tester.o" "../tester.cpp"
Finished building: ../tester.cpp
 
Building target: lab04.exe
Invoking: Cygwin C++ Linker
g++  -o "lab04.exe"  ./Matrix.o ./MatrixTester.o ./VecTester.o ./tester.o   
./MatrixTester.o: In function `MatrixTester::testSubscripts()':
/cygdrive/c/Users/Sasschary/eclipse-workspace/CS112Workspace/lab04/Debug/../MatrixTester.cpp:230: undefined reference to `MatrixTester::testReadSubscript(Matrix const&)'
/cygdrive/c/Users/Sasschary/eclipse-workspace/CS112Workspace/lab04/Debug/../MatrixTester.cpp:230:(.text+0xac4): relocation truncated to fit: R_X86_64_PC32 against undefined symbol `MatrixTester::testReadSubscript(Matrix const&)'
collect2: error: ld returned 1 exit status
make: *** [makefile:46: lab04.exe] Error 1
"make all" terminated with exit code 2. Build might be incomplete.
13:09:08 **** Incremental Build of configuration Debug for project lab04 ****
make all 
Building file: ../Matrix.cpp
Invoking: Cygwin C++ Compiler
g++ -O0 -g3 -Wall -c -fmessage-length=0 -MMD -MP -MF"Matrix.d" -MT"Matrix.o" -o "Matrix.o" "../Matrix.cpp"
../Matrix.cpp: In member function 'const Vec<double>& Matrix::operator[](unsigned int) const':
../Matrix.cpp:27:20: warning: returning reference to temporary [-Wreturn-local-addr]
  return myVec[index];
                    ^
Finished building: ../Matrix.cpp
 
Building file: ../MatrixTester.cpp
Invoking: Cygwin C++ Compiler
g++ -O0 -g3 -Wall -c -fmessage-length=0 -MMD -MP -MF"MatrixTester.d" -MT"MatrixTester.o" -o "MatrixTester.o" "../MatrixTester.cpp"
Finished building: ../MatrixTester.cpp
 
Building file: ../tester.cpp
Invoking: Cygwin C++ Compiler
g++ -O0 -g3 -Wall -c -fmessage-length=0 -MMD -MP -MF"tester.d" -MT"tester.o" -o "tester.o" "../tester.cpp"
Finished building: ../tester.cpp
 
Building target: lab04.exe
Invoking: Cygwin C++ Linker
g++  -o "lab04.exe"  ./Matrix.o ./MatrixTester.o ./VecTester.o ./tester.o   
./MatrixTester.o: In function `MatrixTester::testSubscripts()':
/cygdrive/c/Users/Sasschary/eclipse-workspace/CS112Workspace/lab04/Debug/../MatrixTester.cpp:230: undefined reference to `MatrixTester::testReadSubscript(Matrix const&)'
/cygdrive/c/Users/Sasschary/eclipse-workspace/CS112Workspace/lab04/Debug/../MatrixTester.cpp:230:(.text+0xa86): relocation truncated to fit: R_X86_64_PC32 against undefined symbol `MatrixTester::testReadSubscript(Matrix const&)'
collect2: error: ld returned 1 exit status
make: *** [makefile:46: lab04.exe] Error 1
"make all" terminated with exit code 2. Build might be incomplete.
13:11:19 **** Incremental Build of configuration Debug for project lab04 ****
make all 
Building file: ../Matrix.cpp
Invoking: Cygwin C++ Compiler
g++ -O0 -g3 -Wall -c -fmessage-length=0 -MMD -MP -MF"Matrix.d" -MT"Matrix.o" -o "Matrix.o" "../Matrix.cpp"
../Matrix.cpp: In member function 'Vec<double>& Matrix::operator[](unsigned int)':
../Matrix.cpp:23:31: error: no match for 'operator!=' (operand types are 'Vec<Vec<double> >' and 'std::nullptr_t')
  if ( index < myRows && myVec != nullptr ) {
                         ~~~~~~^~~~~~~~~~
In file included from ../Matrix.h:10:0,
                 from ../Matrix.cpp:7:
../Vec.h:259:6: note: candidate: bool Vec<Item>::operator!=(const Vec<Item>&) [with Item = Vec<double>]
 bool Vec<Item>::operator!=(const Vec& v2) {
      ^~~~~~~~~
../Vec.h:259:6: note:   no known conversion for argument 1 from 'std::nullptr_t' to 'const Vec<Vec<double> >&'
In file included from /usr/lib/gcc/x86_64-pc-cygwin/7.4.0/include/c++/iosfwd:40:0,
                 from /usr/lib/gcc/x86_64-pc-cygwin/7.4.0/include/c++/ios:38,
                 from /usr/lib/gcc/x86_64-pc-cygwin/7.4.0/include/c++/ostream:38,
                 from /usr/lib/gcc/x86_64-pc-cygwin/7.4.0/include/c++/iostream:39,
                 from ../Vec.h:10,
                 from ../Matrix.h:10,
                 from ../Matrix.cpp:7:
/usr/lib/gcc/x86_64-pc-cygwin/7.4.0/include/c++/bits/postypes.h:221:5: note: candidate: template<class _StateT> bool std::operator!=(const std::fpos<_StateT>&, const std::fpos<_StateT>&)
     operator!=(const fpos<_StateT>& __lhs, const fpos<_StateT>& __rhs)
     ^~~~~~~~
/usr/lib/gcc/x86_64-pc-cygwin/7.4.0/include/c++/bits/postypes.h:221:5: note:   template argument deduction/substitution failed:
../Matrix.cpp:23:34: note:   'Vec<Vec<double> >' is not derived from 'const std::fpos<_StateT>'
  if ( index < myRows && myVec != nullptr ) {
                                  ^~~~~~~
In file included from /usr/lib/gcc/x86_64-pc-cygwin/7.4.0/include/c++/bits/stl_algobase.h:64:0,
                 from /usr/lib/gcc/x86_64-pc-cygwin/7.4.0/include/c++/bits/char_traits.h:39,
                 from /usr/lib/gcc/x86_64-pc-cygwin/7.4.0/include/c++/ios:40,
                 from /usr/lib/gcc/x86_64-pc-cygwin/7.4.0/include/c++/ostream:38,
                 from /usr/lib/gcc/x86_64-pc-cygwin/7.4.0/include/c++/iostream:39,
                 from ../Vec.h:10,
                 from ../Matrix.h:10,
                 from ../Matrix.cpp:7:
/usr/lib/gcc/x86_64-pc-cygwin/7.4.0/include/c++/bits/stl_pair.h:461:5: note: candidate: template<class _T1, class _T2> constexpr bool std::operator!=(const std::pair<_T1, _T2>&, const std::pair<_T1, _T2>&)
     operator!=(const pair<_T1, _T2>& __x, const pair<_T1, _T2>& __y)
     ^~~~~~~~
/usr/lib/gcc/x86_64-pc-cygwin/7.4.0/include/c++/bits/stl_pair.h:461:5: note:   template argument deduction/substitution failed:
../Matrix.cpp:23:34: note:   'Vec<Vec<double> >' is not derived from 'const std::pair<_T1, _T2>'
  if ( index < myRows && myVec != nullptr ) {
                                  ^~~~~~~
In file included from /usr/lib/gcc/x86_64-pc-cygwin/7.4.0/include/c++/bits/stl_algobase.h:67:0,
                 from /usr/lib/gcc/x86_64-pc-cygwin/7.4.0/include/c++/bits/char_traits.h:39,
                 from /usr/lib/gcc/x86_64-pc-cygwin/7.4.0/include/c++/ios:40,
                 from /usr/lib/gcc/x86_64-pc-cygwin/7.4.0/include/c++/ostream:38,
                 from /usr/lib/gcc/x86_64-pc-cygwin/7.4.0/include/c++/iostream:39,
                 from ../Vec.h:10,
                 from ../Matrix.h:10,
                 from ../Matrix.cpp:7:
/usr/lib/gcc/x86_64-pc-cygwin/7.4.0/include/c++/bits/stl_iterator.h:314:5: note: candidate: template<class _Iterator> bool std::operator!=(const std::reverse_iterator<_Iterator>&, const std::reverse_iterator<_Iterator>&)
     operator!=(const reverse_iterator<_Iterator>& __x,
     ^~~~~~~~
/usr/lib/gcc/x86_64-pc-cygwin/7.4.0/include/c++/bits/stl_iterator.h:314:5: note:   template argument deduction/substitution failed:
../Matrix.cpp:23:34: note:   'Vec<Vec<double> >' is not derived from 'const std::reverse_iterator<_Iterator>'
  if ( index < myRows && myVec != nullptr ) {
                                  ^~~~~~~
In file included from /usr/lib/gcc/x86_64-pc-cygwin/7.4.0/include/c++/bits/stl_algobase.h:67:0,
                 from /usr/lib/gcc/x86_64-pc-cygwin/7.4.0/include/c++/bits/char_traits.h:39,
                 from /usr/lib/gcc/x86_64-pc-cygwin/7.4.0/include/c++/ios:40,
                 from /usr/lib/gcc/x86_64-pc-cygwin/7.4.0/include/c++/ostream:38,
                 from /usr/lib/gcc/x86_64-pc-cygwin/7.4.0/include/c++/iostream:39,
                 from ../Vec.h:10,
                 from ../Matrix.h:10,
                 from ../Matrix.cpp:7:
/usr/lib/gcc/x86_64-pc-cygwin/7.4.0/include/c++/bits/stl_iterator.h:352:5: note: candidate: template<class _IteratorL, class _IteratorR> bool std::operator!=(const std::reverse_iterator<_Iterator>&, const std::reverse_iterator<_IteratorR>&)
     operator!=(const reverse_iterator<_IteratorL>& __x,
     ^~~~~~~~
/usr/lib/gcc/x86_64-pc-cygwin/7.4.0/include/c++/bits/stl_iterator.h:352:5: note:   template argument deduction/substitution failed:
../Matrix.cpp:23:34: note:   'Vec<Vec<double> >' is not derived from 'const std::reverse_iterator<_Iterator>'
  if ( index < myRows && myVec != nullptr ) {
                                  ^~~~~~~
In file included from /usr/lib/gcc/x86_64-pc-cygwin/7.4.0/include/c++/bits/stl_algobase.h:67:0,
                 from /usr/lib/gcc/x86_64-pc-cygwin/7.4.0/include/c++/bits/char_traits.h:39,
                 from /usr/lib/gcc/x86_64-pc-cygwin/7.4.0/include/c++/ios:40,
                 from /usr/lib/gcc/x86_64-pc-cygwin/7.4.0/include/c++/ostream:38,
                 from /usr/lib/gcc/x86_64-pc-cygwin/7.4.0/include/c++/iostream:39,
                 from ../Vec.h:10,
                 from ../Matrix.h:10,
                 from ../Matrix.cpp:7:
/usr/lib/gcc/x86_64-pc-cygwin/7.4.0/include/c++/bits/stl_iterator.h:1133:5: note: candidate: template<class _IteratorL, class _IteratorR> bool std::operator!=(const std::move_iterator<_IteratorL>&, const std::move_iterator<_IteratorR>&)
     operator!=(const move_iterator<_IteratorL>& __x,
     ^~~~~~~~
/usr/lib/gcc/x86_64-pc-cygwin/7.4.0/include/c++/bits/stl_iterator.h:1133:5: note:   template argument deduction/substitution failed:
../Matrix.cpp:23:34: note:   'Vec<Vec<double> >' is not derived from 'const std::move_iterator<_IteratorL>'
  if ( index < myRows && myVec != nullptr ) {
                                  ^~~~~~~
In file included from /usr/lib/gcc/x86_64-pc-cygwin/7.4.0/include/c++/bits/stl_algobase.h:67:0,
                 from /usr/lib/gcc/x86_64-pc-cygwin/7.4.0/include/c++/bits/char_traits.h:39,
                 from /usr/lib/gcc/x86_64-pc-cygwin/7.4.0/include/c++/ios:40,
                 from /usr/lib/gcc/x86_64-pc-cygwin/7.4.0/include/c++/ostream:38,
                 from /usr/lib/gcc/x86_64-pc-cygwin/7.4.0/include/c++/iostream:39,
                 from ../Vec.h:10,
                 from ../Matrix.h:10,
                 from ../Matrix.cpp:7:
/usr/lib/gcc/x86_64-pc-cygwin/7.4.0/include/c++/bits/stl_iterator.h:1139:5: note: candidate: template<class _Iterator> bool std::operator!=(const std::move_iterator<_IteratorL>&, const std::move_iterator<_IteratorL>&)
     operator!=(const move_iterator<_Iterator>& __x,
     ^~~~~~~~
/usr/lib/gcc/x86_64-pc-cygwin/7.4.0/include/c++/bits/stl_iterator.h:1139:5: note:   template argument deduction/substitution failed:
../Matrix.cpp:23:34: note:   'Vec<Vec<double> >' is not derived from 'const std::move_iterator<_IteratorL>'
  if ( index < myRows && myVec != nullptr ) {
                                  ^~~~~~~
In file included from /usr/lib/gcc/x86_64-pc-cygwin/7.4.0/include/c++/string:41:0,
                 from /usr/lib/gcc/x86_64-pc-cygwin/7.4.0/include/c++/bits/locale_classes.h:40,
                 from /usr/lib/gcc/x86_64-pc-cygwin/7.4.0/include/c++/bits/ios_base.h:41,
                 from /usr/lib/gcc/x86_64-pc-cygwin/7.4.0/include/c++/ios:42,
                 from /usr/lib/gcc/x86_64-pc-cygwin/7.4.0/include/c++/ostream:38,
                 from /usr/lib/gcc/x86_64-pc-cygwin/7.4.0/include/c++/iostream:39,
                 from ../Vec.h:10,
                 from ../Matrix.h:10,
                 from ../Matrix.cpp:7:
/usr/lib/gcc/x86_64-pc-cygwin/7.4.0/include/c++/bits/allocator.h:158:5: note: candidate: template<class _T1, class _T2> bool std::operator!=(const std::allocator<_CharT>&, const std::allocator<_T2>&)
     operator!=(const allocator<_T1>&, const allocator<_T2>&)
     ^~~~~~~~
/usr/lib/gcc/x86_64-pc-cygwin/7.4.0/include/c++/bits/allocator.h:158:5: note:   template argument deduction/substitution failed:
../Matrix.cpp:23:34: note:   'Vec<Vec<double> >' is not derived from 'const std::allocator<_CharT>'
  if ( index < myRows && myVec != nullptr ) {
                                  ^~~~~~~
In file included from /usr/lib/gcc/x86_64-pc-cygwin/7.4.0/include/c++/string:41:0,
                 from /usr/lib/gcc/x86_64-pc-cygwin/7.4.0/include/c++/bits/locale_classes.h:40,
                 from /usr/lib/gcc/x86_64-pc-cygwin/7.4.0/include/c++/bits/ios_base.h:41,
                 from /usr/lib/gcc/x86_64-pc-cygwin/7.4.0/include/c++/ios:42,
                 from /usr/lib/gcc/x86_64-pc-cygwin/7.4.0/include/c++/ostream:38,
                 from /usr/lib/gcc/x86_64-pc-cygwin/7.4.0/include/c++/iostream:39,
                 from ../Vec.h:10,
                 from ../Matrix.h:10,
                 from ../Matrix.cpp:7:
/usr/lib/gcc/x86_64-pc-cygwin/7.4.0/include/c++/bits/allocator.h:164:5: note: candidate: template<class _Tp> bool std::operator!=(const std::allocator<_CharT>&, const std::allocator<_CharT>&)
     operator!=(const allocator<_Tp>&, const allocator<_Tp>&)
     ^~~~~~~~
/usr/lib/gcc/x86_64-pc-cygwin/7.4.0/include/c++/bits/allocator.h:164:5: note:   template argument deduction/substitution failed:
../Matrix.cpp:23:34: note:   'Vec<Vec<double> >' is not derived from 'const std::allocator<_CharT>'
  if ( index < myRows && myVec != nullptr ) {
                                  ^~~~~~~
In file included from /usr/lib/gcc/x86_64-pc-cygwin/7.4.0/include/c++/string:52:0,
                 from /usr/lib/gcc/x86_64-pc-cygwin/7.4.0/include/c++/bits/locale_classes.h:40,
                 from /usr/lib/gcc/x86_64-pc-cygwin/7.4.0/include/c++/bits/ios_base.h:41,
                 from /usr/lib/gcc/x86_64-pc-cygwin/7.4.0/include/c++/ios:42,
                 from /usr/lib/gcc/x86_64-pc-cygwin/7.4.0/include/c++/ostream:38,
                 from /usr/lib/gcc/x86_64-pc-cygwin/7.4.0/include/c++/iostream:39,
                 from ../Vec.h:10,
                 from ../Matrix.h:10,
                 from ../Matrix.cpp:7:
/usr/lib/gcc/x86_64-pc-cygwin/7.4.0/include/c++/bits/basic_string.h:6056:5: note: candidate: template<class _CharT, class _Traits, class _Alloc> bool std::operator!=(const std::basic_string<_CharT, _Traits, _Alloc>&, const std::basic_string<_CharT, _Traits, _Alloc>&)
     operator!=(const basic_string<_CharT, _Traits, _Alloc>& __lhs,
     ^~~~~~~~
/usr/lib/gcc/x86_64-pc-cygwin/7.4.0/include/c++/bits/basic_string.h:6056:5: note:   template argument deduction/substitution failed:
../Matrix.cpp:23:34: note:   'Vec<Vec<double> >' is not derived from 'const std::basic_string<_CharT, _Traits, _Alloc>'
  if ( index < myRows && myVec != nullptr ) {
                                  ^~~~~~~
In file included from /usr/lib/gcc/x86_64-pc-cygwin/7.4.0/include/c++/string:52:0,
                 from /usr/lib/gcc/x86_64-pc-cygwin/7.4.0/include/c++/bits/locale_classes.h:40,
                 from /usr/lib/gcc/x86_64-pc-cygwin/7.4.0/include/c++/bits/ios_base.h:41,
                 from /usr/lib/gcc/x86_64-pc-cygwin/7.4.0/include/c++/ios:42,
                 from /usr/lib/gcc/x86_64-pc-cygwin/7.4.0/include/c++/ostream:38,
                 from /usr/lib/gcc/x86_64-pc-cygwin/7.4.0/include/c++/iostream:39,
                 from ../Vec.h:10,
                 from ../Matrix.h:10,
                 from ../Matrix.cpp:7:
/usr/lib/gcc/x86_64-pc-cygwin/7.4.0/include/c++/bits/basic_string.h:6069:5: note: candidate: template<class _CharT, class _Traits, class _Alloc> bool std::operator!=(const _CharT*, const std::basic_string<_CharT, _Traits, _Alloc>&)
     operator!=(const _CharT* __lhs,
     ^~~~~~~~
/usr/lib/gcc/x86_64-pc-cygwin/7.4.0/include/c++/bits/basic_string.h:6069:5: note:   template argument deduction/substitution failed:
../Matrix.cpp:23:34: note:   mismatched types 'const _CharT*' and 'Vec<Vec<double> >'
  if ( index < myRows && myVec != nullptr ) {
                                  ^~~~~~~
In file included from /usr/lib/gcc/x86_64-pc-cygwin/7.4.0/include/c++/string:52:0,
                 from /usr/lib/gcc/x86_64-pc-cygwin/7.4.0/include/c++/bits/locale_classes.h:40,
                 from /usr/lib/gcc/x86_64-pc-cygwin/7.4.0/include/c++/bits/ios_base.h:41,
                 from /usr/lib/gcc/x86_64-pc-cygwin/7.4.0/include/c++/ios:42,
                 from /usr/lib/gcc/x86_64-pc-cygwin/7.4.0/include/c++/ostream:38,
                 from /usr/lib/gcc/x86_64-pc-cygwin/7.4.0/include/c++/iostream:39,
                 from ../Vec.h:10,
                 from ../Matrix.h:10,
                 from ../Matrix.cpp:7:
/usr/lib/gcc/x86_64-pc-cygwin/7.4.0/include/c++/bits/basic_string.h:6081:5: note: candidate: template<class _CharT, class _Traits, class _Alloc> bool std::operator!=(const std::basic_string<_CharT, _Traits, _Alloc>&, const _CharT*)
     operator!=(const basic_string<_CharT, _Traits, _Alloc>& __lhs,
     ^~~~~~~~
/usr/lib/gcc/x86_64-pc-cygwin/7.4.0/include/c++/bits/basic_string.h:6081:5: note:   template argument deduction/substitution failed:
../Matrix.cpp:23:34: note:   'Vec<Vec<double> >' is not derived from 'const std::basic_string<_CharT, _Traits, _Alloc>'
  if ( index < myRows && myVec != nullptr ) {
                                  ^~~~~~~
In file included from /usr/lib/gcc/x86_64-pc-cygwin/7.4.0/include/c++/bits/ios_base.h:46:0,
                 from /usr/lib/gcc/x86_64-pc-cygwin/7.4.0/include/c++/ios:42,
                 from /usr/lib/gcc/x86_64-pc-cygwin/7.4.0/include/c++/ostream:38,
                 from /usr/lib/gcc/x86_64-pc-cygwin/7.4.0/include/c++/iostream:39,
                 from ../Vec.h:10,
                 from ../Matrix.h:10,
                 from ../Matrix.cpp:7:
/usr/lib/gcc/x86_64-pc-cygwin/7.4.0/include/c++/system_error:319:3: note: candidate: bool std::operator!=(const std::error_code&, const std::error_code&)
   operator!=(const error_code& __lhs, const error_code& __rhs) noexcept
   ^~~~~~~~
/usr/lib/gcc/x86_64-pc-cygwin/7.4.0/include/c++/system_error:319:3: note:   no known conversion for argument 1 from 'Vec<Vec<double> >' to 'const std::error_code&'
/usr/lib/gcc/x86_64-pc-cygwin/7.4.0/include/c++/system_error:323:3: note: candidate: bool std::operator!=(const std::error_code&, const std::error_condition&)
   operator!=(const error_code& __lhs, const error_condition& __rhs) noexcept
   ^~~~~~~~
/usr/lib/gcc/x86_64-pc-cygwin/7.4.0/include/c++/system_error:323:3: note:   no known conversion for argument 1 from 'Vec<Vec<double> >' to 'const std::error_code&'
/usr/lib/gcc/x86_64-pc-cygwin/7.4.0/include/c++/system_error:327:3: note: candidate: bool std::operator!=(const std::error_condition&, const std::error_code&)
   operator!=(const error_condition& __lhs, const error_code& __rhs) noexcept
   ^~~~~~~~
/usr/lib/gcc/x86_64-pc-cygwin/7.4.0/include/c++/system_error:327:3: note:   no known conversion for argument 1 from 'Vec<Vec<double> >' to 'const std::error_condition&'
/usr/lib/gcc/x86_64-pc-cygwin/7.4.0/include/c++/system_error:331:3: note: candidate: bool std::operator!=(const std::error_condition&, const std::error_condition&)
   operator!=(const error_condition& __lhs,
   ^~~~~~~~
/usr/lib/gcc/x86_64-pc-cygwin/7.4.0/include/c++/system_error:331:3: note:   no known conversion for argument 1 from 'Vec<Vec<double> >' to 'const std::error_condition&'
In file included from /usr/lib/gcc/x86_64-pc-cygwin/7.4.0/include/c++/bits/locale_facets.h:48:0,
                 from /usr/lib/gcc/x86_64-pc-cygwin/7.4.0/include/c++/bits/basic_ios.h:37,
                 from /usr/lib/gcc/x86_64-pc-cygwin/7.4.0/include/c++/ios:44,
                 from /usr/lib/gcc/x86_64-pc-cygwin/7.4.0/include/c++/ostream:38,
                 from /usr/lib/gcc/x86_64-pc-cygwin/7.4.0/include/c++/iostream:39,
                 from ../Vec.h:10,
                 from ../Matrix.h:10,
                 from ../Matrix.cpp:7:
/usr/lib/gcc/x86_64-pc-cygwin/7.4.0/include/c++/bits/streambuf_iterator.h:210:5: note: candidate: template<class _CharT, class _Traits> bool std::operator!=(const std::istreambuf_iterator<_CharT, _Traits>&, const std::istreambuf_iterator<_CharT, _Traits>&)
     operator!=(const istreambuf_iterator<_CharT, _Traits>& __a,
     ^~~~~~~~
/usr/lib/gcc/x86_64-pc-cygwin/7.4.0/include/c++/bits/streambuf_iterator.h:210:5: note:   template argument deduction/substitution failed:
../Matrix.cpp:23:34: note:   'Vec<Vec<double> >' is not derived from 'const std::istreambuf_iterator<_CharT, _Traits>'
  if ( index < myRows && myVec != nullptr ) {
                                  ^~~~~~~
../Matrix.cpp: In member function 'const Vec<double>& Matrix::operator[](unsigned int) const':
../Matrix.cpp:31:20: warning: returning reference to temporary [-Wreturn-local-addr]
  return myVec[index];
                    ^
../Matrix.cpp: In member function 'Vec<double>& Matrix::operator[](unsigned int)':
../Matrix.cpp:28:1: warning: control reaches end of non-void function [-Wreturn-type]
 }
 ^
make: *** [subdir.mk:29: Matrix.o] Error 1
"make all" terminated with exit code 2. Build might be incomplete.
13:11:46 **** Incremental Build of configuration Debug for project lab04 ****
make all 
Building file: ../Matrix.cpp
Invoking: Cygwin C++ Compiler
g++ -O0 -g3 -Wall -c -fmessage-length=0 -MMD -MP -MF"Matrix.d" -MT"Matrix.o" -o "Matrix.o" "../Matrix.cpp"
../Matrix.cpp: In member function 'const Vec<double>& Matrix::operator[](unsigned int) const':
../Matrix.cpp:32:21: warning: returning reference to temporary [-Wreturn-local-addr]
   return myVec[index];
                     ^
Finished building: ../Matrix.cpp
 
Building target: lab04.exe
Invoking: Cygwin C++ Linker
g++  -o "lab04.exe"  ./Matrix.o ./MatrixTester.o ./VecTester.o ./tester.o   
./MatrixTester.o: In function `MatrixTester::testSubscripts()':
/cygdrive/c/Users/Sasschary/eclipse-workspace/CS112Workspace/lab04/Debug/../MatrixTester.cpp:230: undefined reference to `MatrixTester::testReadSubscript(Matrix const&)'
/cygdrive/c/Users/Sasschary/eclipse-workspace/CS112Workspace/lab04/Debug/../MatrixTester.cpp:230:(.text+0xa86): relocation truncated to fit: R_X86_64_PC32 against undefined symbol `MatrixTester::testReadSubscript(Matrix const&)'
collect2: error: ld returned 1 exit status
make: *** [makefile:46: lab04.exe] Error 1
"make all" terminated with exit code 2. Build might be incomplete.
13:12:04 **** Incremental Build of configuration Debug for project lab04 ****
make all 
Building target: lab04.exe
Invoking: Cygwin C++ Linker
g++  -o "lab04.exe"  ./Matrix.o ./MatrixTester.o ./VecTester.o ./tester.o   
./MatrixTester.o: In function `MatrixTester::testSubscripts()':
/cygdrive/c/Users/Sasschary/eclipse-workspace/CS112Workspace/lab04/Debug/../MatrixTester.cpp:230: undefined reference to `MatrixTester::testReadSubscript(Matrix const&)'
/cygdrive/c/Users/Sasschary/eclipse-workspace/CS112Workspace/lab04/Debug/../MatrixTester.cpp:230:(.text+0xa86): relocation truncated to fit: R_X86_64_PC32 against undefined symbol `MatrixTester::testReadSubscript(Matrix const&)'
collect2: error: ld returned 1 exit status
make: *** [makefile:46: lab04.exe] Error 1
"make all" terminated with exit code 2. Build might be incomplete.
13:13:33 **** Incremental Build of configuration Debug for project lab04 ****
make all 
Building file: ../MatrixTester.cpp
Invoking: Cygwin C++ Compiler
g++ -O0 -g3 -Wall -c -fmessage-length=0 -MMD -MP -MF"MatrixTester.d" -MT"MatrixTester.o" -o "MatrixTester.o" "../MatrixTester.cpp"
../MatrixTester.cpp: In member function 'void MatrixTester::testReadSubscript(const Matrix&)':
../MatrixTester.cpp:211:39: error: passing 'const Matrix' as 'this' argument discards qualifiers [-fpermissive]
  for (unsigned i = 0; i < mat.getRows(); i++) {
                                       ^
In file included from ../MatrixTester.h:8:0,
                 from ../MatrixTester.cpp:5:
../Matrix.h:23:11: note:   in call to 'unsigned int Matrix::getRows()'
  unsigned getRows() { return myRows; }
           ^~~~~~~
../MatrixTester.cpp:212:43: error: passing 'const Matrix' as 'this' argument discards qualifiers [-fpermissive]
   for (unsigned j = 0; j < mat.getColumns(); j++) {
                                           ^
In file included from ../MatrixTester.h:8:0,
                 from ../MatrixTester.cpp:5:
../Matrix.h:24:11: note:   in call to 'unsigned int Matrix::getColumns()'
  unsigned getColumns() { return myColumns; }
           ^~~~~~~~~~
make: *** [subdir.mk:29: MatrixTester.o] Error 1
"make all" terminated with exit code 2. Build might be incomplete.
13:16:55 **** Incremental Build of configuration Debug for project lab04 ****
make all 
Building file: ../Matrix.cpp
Invoking: Cygwin C++ Compiler
g++ -O0 -g3 -Wall -c -fmessage-length=0 -MMD -MP -MF"Matrix.d" -MT"Matrix.o" -o "Matrix.o" "../Matrix.cpp"
../Matrix.cpp: In member function 'Vec<double>& Matrix::operator[](unsigned int) const':
../Matrix.cpp:32:21: error: cannot bind non-const lvalue reference of type 'Vec<double>&' to an rvalue of type 'Vec<double>'
   return myVec[index];
                     ^
make: *** [subdir.mk:29: Matrix.o] Error 1
"make all" terminated with exit code 2. Build might be incomplete.
13:18:12 **** Incremental Build of configuration Debug for project lab04 ****
make all 
Building file: ../Matrix.cpp
Invoking: Cygwin C++ Compiler
g++ -O0 -g3 -Wall -c -fmessage-length=0 -MMD -MP -MF"Matrix.d" -MT"Matrix.o" -o "Matrix.o" "../Matrix.cpp"
../Matrix.cpp: In member function 'const Vec<double>& Matrix::operator[](unsigned int) const':
../Matrix.cpp:32:21: warning: returning reference to temporary [-Wreturn-local-addr]
   return myVec[index];
                     ^
Finished building: ../Matrix.cpp
 
Building file: ../MatrixTester.cpp
Invoking: Cygwin C++ Compiler
g++ -O0 -g3 -Wall -c -fmessage-length=0 -MMD -MP -MF"MatrixTester.d" -MT"MatrixTester.o" -o "MatrixTester.o" "../MatrixTester.cpp"
../MatrixTester.cpp: In member function 'void MatrixTester::testReadSubscript(const Matrix&)':
../MatrixTester.cpp:211:39: error: passing 'const Matrix' as 'this' argument discards qualifiers [-fpermissive]
  for (unsigned i = 0; i < mat.getRows(); i++) {
                                       ^
In file included from ../MatrixTester.h:8:0,
                 from ../MatrixTester.cpp:5:
../Matrix.h:23:11: note:   in call to 'unsigned int Matrix::getRows()'
  unsigned getRows() { return myRows; }
           ^~~~~~~
../MatrixTester.cpp:212:43: error: passing 'const Matrix' as 'this' argument discards qualifiers [-fpermissive]
   for (unsigned j = 0; j < mat.getColumns(); j++) {
                                           ^
In file included from ../MatrixTester.h:8:0,
                 from ../MatrixTester.cpp:5:
../Matrix.h:24:11: note:   in call to 'unsigned int Matrix::getColumns()'
  unsigned getColumns() { return myColumns; }
           ^~~~~~~~~~
make: *** [subdir.mk:29: MatrixTester.o] Error 1
"make all" terminated with exit code 2. Build might be incomplete.
13:18:31 **** Incremental Build of configuration Debug for project lab04 ****
make all 
Building file: ../MatrixTester.cpp
Invoking: Cygwin C++ Compiler
g++ -O0 -g3 -Wall -c -fmessage-length=0 -MMD -MP -MF"MatrixTester.d" -MT"MatrixTester.o" -o "MatrixTester.o" "../MatrixTester.cpp"
../MatrixTester.cpp: In member function 'void MatrixTester::testReadSubscript(const Matrix&)':
../MatrixTester.cpp:211:39: error: passing 'const Matrix' as 'this' argument discards qualifiers [-fpermissive]
  for (unsigned i = 0; i < mat.getRows(); i++) {
                                       ^
In file included from ../MatrixTester.h:8:0,
                 from ../MatrixTester.cpp:5:
../Matrix.h:23:11: note:   in call to 'unsigned int Matrix::getRows()'
  unsigned getRows() { return myRows; }
           ^~~~~~~
../MatrixTester.cpp:212:43: error: passing 'const Matrix' as 'this' argument discards qualifiers [-fpermissive]
   for (unsigned j = 0; j < mat.getColumns(); j++) {
                                           ^
In file included from ../MatrixTester.h:8:0,
                 from ../MatrixTester.cpp:5:
../Matrix.h:24:11: note:   in call to 'unsigned int Matrix::getColumns()'
  unsigned getColumns() { return myColumns; }
           ^~~~~~~~~~
make: *** [subdir.mk:29: MatrixTester.o] Error 1
"make all" terminated with exit code 2. Build might be incomplete.
13:19:56 **** Incremental Build of configuration Debug for project lab04 ****
make all 
Building file: ../Matrix.cpp
Invoking: Cygwin C++ Compiler
g++ -O0 -g3 -Wall -c -fmessage-length=0 -MMD -MP -MF"Matrix.d" -MT"Matrix.o" -o "Matrix.o" "../Matrix.cpp"
In file included from ../Matrix.h:10:0,
                 from ../Matrix.cpp:7:
../Vec.h:229:12: error: prototype for 'const Item Vec<Item>::operator[](unsigned int) const' does not match any in class 'Vec<Item>'
 const Item Vec<Item>::operator[](unsigned index) const {
            ^~~~~~~~~
../Vec.h:32:8: error: candidates are: Item& Vec<Item>::operator[](unsigned int)
  Item& operator[](unsigned index);
        ^~~~~~~~
../Vec.h:31:7: error:                 Item Vec<Item>::operator[](unsigned int) const
  Item operator[](unsigned index) const;
       ^~~~~~~~
../Matrix.cpp: In member function 'const Vec<double>& Matrix::operator[](unsigned int) const':
../Matrix.cpp:32:21: warning: returning reference to temporary [-Wreturn-local-addr]
   return myVec[index];
                     ^
make: *** [subdir.mk:29: Matrix.o] Error 1
"make all" terminated with exit code 2. Build might be incomplete.
13:20:11 **** Incremental Build of configuration Debug for project lab04 ****
make all 
Building file: ../Matrix.cpp
Invoking: Cygwin C++ Compiler
g++ -O0 -g3 -Wall -c -fmessage-length=0 -MMD -MP -MF"Matrix.d" -MT"Matrix.o" -o "Matrix.o" "../Matrix.cpp"
../Matrix.cpp: In member function 'const Vec<double>& Matrix::operator[](unsigned int) const':
../Matrix.cpp:32:21: warning: returning reference to temporary [-Wreturn-local-addr]
   return myVec[index];
                     ^
Finished building: ../Matrix.cpp
 
Building file: ../MatrixTester.cpp
Invoking: Cygwin C++ Compiler
g++ -O0 -g3 -Wall -c -fmessage-length=0 -MMD -MP -MF"MatrixTester.d" -MT"MatrixTester.o" -o "MatrixTester.o" "../MatrixTester.cpp"
../MatrixTester.cpp: In member function 'void MatrixTester::testReadSubscript(const Matrix&)':
../MatrixTester.cpp:211:39: error: passing 'const Matrix' as 'this' argument discards qualifiers [-fpermissive]
  for (unsigned i = 0; i < mat.getRows(); i++) {
                                       ^
In file included from ../MatrixTester.h:8:0,
                 from ../MatrixTester.cpp:5:
../Matrix.h:23:11: note:   in call to 'unsigned int Matrix::getRows()'
  unsigned getRows() { return myRows; }
           ^~~~~~~
../MatrixTester.cpp:212:43: error: passing 'const Matrix' as 'this' argument discards qualifiers [-fpermissive]
   for (unsigned j = 0; j < mat.getColumns(); j++) {
                                           ^
In file included from ../MatrixTester.h:8:0,
                 from ../MatrixTester.cpp:5:
../Matrix.h:24:11: note:   in call to 'unsigned int Matrix::getColumns()'
  unsigned getColumns() { return myColumns; }
           ^~~~~~~~~~
make: *** [subdir.mk:29: MatrixTester.o] Error 1
"make all" terminated with exit code 2. Build might be incomplete.
13:20:45 **** Incremental Build of configuration Debug for project lab04 ****
make all 
Building file: ../Matrix.cpp
Invoking: Cygwin C++ Compiler
g++ -O0 -g3 -Wall -c -fmessage-length=0 -MMD -MP -MF"Matrix.d" -MT"Matrix.o" -o "Matrix.o" "../Matrix.cpp"
Finished building: ../Matrix.cpp
 
Building file: ../MatrixTester.cpp
Invoking: Cygwin C++ Compiler
g++ -O0 -g3 -Wall -c -fmessage-length=0 -MMD -MP -MF"MatrixTester.d" -MT"MatrixTester.o" -o "MatrixTester.o" "../MatrixTester.cpp"
../MatrixTester.cpp: In member function 'void MatrixTester::testReadSubscript(const Matrix&)':
../MatrixTester.cpp:211:39: error: passing 'const Matrix' as 'this' argument discards qualifiers [-fpermissive]
  for (unsigned i = 0; i < mat.getRows(); i++) {
                                       ^
In file included from ../MatrixTester.h:8:0,
                 from ../MatrixTester.cpp:5:
../Matrix.h:23:11: note:   in call to 'unsigned int Matrix::getRows()'
  unsigned getRows() { return myRows; }
           ^~~~~~~
../MatrixTester.cpp:212:43: error: passing 'const Matrix' as 'this' argument discards qualifiers [-fpermissive]
   for (unsigned j = 0; j < mat.getColumns(); j++) {
                                           ^
In file included from ../MatrixTester.h:8:0,
                 from ../MatrixTester.cpp:5:
../Matrix.h:24:11: note:   in call to 'unsigned int Matrix::getColumns()'
  unsigned getColumns() { return myColumns; }
           ^~~~~~~~~~
make: *** [subdir.mk:29: MatrixTester.o] Error 1
"make all" terminated with exit code 2. Build might be incomplete.
13:21:56 **** Incremental Build of configuration Debug for project lab04 ****
make all 
Building file: ../Matrix.cpp
Invoking: Cygwin C++ Compiler
g++ -O0 -g3 -Wall -c -fmessage-length=0 -MMD -MP -MF"Matrix.d" -MT"Matrix.o" -o "Matrix.o" "../Matrix.cpp"
Finished building: ../Matrix.cpp
 
Building file: ../MatrixTester.cpp
Invoking: Cygwin C++ Compiler
g++ -O0 -g3 -Wall -c -fmessage-length=0 -MMD -MP -MF"MatrixTester.d" -MT"MatrixTester.o" -o "MatrixTester.o" "../MatrixTester.cpp"
Finished building: ../MatrixTester.cpp
 
Building file: ../VecTester.cpp
Invoking: Cygwin C++ Compiler
g++ -O0 -g3 -Wall -c -fmessage-length=0 -MMD -MP -MF"VecTester.d" -MT"VecTester.o" -o "VecTester.o" "../VecTester.cpp"
Finished building: ../VecTester.cpp
 
Building file: ../tester.cpp
Invoking: Cygwin C++ Compiler
g++ -O0 -g3 -Wall -c -fmessage-length=0 -MMD -MP -MF"tester.d" -MT"tester.o" -o "tester.o" "../tester.cpp"
Finished building: ../tester.cpp
 
Building target: lab04.exe
Invoking: Cygwin C++ Linker
g++  -o "lab04.exe"  ./Matrix.o ./MatrixTester.o ./VecTester.o ./tester.o   
Finished building target: lab04.exe
 
13:22:49 **** Incremental Build of configuration Debug for project lab04 ****
make all 
Building file: ../MatrixTester.cpp
Invoking: Cygwin C++ Compiler
g++ -O0 -g3 -Wall -c -fmessage-length=0 -MMD -MP -MF"MatrixTester.d" -MT"MatrixTester.o" -o "MatrixTester.o" "../MatrixTester.cpp"
Finished building: ../MatrixTester.cpp
 
Building target: lab04.exe
Invoking: Cygwin C++ Linker
g++  -o "lab04.exe"  ./Matrix.o ./MatrixTester.o ./VecTester.o ./tester.o   
Finished building target: lab04.exe
 
13:23:36 **** Incremental Build of configuration Debug for project lab04 ****
make all 
Building file: ../MatrixTester.cpp
Invoking: Cygwin C++ Compiler
g++ -O0 -g3 -Wall -c -fmessage-length=0 -MMD -MP -MF"MatrixTester.d" -MT"MatrixTester.o" -o "MatrixTester.o" "../MatrixTester.cpp"
In file included from /usr/lib/gcc/x86_64-pc-cygwin/7.4.0/include/c++/cassert:44:0,
                 from ../Vec.h:12,
                 from ../Matrix.h:10,
                 from ../MatrixTester.h:8,
                 from ../MatrixTester.cpp:5:
../MatrixTester.cpp: In member function 'void MatrixTester::testEquality()':
../MatrixTester.cpp:173:13: error: no match for 'operator==' (operand types are 'Matrix' and 'Matrix')
  assert( m1 == m2 );
          ~~~^~~~
In file included from /usr/lib/gcc/x86_64-pc-cygwin/7.4.0/include/c++/iosfwd:40:0,
                 from /usr/lib/gcc/x86_64-pc-cygwin/7.4.0/include/c++/ios:38,
                 from /usr/lib/gcc/x86_64-pc-cygwin/7.4.0/include/c++/ostream:38,
                 from /usr/lib/gcc/x86_64-pc-cygwin/7.4.0/include/c++/iostream:39,
                 from ../Vec.h:10,
                 from ../Matrix.h:10,
                 from ../MatrixTester.h:8,
                 from ../MatrixTester.cpp:5:
/usr/lib/gcc/x86_64-pc-cygwin/7.4.0/include/c++/bits/postypes.h:216:5: note: candidate: template<class _StateT> bool std::operator==(const std::fpos<_StateT>&, const std::fpos<_StateT>&)
     operator==(const fpos<_StateT>& __lhs, const fpos<_StateT>& __rhs)
     ^~~~~~~~
/usr/lib/gcc/x86_64-pc-cygwin/7.4.0/include/c++/bits/postypes.h:216:5: note:   template argument deduction/substitution failed:
In file included from /usr/lib/gcc/x86_64-pc-cygwin/7.4.0/include/c++/cassert:44:0,
                 from ../Vec.h:12,
                 from ../Matrix.h:10,
                 from ../MatrixTester.h:8,
                 from ../MatrixTester.cpp:5:
../MatrixTester.cpp:173:16: note:   'Matrix' is not derived from 'const std::fpos<_StateT>'
  assert( m1 == m2 );
                ^
In file included from /usr/lib/gcc/x86_64-pc-cygwin/7.4.0/include/c++/bits/stl_algobase.h:64:0,
                 from /usr/lib/gcc/x86_64-pc-cygwin/7.4.0/include/c++/bits/char_traits.h:39,
                 from /usr/lib/gcc/x86_64-pc-cygwin/7.4.0/include/c++/ios:40,
                 from /usr/lib/gcc/x86_64-pc-cygwin/7.4.0/include/c++/ostream:38,
                 from /usr/lib/gcc/x86_64-pc-cygwin/7.4.0/include/c++/iostream:39,
                 from ../Vec.h:10,
                 from ../Matrix.h:10,
                 from ../MatrixTester.h:8,
                 from ../MatrixTester.cpp:5:
/usr/lib/gcc/x86_64-pc-cygwin/7.4.0/include/c++/bits/stl_pair.h:448:5: note: candidate: template<class _T1, class _T2> constexpr bool std::operator==(const std::pair<_T1, _T2>&, const std::pair<_T1, _T2>&)
     operator==(const pair<_T1, _T2>& __x, const pair<_T1, _T2>& __y)
     ^~~~~~~~
/usr/lib/gcc/x86_64-pc-cygwin/7.4.0/include/c++/bits/stl_pair.h:448:5: note:   template argument deduction/substitution failed:
In file included from /usr/lib/gcc/x86_64-pc-cygwin/7.4.0/include/c++/cassert:44:0,
                 from ../Vec.h:12,
                 from ../Matrix.h:10,
                 from ../MatrixTester.h:8,
                 from ../MatrixTester.cpp:5:
../MatrixTester.cpp:173:16: note:   'Matrix' is not derived from 'const std::pair<_T1, _T2>'
  assert( m1 == m2 );
                ^
In file included from /usr/lib/gcc/x86_64-pc-cygwin/7.4.0/include/c++/bits/stl_algobase.h:67:0,
                 from /usr/lib/gcc/x86_64-pc-cygwin/7.4.0/include/c++/bits/char_traits.h:39,
                 from /usr/lib/gcc/x86_64-pc-cygwin/7.4.0/include/c++/ios:40,
                 from /usr/lib/gcc/x86_64-pc-cygwin/7.4.0/include/c++/ostream:38,
                 from /usr/lib/gcc/x86_64-pc-cygwin/7.4.0/include/c++/iostream:39,
                 from ../Vec.h:10,
                 from ../Matrix.h:10,
                 from ../MatrixTester.h:8,
                 from ../MatrixTester.cpp:5:
/usr/lib/gcc/x86_64-pc-cygwin/7.4.0/include/c++/bits/stl_iterator.h:302:5: note: candidate: template<class _Iterator> bool std::operator==(const std::reverse_iterator<_Iterator>&, const std::reverse_iterator<_Iterator>&)
     operator==(const reverse_iterator<_Iterator>& __x,
     ^~~~~~~~
/usr/lib/gcc/x86_64-pc-cygwin/7.4.0/include/c++/bits/stl_iterator.h:302:5: note:   template argument deduction/substitution failed:
In file included from /usr/lib/gcc/x86_64-pc-cygwin/7.4.0/include/c++/cassert:44:0,
                 from ../Vec.h:12,
                 from ../Matrix.h:10,
                 from ../MatrixTester.h:8,
                 from ../MatrixTester.cpp:5:
../MatrixTester.cpp:173:16: note:   'Matrix' is not derived from 'const std::reverse_iterator<_Iterator>'
  assert( m1 == m2 );
                ^
In file included from /usr/lib/gcc/x86_64-pc-cygwin/7.4.0/include/c++/bits/stl_algobase.h:67:0,
                 from /usr/lib/gcc/x86_64-pc-cygwin/7.4.0/include/c++/bits/char_traits.h:39,
                 from /usr/lib/gcc/x86_64-pc-cygwin/7.4.0/include/c++/ios:40,
                 from /usr/lib/gcc/x86_64-pc-cygwin/7.4.0/include/c++/ostream:38,
                 from /usr/lib/gcc/x86_64-pc-cygwin/7.4.0/include/c++/iostream:39,
                 from ../Vec.h:10,
                 from ../Matrix.h:10,
                 from ../MatrixTester.h:8,
                 from ../MatrixTester.cpp:5:
/usr/lib/gcc/x86_64-pc-cygwin/7.4.0/include/c++/bits/stl_iterator.h:340:5: note: candidate: template<class _IteratorL, class _IteratorR> bool std::operator==(const std::reverse_iterator<_Iterator>&, const std::reverse_iterator<_IteratorR>&)
     operator==(const reverse_iterator<_IteratorL>& __x,
     ^~~~~~~~
/usr/lib/gcc/x86_64-pc-cygwin/7.4.0/include/c++/bits/stl_iterator.h:340:5: note:   template argument deduction/substitution failed:
In file included from /usr/lib/gcc/x86_64-pc-cygwin/7.4.0/include/c++/cassert:44:0,
                 from ../Vec.h:12,
                 from ../Matrix.h:10,
                 from ../MatrixTester.h:8,
                 from ../MatrixTester.cpp:5:
../MatrixTester.cpp:173:16: note:   'Matrix' is not derived from 'const std::reverse_iterator<_Iterator>'
  assert( m1 == m2 );
                ^
In file included from /usr/lib/gcc/x86_64-pc-cygwin/7.4.0/include/c++/bits/stl_algobase.h:67:0,
                 from /usr/lib/gcc/x86_64-pc-cygwin/7.4.0/include/c++/bits/char_traits.h:39,
                 from /usr/lib/gcc/x86_64-pc-cygwin/7.4.0/include/c++/ios:40,
                 from /usr/lib/gcc/x86_64-pc-cygwin/7.4.0/include/c++/ostream:38,
                 from /usr/lib/gcc/x86_64-pc-cygwin/7.4.0/include/c++/iostream:39,
                 from ../Vec.h:10,
                 from ../Matrix.h:10,
                 from ../MatrixTester.h:8,
                 from ../MatrixTester.cpp:5:
/usr/lib/gcc/x86_64-pc-cygwin/7.4.0/include/c++/bits/stl_iterator.h:1121:5: note: candidate: template<class _IteratorL, class _IteratorR> bool std::operator==(const std::move_iterator<_IteratorL>&, const std::move_iterator<_IteratorR>&)
     operator==(const move_iterator<_IteratorL>& __x,
     ^~~~~~~~
/usr/lib/gcc/x86_64-pc-cygwin/7.4.0/include/c++/bits/stl_iterator.h:1121:5: note:   template argument deduction/substitution failed:
In file included from /usr/lib/gcc/x86_64-pc-cygwin/7.4.0/include/c++/cassert:44:0,
                 from ../Vec.h:12,
                 from ../Matrix.h:10,
                 from ../MatrixTester.h:8,
                 from ../MatrixTester.cpp:5:
../MatrixTester.cpp:173:16: note:   'Matrix' is not derived from 'const std::move_iterator<_IteratorL>'
  assert( m1 == m2 );
                ^
In file included from /usr/lib/gcc/x86_64-pc-cygwin/7.4.0/include/c++/bits/stl_algobase.h:67:0,
                 from /usr/lib/gcc/x86_64-pc-cygwin/7.4.0/include/c++/bits/char_traits.h:39,
                 from /usr/lib/gcc/x86_64-pc-cygwin/7.4.0/include/c++/ios:40,
                 from /usr/lib/gcc/x86_64-pc-cygwin/7.4.0/include/c++/ostream:38,
                 from /usr/lib/gcc/x86_64-pc-cygwin/7.4.0/include/c++/iostream:39,
                 from ../Vec.h:10,
                 from ../Matrix.h:10,
                 from ../MatrixTester.h:8,
                 from ../MatrixTester.cpp:5:
/usr/lib/gcc/x86_64-pc-cygwin/7.4.0/include/c++/bits/stl_iterator.h:1127:5: note: candidate: template<class _Iterator> bool std::operator==(const std::move_iterator<_IteratorL>&, const std::move_iterator<_IteratorL>&)
     operator==(const move_iterator<_Iterator>& __x,
     ^~~~~~~~
/usr/lib/gcc/x86_64-pc-cygwin/7.4.0/include/c++/bits/stl_iterator.h:1127:5: note:   template argument deduction/substitution failed:
In file included from /usr/lib/gcc/x86_64-pc-cygwin/7.4.0/include/c++/cassert:44:0,
                 from ../Vec.h:12,
                 from ../Matrix.h:10,
                 from ../MatrixTester.h:8,
                 from ../MatrixTester.cpp:5:
../MatrixTester.cpp:173:16: note:   'Matrix' is not derived from 'const std::move_iterator<_IteratorL>'
  assert( m1 == m2 );
                ^
In file included from /usr/lib/gcc/x86_64-pc-cygwin/7.4.0/include/c++/string:41:0,
                 from /usr/lib/gcc/x86_64-pc-cygwin/7.4.0/include/c++/bits/locale_classes.h:40,
                 from /usr/lib/gcc/x86_64-pc-cygwin/7.4.0/include/c++/bits/ios_base.h:41,
                 from /usr/lib/gcc/x86_64-pc-cygwin/7.4.0/include/c++/ios:42,
                 from /usr/lib/gcc/x86_64-pc-cygwin/7.4.0/include/c++/ostream:38,
                 from /usr/lib/gcc/x86_64-pc-cygwin/7.4.0/include/c++/iostream:39,
                 from ../Vec.h:10,
                 from ../Matrix.h:10,
                 from ../MatrixTester.h:8,
                 from ../MatrixTester.cpp:5:
/usr/lib/gcc/x86_64-pc-cygwin/7.4.0/include/c++/bits/allocator.h:146:5: note: candidate: template<class _T1, class _T2> bool std::operator==(const std::allocator<_CharT>&, const std::allocator<_T2>&)
     operator==(const allocator<_T1>&, const allocator<_T2>&)
     ^~~~~~~~
/usr/lib/gcc/x86_64-pc-cygwin/7.4.0/include/c++/bits/allocator.h:146:5: note:   template argument deduction/substitution failed:
In file included from /usr/lib/gcc/x86_64-pc-cygwin/7.4.0/include/c++/cassert:44:0,
                 from ../Vec.h:12,
                 from ../Matrix.h:10,
                 from ../MatrixTester.h:8,
                 from ../MatrixTester.cpp:5:
../MatrixTester.cpp:173:16: note:   'Matrix' is not derived from 'const std::allocator<_CharT>'
  assert( m1 == m2 );
                ^
In file included from /usr/lib/gcc/x86_64-pc-cygwin/7.4.0/include/c++/string:41:0,
                 from /usr/lib/gcc/x86_64-pc-cygwin/7.4.0/include/c++/bits/locale_classes.h:40,
                 from /usr/lib/gcc/x86_64-pc-cygwin/7.4.0/include/c++/bits/ios_base.h:41,
                 from /usr/lib/gcc/x86_64-pc-cygwin/7.4.0/include/c++/ios:42,
                 from /usr/lib/gcc/x86_64-pc-cygwin/7.4.0/include/c++/ostream:38,
                 from /usr/lib/gcc/x86_64-pc-cygwin/7.4.0/include/c++/iostream:39,
                 from ../Vec.h:10,
                 from ../Matrix.h:10,
                 from ../MatrixTester.h:8,
                 from ../MatrixTester.cpp:5:
/usr/lib/gcc/x86_64-pc-cygwin/7.4.0/include/c++/bits/allocator.h:152:5: note: candidate: template<class _Tp> bool std::operator==(const std::allocator<_CharT>&, const std::allocator<_CharT>&)
     operator==(const allocator<_Tp>&, const allocator<_Tp>&)
     ^~~~~~~~
/usr/lib/gcc/x86_64-pc-cygwin/7.4.0/include/c++/bits/allocator.h:152:5: note:   template argument deduction/substitution failed:
In file included from /usr/lib/gcc/x86_64-pc-cygwin/7.4.0/include/c++/cassert:44:0,
                 from ../Vec.h:12,
                 from ../Matrix.h:10,
                 from ../MatrixTester.h:8,
                 from ../MatrixTester.cpp:5:
../MatrixTester.cpp:173:16: note:   'Matrix' is not derived from 'const std::allocator<_CharT>'
  assert( m1 == m2 );
                ^
In file included from /usr/lib/gcc/x86_64-pc-cygwin/7.4.0/include/c++/string:52:0,
                 from /usr/lib/gcc/x86_64-pc-cygwin/7.4.0/include/c++/bits/locale_classes.h:40,
                 from /usr/lib/gcc/x86_64-pc-cygwin/7.4.0/include/c++/bits/ios_base.h:41,
                 from /usr/lib/gcc/x86_64-pc-cygwin/7.4.0/include/c++/ios:42,
                 from /usr/lib/gcc/x86_64-pc-cygwin/7.4.0/include/c++/ostream:38,
                 from /usr/lib/gcc/x86_64-pc-cygwin/7.4.0/include/c++/iostream:39,
                 from ../Vec.h:10,
                 from ../Matrix.h:10,
                 from ../MatrixTester.h:8,
                 from ../MatrixTester.cpp:5:
/usr/lib/gcc/x86_64-pc-cygwin/7.4.0/include/c++/bits/basic_string.h:6009:5: note: candidate: template<class _CharT, class _Traits, class _Alloc> bool std::operator==(const std::basic_string<_CharT, _Traits, _Alloc>&, const std::basic_string<_CharT, _Traits, _Alloc>&)
     operator==(const basic_string<_CharT, _Traits, _Alloc>& __lhs,
     ^~~~~~~~
/usr/lib/gcc/x86_64-pc-cygwin/7.4.0/include/c++/bits/basic_string.h:6009:5: note:   template argument deduction/substitution failed:
In file included from /usr/lib/gcc/x86_64-pc-cygwin/7.4.0/include/c++/cassert:44:0,
                 from ../Vec.h:12,
                 from ../Matrix.h:10,
                 from ../MatrixTester.h:8,
                 from ../MatrixTester.cpp:5:
../MatrixTester.cpp:173:16: note:   'Matrix' is not derived from 'const std::basic_string<_CharT, _Traits, _Alloc>'
  assert( m1 == m2 );
                ^
In file included from /usr/lib/gcc/x86_64-pc-cygwin/7.4.0/include/c++/string:52:0,
                 from /usr/lib/gcc/x86_64-pc-cygwin/7.4.0/include/c++/bits/locale_classes.h:40,
                 from /usr/lib/gcc/x86_64-pc-cygwin/7.4.0/include/c++/bits/ios_base.h:41,
                 from /usr/lib/gcc/x86_64-pc-cygwin/7.4.0/include/c++/ios:42,
                 from /usr/lib/gcc/x86_64-pc-cygwin/7.4.0/include/c++/ostream:38,
                 from /usr/lib/gcc/x86_64-pc-cygwin/7.4.0/include/c++/iostream:39,
                 from ../Vec.h:10,
                 from ../Matrix.h:10,
                 from ../MatrixTester.h:8,
                 from ../MatrixTester.cpp:5:
/usr/lib/gcc/x86_64-pc-cygwin/7.4.0/include/c++/bits/basic_string.h:6017:5: note: candidate: template<class _CharT> typename __gnu_cxx::__enable_if<std::__is_char<_Tp>::__value, bool>::__type std::operator==(const std::basic_string<_CharT>&, const std::basic_string<_CharT>&)
     operator==(const basic_string<_CharT>& __lhs,
     ^~~~~~~~
/usr/lib/gcc/x86_64-pc-cygwin/7.4.0/include/c++/bits/basic_string.h:6017:5: note:   template argument deduction/substitution failed:
In file included from /usr/lib/gcc/x86_64-pc-cygwin/7.4.0/include/c++/cassert:44:0,
                 from ../Vec.h:12,
                 from ../Matrix.h:10,
                 from ../MatrixTester.h:8,
                 from ../MatrixTester.cpp:5:
../MatrixTester.cpp:173:16: note:   'Matrix' is not derived from 'const std::basic_string<_CharT>'
  assert( m1 == m2 );
                ^
In file included from /usr/lib/gcc/x86_64-pc-cygwin/7.4.0/include/c++/string:52:0,
                 from /usr/lib/gcc/x86_64-pc-cygwin/7.4.0/include/c++/bits/locale_classes.h:40,
                 from /usr/lib/gcc/x86_64-pc-cygwin/7.4.0/include/c++/bits/ios_base.h:41,
                 from /usr/lib/gcc/x86_64-pc-cygwin/7.4.0/include/c++/ios:42,
                 from /usr/lib/gcc/x86_64-pc-cygwin/7.4.0/include/c++/ostream:38,
                 from /usr/lib/gcc/x86_64-pc-cygwin/7.4.0/include/c++/iostream:39,
                 from ../Vec.h:10,
                 from ../Matrix.h:10,
                 from ../MatrixTester.h:8,
                 from ../MatrixTester.cpp:5:
/usr/lib/gcc/x86_64-pc-cygwin/7.4.0/include/c++/bits/basic_string.h:6031:5: note: candidate: template<class _CharT, class _Traits, class _Alloc> bool std::operator==(const _CharT*, const std::basic_string<_CharT, _Traits, _Alloc>&)
     operator==(const _CharT* __lhs,
     ^~~~~~~~
/usr/lib/gcc/x86_64-pc-cygwin/7.4.0/include/c++/bits/basic_string.h:6031:5: note:   template argument deduction/substitution failed:
In file included from /usr/lib/gcc/x86_64-pc-cygwin/7.4.0/include/c++/cassert:44:0,
                 from ../Vec.h:12,
                 from ../Matrix.h:10,
                 from ../MatrixTester.h:8,
                 from ../MatrixTester.cpp:5:
../MatrixTester.cpp:173:16: note:   mismatched types 'const _CharT*' and 'Matrix'
  assert( m1 == m2 );
                ^
In file included from /usr/lib/gcc/x86_64-pc-cygwin/7.4.0/include/c++/string:52:0,
                 from /usr/lib/gcc/x86_64-pc-cygwin/7.4.0/include/c++/bits/locale_classes.h:40,
                 from /usr/lib/gcc/x86_64-pc-cygwin/7.4.0/include/c++/bits/ios_base.h:41,
                 from /usr/lib/gcc/x86_64-pc-cygwin/7.4.0/include/c++/ios:42,
                 from /usr/lib/gcc/x86_64-pc-cygwin/7.4.0/include/c++/ostream:38,
                 from /usr/lib/gcc/x86_64-pc-cygwin/7.4.0/include/c++/iostream:39,
                 from ../Vec.h:10,
                 from ../Matrix.h:10,
                 from ../MatrixTester.h:8,
                 from ../MatrixTester.cpp:5:
/usr/lib/gcc/x86_64-pc-cygwin/7.4.0/include/c++/bits/basic_string.h:6043:5: note: candidate: template<class _CharT, class _Traits, class _Alloc> bool std::operator==(const std::basic_string<_CharT, _Traits, _Alloc>&, const _CharT*)
     operator==(const basic_string<_CharT, _Traits, _Alloc>& __lhs,
     ^~~~~~~~
/usr/lib/gcc/x86_64-pc-cygwin/7.4.0/include/c++/bits/basic_string.h:6043:5: note:   template argument deduction/substitution failed:
In file included from /usr/lib/gcc/x86_64-pc-cygwin/7.4.0/include/c++/cassert:44:0,
                 from ../Vec.h:12,
                 from ../Matrix.h:10,
                 from ../MatrixTester.h:8,
                 from ../MatrixTester.cpp:5:
../MatrixTester.cpp:173:16: note:   'Matrix' is not derived from 'const std::basic_string<_CharT, _Traits, _Alloc>'
  assert( m1 == m2 );
                ^
In file included from /usr/lib/gcc/x86_64-pc-cygwin/7.4.0/include/c++/bits/ios_base.h:46:0,
                 from /usr/lib/gcc/x86_64-pc-cygwin/7.4.0/include/c++/ios:42,
                 from /usr/lib/gcc/x86_64-pc-cygwin/7.4.0/include/c++/ostream:38,
                 from /usr/lib/gcc/x86_64-pc-cygwin/7.4.0/include/c++/iostream:39,
                 from ../Vec.h:10,
                 from ../Matrix.h:10,
                 from ../MatrixTester.h:8,
                 from ../MatrixTester.cpp:5:
/usr/lib/gcc/x86_64-pc-cygwin/7.4.0/include/c++/system_error:292:3: note: candidate: bool std::operator==(const std::error_code&, const std::error_code&)
   operator==(const error_code& __lhs, const error_code& __rhs) noexcept
   ^~~~~~~~
/usr/lib/gcc/x86_64-pc-cygwin/7.4.0/include/c++/system_error:292:3: note:   no known conversion for argument 1 from 'Matrix' to 'const std::error_code&'
/usr/lib/gcc/x86_64-pc-cygwin/7.4.0/include/c++/system_error:297:3: note: candidate: bool std::operator==(const std::error_code&, const std::error_condition&)
   operator==(const error_code& __lhs, const error_condition& __rhs) noexcept
   ^~~~~~~~
/usr/lib/gcc/x86_64-pc-cygwin/7.4.0/include/c++/system_error:297:3: note:   no known conversion for argument 1 from 'Matrix' to 'const std::error_code&'
/usr/lib/gcc/x86_64-pc-cygwin/7.4.0/include/c++/system_error:304:3: note: candidate: bool std::operator==(const std::error_condition&, const std::error_code&)
   operator==(const error_condition& __lhs, const error_code& __rhs) noexcept
   ^~~~~~~~
/usr/lib/gcc/x86_64-pc-cygwin/7.4.0/include/c++/system_error:304:3: note:   no known conversion for argument 1 from 'Matrix' to 'const std::error_condition&'
/usr/lib/gcc/x86_64-pc-cygwin/7.4.0/include/c++/system_error:311:3: note: candidate: bool std::operator==(const std::error_condition&, const std::error_condition&)
   operator==(const error_condition& __lhs,
   ^~~~~~~~
/usr/lib/gcc/x86_64-pc-cygwin/7.4.0/include/c++/system_error:311:3: note:   no known conversion for argument 1 from 'Matrix' to 'const std::error_condition&'
In file included from /usr/lib/gcc/x86_64-pc-cygwin/7.4.0/include/c++/bits/locale_facets.h:48:0,
                 from /usr/lib/gcc/x86_64-pc-cygwin/7.4.0/include/c++/bits/basic_ios.h:37,
                 from /usr/lib/gcc/x86_64-pc-cygwin/7.4.0/include/c++/ios:44,
                 from /usr/lib/gcc/x86_64-pc-cygwin/7.4.0/include/c++/ostream:38,
                 from /usr/lib/gcc/x86_64-pc-cygwin/7.4.0/include/c++/iostream:39,
                 from ../Vec.h:10,
                 from ../Matrix.h:10,
                 from ../MatrixTester.h:8,
                 from ../MatrixTester.cpp:5:
/usr/lib/gcc/x86_64-pc-cygwin/7.4.0/include/c++/bits/streambuf_iterator.h:204:5: note: candidate: template<class _CharT, class _Traits> bool std::operator==(const std::istreambuf_iterator<_CharT, _Traits>&, const std::istreambuf_iterator<_CharT, _Traits>&)
     operator==(const istreambuf_iterator<_CharT, _Traits>& __a,
     ^~~~~~~~
/usr/lib/gcc/x86_64-pc-cygwin/7.4.0/include/c++/bits/streambuf_iterator.h:204:5: note:   template argument deduction/substitution failed:
In file included from /usr/lib/gcc/x86_64-pc-cygwin/7.4.0/include/c++/cassert:44:0,
                 from ../Vec.h:12,
                 from ../Matrix.h:10,
                 from ../MatrixTester.h:8,
                 from ../MatrixTester.cpp:5:
../MatrixTester.cpp:173:16: note:   'Matrix' is not derived from 'const std::istreambuf_iterator<_CharT, _Traits>'
  assert( m1 == m2 );
                ^
../MatrixTester.cpp:189:13: error: no match for 'operator==' (operand types are 'Matrix' and 'Matrix')
  assert( m3 == m4a );
          ~~~^~~~
In file included from /usr/lib/gcc/x86_64-pc-cygwin/7.4.0/include/c++/iosfwd:40:0,
                 from /usr/lib/gcc/x86_64-pc-cygwin/7.4.0/include/c++/ios:38,
                 from /usr/lib/gcc/x86_64-pc-cygwin/7.4.0/include/c++/ostream:38,
                 from /usr/lib/gcc/x86_64-pc-cygwin/7.4.0/include/c++/iostream:39,
                 from ../Vec.h:10,
                 from ../Matrix.h:10,
                 from ../MatrixTester.h:8,
                 from ../MatrixTester.cpp:5:
/usr/lib/gcc/x86_64-pc-cygwin/7.4.0/include/c++/bits/postypes.h:216:5: note: candidate: template<class _StateT> bool std::operator==(const std::fpos<_StateT>&, const std::fpos<_StateT>&)
     operator==(const fpos<_StateT>& __lhs, const fpos<_StateT>& __rhs)
     ^~~~~~~~
/usr/lib/gcc/x86_64-pc-cygwin/7.4.0/include/c++/bits/postypes.h:216:5: note:   template argument deduction/substitution failed:
In file included from /usr/lib/gcc/x86_64-pc-cygwin/7.4.0/include/c++/cassert:44:0,
                 from ../Vec.h:12,
                 from ../Matrix.h:10,
                 from ../MatrixTester.h:8,
                 from ../MatrixTester.cpp:5:
../MatrixTester.cpp:189:16: note:   'Matrix' is not derived from 'const std::fpos<_StateT>'
  assert( m3 == m4a );
                ^
In file included from /usr/lib/gcc/x86_64-pc-cygwin/7.4.0/include/c++/bits/stl_algobase.h:64:0,
                 from /usr/lib/gcc/x86_64-pc-cygwin/7.4.0/include/c++/bits/char_traits.h:39,
                 from /usr/lib/gcc/x86_64-pc-cygwin/7.4.0/include/c++/ios:40,
                 from /usr/lib/gcc/x86_64-pc-cygwin/7.4.0/include/c++/ostream:38,
                 from /usr/lib/gcc/x86_64-pc-cygwin/7.4.0/include/c++/iostream:39,
                 from ../Vec.h:10,
                 from ../Matrix.h:10,
                 from ../MatrixTester.h:8,
                 from ../MatrixTester.cpp:5:
/usr/lib/gcc/x86_64-pc-cygwin/7.4.0/include/c++/bits/stl_pair.h:448:5: note: candidate: template<class _T1, class _T2> constexpr bool std::operator==(const std::pair<_T1, _T2>&, const std::pair<_T1, _T2>&)
     operator==(const pair<_T1, _T2>& __x, const pair<_T1, _T2>& __y)
     ^~~~~~~~
/usr/lib/gcc/x86_64-pc-cygwin/7.4.0/include/c++/bits/stl_pair.h:448:5: note:   template argument deduction/substitution failed:
In file included from /usr/lib/gcc/x86_64-pc-cygwin/7.4.0/include/c++/cassert:44:0,
                 from ../Vec.h:12,
                 from ../Matrix.h:10,
                 from ../MatrixTester.h:8,
                 from ../MatrixTester.cpp:5:
../MatrixTester.cpp:189:16: note:   'Matrix' is not derived from 'const std::pair<_T1, _T2>'
  assert( m3 == m4a );
                ^
In file included from /usr/lib/gcc/x86_64-pc-cygwin/7.4.0/include/c++/bits/stl_algobase.h:67:0,
                 from /usr/lib/gcc/x86_64-pc-cygwin/7.4.0/include/c++/bits/char_traits.h:39,
                 from /usr/lib/gcc/x86_64-pc-cygwin/7.4.0/include/c++/ios:40,
                 from /usr/lib/gcc/x86_64-pc-cygwin/7.4.0/include/c++/ostream:38,
                 from /usr/lib/gcc/x86_64-pc-cygwin/7.4.0/include/c++/iostream:39,
                 from ../Vec.h:10,
                 from ../Matrix.h:10,
                 from ../MatrixTester.h:8,
                 from ../MatrixTester.cpp:5:
/usr/lib/gcc/x86_64-pc-cygwin/7.4.0/include/c++/bits/stl_iterator.h:302:5: note: candidate: template<class _Iterator> bool std::operator==(const std::reverse_iterator<_Iterator>&, const std::reverse_iterator<_Iterator>&)
     operator==(const reverse_iterator<_Iterator>& __x,
     ^~~~~~~~
/usr/lib/gcc/x86_64-pc-cygwin/7.4.0/include/c++/bits/stl_iterator.h:302:5: note:   template argument deduction/substitution failed:
In file included from /usr/lib/gcc/x86_64-pc-cygwin/7.4.0/include/c++/cassert:44:0,
                 from ../Vec.h:12,
                 from ../Matrix.h:10,
                 from ../MatrixTester.h:8,
                 from ../MatrixTester.cpp:5:
../MatrixTester.cpp:189:16: note:   'Matrix' is not derived from 'const std::reverse_iterator<_Iterator>'
  assert( m3 == m4a );
                ^
In file included from /usr/lib/gcc/x86_64-pc-cygwin/7.4.0/include/c++/bits/stl_algobase.h:67:0,
                 from /usr/lib/gcc/x86_64-pc-cygwin/7.4.0/include/c++/bits/char_traits.h:39,
                 from /usr/lib/gcc/x86_64-pc-cygwin/7.4.0/include/c++/ios:40,
                 from /usr/lib/gcc/x86_64-pc-cygwin/7.4.0/include/c++/ostream:38,
                 from /usr/lib/gcc/x86_64-pc-cygwin/7.4.0/include/c++/iostream:39,
                 from ../Vec.h:10,
                 from ../Matrix.h:10,
                 from ../MatrixTester.h:8,
                 from ../MatrixTester.cpp:5:
/usr/lib/gcc/x86_64-pc-cygwin/7.4.0/include/c++/bits/stl_iterator.h:340:5: note: candidate: template<class _IteratorL, class _IteratorR> bool std::operator==(const std::reverse_iterator<_Iterator>&, const std::reverse_iterator<_IteratorR>&)
     operator==(const reverse_iterator<_IteratorL>& __x,
     ^~~~~~~~
/usr/lib/gcc/x86_64-pc-cygwin/7.4.0/include/c++/bits/stl_iterator.h:340:5: note:   template argument deduction/substitution failed:
In file included from /usr/lib/gcc/x86_64-pc-cygwin/7.4.0/include/c++/cassert:44:0,
                 from ../Vec.h:12,
                 from ../Matrix.h:10,
                 from ../MatrixTester.h:8,
                 from ../MatrixTester.cpp:5:
../MatrixTester.cpp:189:16: note:   'Matrix' is not derived from 'const std::reverse_iterator<_Iterator>'
  assert( m3 == m4a );
                ^
In file included from /usr/lib/gcc/x86_64-pc-cygwin/7.4.0/include/c++/bits/stl_algobase.h:67:0,
                 from /usr/lib/gcc/x86_64-pc-cygwin/7.4.0/include/c++/bits/char_traits.h:39,
                 from /usr/lib/gcc/x86_64-pc-cygwin/7.4.0/include/c++/ios:40,
                 from /usr/lib/gcc/x86_64-pc-cygwin/7.4.0/include/c++/ostream:38,
                 from /usr/lib/gcc/x86_64-pc-cygwin/7.4.0/include/c++/iostream:39,
                 from ../Vec.h:10,
                 from ../Matrix.h:10,
                 from ../MatrixTester.h:8,
                 from ../MatrixTester.cpp:5:
/usr/lib/gcc/x86_64-pc-cygwin/7.4.0/include/c++/bits/stl_iterator.h:1121:5: note: candidate: template<class _IteratorL, class _IteratorR> bool std::operator==(const std::move_iterator<_IteratorL>&, const std::move_iterator<_IteratorR>&)
     operator==(const move_iterator<_IteratorL>& __x,
     ^~~~~~~~
/usr/lib/gcc/x86_64-pc-cygwin/7.4.0/include/c++/bits/stl_iterator.h:1121:5: note:   template argument deduction/substitution failed:
In file included from /usr/lib/gcc/x86_64-pc-cygwin/7.4.0/include/c++/cassert:44:0,
                 from ../Vec.h:12,
                 from ../Matrix.h:10,
                 from ../MatrixTester.h:8,
                 from ../MatrixTester.cpp:5:
../MatrixTester.cpp:189:16: note:   'Matrix' is not derived from 'const std::move_iterator<_IteratorL>'
  assert( m3 == m4a );
                ^
In file included from /usr/lib/gcc/x86_64-pc-cygwin/7.4.0/include/c++/bits/stl_algobase.h:67:0,
                 from /usr/lib/gcc/x86_64-pc-cygwin/7.4.0/include/c++/bits/char_traits.h:39,
                 from /usr/lib/gcc/x86_64-pc-cygwin/7.4.0/include/c++/ios:40,
                 from /usr/lib/gcc/x86_64-pc-cygwin/7.4.0/include/c++/ostream:38,
                 from /usr/lib/gcc/x86_64-pc-cygwin/7.4.0/include/c++/iostream:39,
                 from ../Vec.h:10,
                 from ../Matrix.h:10,
                 from ../MatrixTester.h:8,
                 from ../MatrixTester.cpp:5:
/usr/lib/gcc/x86_64-pc-cygwin/7.4.0/include/c++/bits/stl_iterator.h:1127:5: note: candidate: template<class _Iterator> bool std::operator==(const std::move_iterator<_IteratorL>&, const std::move_iterator<_IteratorL>&)
     operator==(const move_iterator<_Iterator>& __x,
     ^~~~~~~~
/usr/lib/gcc/x86_64-pc-cygwin/7.4.0/include/c++/bits/stl_iterator.h:1127:5: note:   template argument deduction/substitution failed:
In file included from /usr/lib/gcc/x86_64-pc-cygwin/7.4.0/include/c++/cassert:44:0,
                 from ../Vec.h:12,
                 from ../Matrix.h:10,
                 from ../MatrixTester.h:8,
                 from ../MatrixTester.cpp:5:
../MatrixTester.cpp:189:16: note:   'Matrix' is not derived from 'const std::move_iterator<_IteratorL>'
  assert( m3 == m4a );
                ^
In file included from /usr/lib/gcc/x86_64-pc-cygwin/7.4.0/include/c++/string:41:0,
                 from /usr/lib/gcc/x86_64-pc-cygwin/7.4.0/include/c++/bits/locale_classes.h:40,
                 from /usr/lib/gcc/x86_64-pc-cygwin/7.4.0/include/c++/bits/ios_base.h:41,
                 from /usr/lib/gcc/x86_64-pc-cygwin/7.4.0/include/c++/ios:42,
                 from /usr/lib/gcc/x86_64-pc-cygwin/7.4.0/include/c++/ostream:38,
                 from /usr/lib/gcc/x86_64-pc-cygwin/7.4.0/include/c++/iostream:39,
                 from ../Vec.h:10,
                 from ../Matrix.h:10,
                 from ../MatrixTester.h:8,
                 from ../MatrixTester.cpp:5:
/usr/lib/gcc/x86_64-pc-cygwin/7.4.0/include/c++/bits/allocator.h:146:5: note: candidate: template<class _T1, class _T2> bool std::operator==(const std::allocator<_CharT>&, const std::allocator<_T2>&)
     operator==(const allocator<_T1>&, const allocator<_T2>&)
     ^~~~~~~~
/usr/lib/gcc/x86_64-pc-cygwin/7.4.0/include/c++/bits/allocator.h:146:5: note:   template argument deduction/substitution failed:
In file included from /usr/lib/gcc/x86_64-pc-cygwin/7.4.0/include/c++/cassert:44:0,
                 from ../Vec.h:12,
                 from ../Matrix.h:10,
                 from ../MatrixTester.h:8,
                 from ../MatrixTester.cpp:5:
../MatrixTester.cpp:189:16: note:   'Matrix' is not derived from 'const std::allocator<_CharT>'
  assert( m3 == m4a );
                ^
In file included from /usr/lib/gcc/x86_64-pc-cygwin/7.4.0/include/c++/string:41:0,
                 from /usr/lib/gcc/x86_64-pc-cygwin/7.4.0/include/c++/bits/locale_classes.h:40,
                 from /usr/lib/gcc/x86_64-pc-cygwin/7.4.0/include/c++/bits/ios_base.h:41,
                 from /usr/lib/gcc/x86_64-pc-cygwin/7.4.0/include/c++/ios:42,
                 from /usr/lib/gcc/x86_64-pc-cygwin/7.4.0/include/c++/ostream:38,
                 from /usr/lib/gcc/x86_64-pc-cygwin/7.4.0/include/c++/iostream:39,
                 from ../Vec.h:10,
                 from ../Matrix.h:10,
                 from ../MatrixTester.h:8,
                 from ../MatrixTester.cpp:5:
/usr/lib/gcc/x86_64-pc-cygwin/7.4.0/include/c++/bits/allocator.h:152:5: note: candidate: template<class _Tp> bool std::operator==(const std::allocator<_CharT>&, const std::allocator<_CharT>&)
     operator==(const allocator<_Tp>&, const allocator<_Tp>&)
     ^~~~~~~~
/usr/lib/gcc/x86_64-pc-cygwin/7.4.0/include/c++/bits/allocator.h:152:5: note:   template argument deduction/substitution failed:
In file included from /usr/lib/gcc/x86_64-pc-cygwin/7.4.0/include/c++/cassert:44:0,
                 from ../Vec.h:12,
                 from ../Matrix.h:10,
                 from ../MatrixTester.h:8,
                 from ../MatrixTester.cpp:5:
../MatrixTester.cpp:189:16: note:   'Matrix' is not derived from 'const std::allocator<_CharT>'
  assert( m3 == m4a );
                ^
In file included from /usr/lib/gcc/x86_64-pc-cygwin/7.4.0/include/c++/string:52:0,
                 from /usr/lib/gcc/x86_64-pc-cygwin/7.4.0/include/c++/bits/locale_classes.h:40,
                 from /usr/lib/gcc/x86_64-pc-cygwin/7.4.0/include/c++/bits/ios_base.h:41,
                 from /usr/lib/gcc/x86_64-pc-cygwin/7.4.0/include/c++/ios:42,
                 from /usr/lib/gcc/x86_64-pc-cygwin/7.4.0/include/c++/ostream:38,
                 from /usr/lib/gcc/x86_64-pc-cygwin/7.4.0/include/c++/iostream:39,
                 from ../Vec.h:10,
                 from ../Matrix.h:10,
                 from ../MatrixTester.h:8,
                 from ../MatrixTester.cpp:5:
/usr/lib/gcc/x86_64-pc-cygwin/7.4.0/include/c++/bits/basic_string.h:6009:5: note: candidate: template<class _CharT, class _Traits, class _Alloc> bool std::operator==(const std::basic_string<_CharT, _Traits, _Alloc>&, const std::basic_string<_CharT, _Traits, _Alloc>&)
     operator==(const basic_string<_CharT, _Traits, _Alloc>& __lhs,
     ^~~~~~~~
/usr/lib/gcc/x86_64-pc-cygwin/7.4.0/include/c++/bits/basic_string.h:6009:5: note:   template argument deduction/substitution failed:
In file included from /usr/lib/gcc/x86_64-pc-cygwin/7.4.0/include/c++/cassert:44:0,
                 from ../Vec.h:12,
                 from ../Matrix.h:10,
                 from ../MatrixTester.h:8,
                 from ../MatrixTester.cpp:5:
../MatrixTester.cpp:189:16: note:   'Matrix' is not derived from 'const std::basic_string<_CharT, _Traits, _Alloc>'
  assert( m3 == m4a );
                ^
In file included from /usr/lib/gcc/x86_64-pc-cygwin/7.4.0/include/c++/string:52:0,
                 from /usr/lib/gcc/x86_64-pc-cygwin/7.4.0/include/c++/bits/locale_classes.h:40,
                 from /usr/lib/gcc/x86_64-pc-cygwin/7.4.0/include/c++/bits/ios_base.h:41,
                 from /usr/lib/gcc/x86_64-pc-cygwin/7.4.0/include/c++/ios:42,
                 from /usr/lib/gcc/x86_64-pc-cygwin/7.4.0/include/c++/ostream:38,
                 from /usr/lib/gcc/x86_64-pc-cygwin/7.4.0/include/c++/iostream:39,
                 from ../Vec.h:10,
                 from ../Matrix.h:10,
                 from ../MatrixTester.h:8,
                 from ../MatrixTester.cpp:5:
/usr/lib/gcc/x86_64-pc-cygwin/7.4.0/include/c++/bits/basic_string.h:6017:5: note: candidate: template<class _CharT> typename __gnu_cxx::__enable_if<std::__is_char<_Tp>::__value, bool>::__type std::operator==(const std::basic_string<_CharT>&, const std::basic_string<_CharT>&)
     operator==(const basic_string<_CharT>& __lhs,
     ^~~~~~~~
/usr/lib/gcc/x86_64-pc-cygwin/7.4.0/include/c++/bits/basic_string.h:6017:5: note:   template argument deduction/substitution failed:
In file included from /usr/lib/gcc/x86_64-pc-cygwin/7.4.0/include/c++/cassert:44:0,
                 from ../Vec.h:12,
                 from ../Matrix.h:10,
                 from ../MatrixTester.h:8,
                 from ../MatrixTester.cpp:5:
../MatrixTester.cpp:189:16: note:   'Matrix' is not derived from 'const std::basic_string<_CharT>'
  assert( m3 == m4a );
                ^
In file included from /usr/lib/gcc/x86_64-pc-cygwin/7.4.0/include/c++/string:52:0,
                 from /usr/lib/gcc/x86_64-pc-cygwin/7.4.0/include/c++/bits/locale_classes.h:40,
                 from /usr/lib/gcc/x86_64-pc-cygwin/7.4.0/include/c++/bits/ios_base.h:41,
                 from /usr/lib/gcc/x86_64-pc-cygwin/7.4.0/include/c++/ios:42,
                 from /usr/lib/gcc/x86_64-pc-cygwin/7.4.0/include/c++/ostream:38,
                 from /usr/lib/gcc/x86_64-pc-cygwin/7.4.0/include/c++/iostream:39,
                 from ../Vec.h:10,
                 from ../Matrix.h:10,
                 from ../MatrixTester.h:8,
                 from ../MatrixTester.cpp:5:
/usr/lib/gcc/x86_64-pc-cygwin/7.4.0/include/c++/bits/basic_string.h:6031:5: note: candidate: template<class _CharT, class _Traits, class _Alloc> bool std::operator==(const _CharT*, const std::basic_string<_CharT, _Traits, _Alloc>&)
     operator==(const _CharT* __lhs,
     ^~~~~~~~
/usr/lib/gcc/x86_64-pc-cygwin/7.4.0/include/c++/bits/basic_string.h:6031:5: note:   template argument deduction/substitution failed:
In file included from /usr/lib/gcc/x86_64-pc-cygwin/7.4.0/include/c++/cassert:44:0,
                 from ../Vec.h:12,
                 from ../Matrix.h:10,
                 from ../MatrixTester.h:8,
                 from ../MatrixTester.cpp:5:
../MatrixTester.cpp:189:16: note:   mismatched types 'const _CharT*' and 'Matrix'
  assert( m3 == m4a );
                ^
In file included from /usr/lib/gcc/x86_64-pc-cygwin/7.4.0/include/c++/string:52:0,
                 from /usr/lib/gcc/x86_64-pc-cygwin/7.4.0/include/c++/bits/locale_classes.h:40,
                 from /usr/lib/gcc/x86_64-pc-cygwin/7.4.0/include/c++/bits/ios_base.h:41,
                 from /usr/lib/gcc/x86_64-pc-cygwin/7.4.0/include/c++/ios:42,
                 from /usr/lib/gcc/x86_64-pc-cygwin/7.4.0/include/c++/ostream:38,
                 from /usr/lib/gcc/x86_64-pc-cygwin/7.4.0/include/c++/iostream:39,
                 from ../Vec.h:10,
                 from ../Matrix.h:10,
                 from ../MatrixTester.h:8,
                 from ../MatrixTester.cpp:5:
/usr/lib/gcc/x86_64-pc-cygwin/7.4.0/include/c++/bits/basic_string.h:6043:5: note: candidate: template<class _CharT, class _Traits, class _Alloc> bool std::operator==(const std::basic_string<_CharT, _Traits, _Alloc>&, const _CharT*)
     operator==(const basic_string<_CharT, _Traits, _Alloc>& __lhs,
     ^~~~~~~~
/usr/lib/gcc/x86_64-pc-cygwin/7.4.0/include/c++/bits/basic_string.h:6043:5: note:   template argument deduction/substitution failed:
In file included from /usr/lib/gcc/x86_64-pc-cygwin/7.4.0/include/c++/cassert:44:0,
                 from ../Vec.h:12,
                 from ../Matrix.h:10,
                 from ../MatrixTester.h:8,
                 from ../MatrixTester.cpp:5:
../MatrixTester.cpp:189:16: note:   'Matrix' is not derived from 'const std::basic_string<_CharT, _Traits, _Alloc>'
  assert( m3 == m4a );
                ^
In file included from /usr/lib/gcc/x86_64-pc-cygwin/7.4.0/include/c++/bits/ios_base.h:46:0,
                 from /usr/lib/gcc/x86_64-pc-cygwin/7.4.0/include/c++/ios:42,
                 from /usr/lib/gcc/x86_64-pc-cygwin/7.4.0/include/c++/ostream:38,
                 from /usr/lib/gcc/x86_64-pc-cygwin/7.4.0/include/c++/iostream:39,
                 from ../Vec.h:10,
                 from ../Matrix.h:10,
                 from ../MatrixTester.h:8,
                 from ../MatrixTester.cpp:5:
/usr/lib/gcc/x86_64-pc-cygwin/7.4.0/include/c++/system_error:292:3: note: candidate: bool std::operator==(const std::error_code&, const std::error_code&)
   operator==(const error_code& __lhs, const error_code& __rhs) noexcept
   ^~~~~~~~
/usr/lib/gcc/x86_64-pc-cygwin/7.4.0/include/c++/system_error:292:3: note:   no known conversion for argument 1 from 'Matrix' to 'const std::error_code&'
/usr/lib/gcc/x86_64-pc-cygwin/7.4.0/include/c++/system_error:297:3: note: candidate: bool std::operator==(const std::error_code&, const std::error_condition&)
   operator==(const error_code& __lhs, const error_condition& __rhs) noexcept
   ^~~~~~~~
/usr/lib/gcc/x86_64-pc-cygwin/7.4.0/include/c++/system_error:297:3: note:   no known conversion for argument 1 from 'Matrix' to 'const std::error_code&'
/usr/lib/gcc/x86_64-pc-cygwin/7.4.0/include/c++/system_error:304:3: note: candidate: bool std::operator==(const std::error_condition&, const std::error_code&)
   operator==(const error_condition& __lhs, const error_code& __rhs) noexcept
   ^~~~~~~~
/usr/lib/gcc/x86_64-pc-cygwin/7.4.0/include/c++/system_error:304:3: note:   no known conversion for argument 1 from 'Matrix' to 'const std::error_condition&'
/usr/lib/gcc/x86_64-pc-cygwin/7.4.0/include/c++/system_error:311:3: note: candidate: bool std::operator==(const std::error_condition&, const std::error_condition&)
   operator==(const error_condition& __lhs,
   ^~~~~~~~
/usr/lib/gcc/x86_64-pc-cygwin/7.4.0/include/c++/system_error:311:3: note:   no known conversion for argument 1 from 'Matrix' to 'const std::error_condition&'
In file included from /usr/lib/gcc/x86_64-pc-cygwin/7.4.0/include/c++/bits/locale_facets.h:48:0,
                 from /usr/lib/gcc/x86_64-pc-cygwin/7.4.0/include/c++/bits/basic_ios.h:37,
                 from /usr/lib/gcc/x86_64-pc-cygwin/7.4.0/include/c++/ios:44,
                 from /usr/lib/gcc/x86_64-pc-cygwin/7.4.0/include/c++/ostream:38,
                 from /usr/lib/gcc/x86_64-pc-cygwin/7.4.0/include/c++/iostream:39,
                 from ../Vec.h:10,
                 from ../Matrix.h:10,
                 from ../MatrixTester.h:8,
                 from ../MatrixTester.cpp:5:
/usr/lib/gcc/x86_64-pc-cygwin/7.4.0/include/c++/bits/streambuf_iterator.h:204:5: note: candidate: template<class _CharT, class _Traits> bool std::operator==(const std::istreambuf_iterator<_CharT, _Traits>&, const std::istreambuf_iterator<_CharT, _Traits>&)
     operator==(const istreambuf_iterator<_CharT, _Traits>& __a,
     ^~~~~~~~
/usr/lib/gcc/x86_64-pc-cygwin/7.4.0/include/c++/bits/streambuf_iterator.h:204:5: note:   template argument deduction/substitution failed:
In file included from /usr/lib/gcc/x86_64-pc-cygwin/7.4.0/include/c++/cassert:44:0,
                 from ../Vec.h:12,
                 from ../Matrix.h:10,
                 from ../MatrixTester.h:8,
                 from ../MatrixTester.cpp:5:
../MatrixTester.cpp:189:16: note:   'Matrix' is not derived from 'const std::istreambuf_iterator<_CharT, _Traits>'
  assert( m3 == m4a );
                ^
../MatrixTester.cpp:190:15: error: no match for 'operator==' (operand types are 'Matrix' and 'Matrix')
  assert( !(m1 == m3) );
            ~~~^~~~
In file included from /usr/lib/gcc/x86_64-pc-cygwin/7.4.0/include/c++/iosfwd:40:0,
                 from /usr/lib/gcc/x86_64-pc-cygwin/7.4.0/include/c++/ios:38,
                 from /usr/lib/gcc/x86_64-pc-cygwin/7.4.0/include/c++/ostream:38,
                 from /usr/lib/gcc/x86_64-pc-cygwin/7.4.0/include/c++/iostream:39,
                 from ../Vec.h:10,
                 from ../Matrix.h:10,
                 from ../MatrixTester.h:8,
                 from ../MatrixTester.cpp:5:
/usr/lib/gcc/x86_64-pc-cygwin/7.4.0/include/c++/bits/postypes.h:216:5: note: candidate: template<class _StateT> bool std::operator==(const std::fpos<_StateT>&, const std::fpos<_StateT>&)
     operator==(const fpos<_StateT>& __lhs, const fpos<_StateT>& __rhs)
     ^~~~~~~~
/usr/lib/gcc/x86_64-pc-cygwin/7.4.0/include/c++/bits/postypes.h:216:5: note:   template argument deduction/substitution failed:
In file included from /usr/lib/gcc/x86_64-pc-cygwin/7.4.0/include/c++/cassert:44:0,
                 from ../Vec.h:12,
                 from ../Matrix.h:10,
                 from ../MatrixTester.h:8,
                 from ../MatrixTester.cpp:5:
../MatrixTester.cpp:190:18: note:   'Matrix' is not derived from 'const std::fpos<_StateT>'
  assert( !(m1 == m3) );
                  ^
In file included from /usr/lib/gcc/x86_64-pc-cygwin/7.4.0/include/c++/bits/stl_algobase.h:64:0,
                 from /usr/lib/gcc/x86_64-pc-cygwin/7.4.0/include/c++/bits/char_traits.h:39,
                 from /usr/lib/gcc/x86_64-pc-cygwin/7.4.0/include/c++/ios:40,
                 from /usr/lib/gcc/x86_64-pc-cygwin/7.4.0/include/c++/ostream:38,
                 from /usr/lib/gcc/x86_64-pc-cygwin/7.4.0/include/c++/iostream:39,
                 from ../Vec.h:10,
                 from ../Matrix.h:10,
                 from ../MatrixTester.h:8,
                 from ../MatrixTester.cpp:5:
/usr/lib/gcc/x86_64-pc-cygwin/7.4.0/include/c++/bits/stl_pair.h:448:5: note: candidate: template<class _T1, class _T2> constexpr bool std::operator==(const std::pair<_T1, _T2>&, const std::pair<_T1, _T2>&)
     operator==(const pair<_T1, _T2>& __x, const pair<_T1, _T2>& __y)
     ^~~~~~~~
/usr/lib/gcc/x86_64-pc-cygwin/7.4.0/include/c++/bits/stl_pair.h:448:5: note:   template argument deduction/substitution failed:
In file included from /usr/lib/gcc/x86_64-pc-cygwin/7.4.0/include/c++/cassert:44:0,
                 from ../Vec.h:12,
                 from ../Matrix.h:10,
                 from ../MatrixTester.h:8,
                 from ../MatrixTester.cpp:5:
../MatrixTester.cpp:190:18: note:   'Matrix' is not derived from 'const std::pair<_T1, _T2>'
  assert( !(m1 == m3) );
                  ^
In file included from /usr/lib/gcc/x86_64-pc-cygwin/7.4.0/include/c++/bits/stl_algobase.h:67:0,
                 from /usr/lib/gcc/x86_64-pc-cygwin/7.4.0/include/c++/bits/char_traits.h:39,
                 from /usr/lib/gcc/x86_64-pc-cygwin/7.4.0/include/c++/ios:40,
                 from /usr/lib/gcc/x86_64-pc-cygwin/7.4.0/include/c++/ostream:38,
                 from /usr/lib/gcc/x86_64-pc-cygwin/7.4.0/include/c++/iostream:39,
                 from ../Vec.h:10,
                 from ../Matrix.h:10,
                 from ../MatrixTester.h:8,
                 from ../MatrixTester.cpp:5:
/usr/lib/gcc/x86_64-pc-cygwin/7.4.0/include/c++/bits/stl_iterator.h:302:5: note: candidate: template<class _Iterator> bool std::operator==(const std::reverse_iterator<_Iterator>&, const std::reverse_iterator<_Iterator>&)
     operator==(const reverse_iterator<_Iterator>& __x,
     ^~~~~~~~
/usr/lib/gcc/x86_64-pc-cygwin/7.4.0/include/c++/bits/stl_iterator.h:302:5: note:   template argument deduction/substitution failed:
In file included from /usr/lib/gcc/x86_64-pc-cygwin/7.4.0/include/c++/cassert:44:0,
                 from ../Vec.h:12,
                 from ../Matrix.h:10,
                 from ../MatrixTester.h:8,
                 from ../MatrixTester.cpp:5:
../MatrixTester.cpp:190:18: note:   'Matrix' is not derived from 'const std::reverse_iterator<_Iterator>'
  assert( !(m1 == m3) );
                  ^
In file included from /usr/lib/gcc/x86_64-pc-cygwin/7.4.0/include/c++/bits/stl_algobase.h:67:0,
                 from /usr/lib/gcc/x86_64-pc-cygwin/7.4.0/include/c++/bits/char_traits.h:39,
                 from /usr/lib/gcc/x86_64-pc-cygwin/7.4.0/include/c++/ios:40,
                 from /usr/lib/gcc/x86_64-pc-cygwin/7.4.0/include/c++/ostream:38,
                 from /usr/lib/gcc/x86_64-pc-cygwin/7.4.0/include/c++/iostream:39,
                 from ../Vec.h:10,
                 from ../Matrix.h:10,
                 from ../MatrixTester.h:8,
                 from ../MatrixTester.cpp:5:
/usr/lib/gcc/x86_64-pc-cygwin/7.4.0/include/c++/bits/stl_iterator.h:340:5: note: candidate: template<class _IteratorL, class _IteratorR> bool std::operator==(const std::reverse_iterator<_Iterator>&, const std::reverse_iterator<_IteratorR>&)
     operator==(const reverse_iterator<_IteratorL>& __x,
     ^~~~~~~~
/usr/lib/gcc/x86_64-pc-cygwin/7.4.0/include/c++/bits/stl_iterator.h:340:5: note:   template argument deduction/substitution failed:
In file included from /usr/lib/gcc/x86_64-pc-cygwin/7.4.0/include/c++/cassert:44:0,
                 from ../Vec.h:12,
                 from ../Matrix.h:10,
                 from ../MatrixTester.h:8,
                 from ../MatrixTester.cpp:5:
../MatrixTester.cpp:190:18: note:   'Matrix' is not derived from 'const std::reverse_iterator<_Iterator>'
  assert( !(m1 == m3) );
                  ^
In file included from /usr/lib/gcc/x86_64-pc-cygwin/7.4.0/include/c++/bits/stl_algobase.h:67:0,
                 from /usr/lib/gcc/x86_64-pc-cygwin/7.4.0/include/c++/bits/char_traits.h:39,
                 from /usr/lib/gcc/x86_64-pc-cygwin/7.4.0/include/c++/ios:40,
                 from /usr/lib/gcc/x86_64-pc-cygwin/7.4.0/include/c++/ostream:38,
                 from /usr/lib/gcc/x86_64-pc-cygwin/7.4.0/include/c++/iostream:39,
                 from ../Vec.h:10,
                 from ../Matrix.h:10,
                 from ../MatrixTester.h:8,
                 from ../MatrixTester.cpp:5:
/usr/lib/gcc/x86_64-pc-cygwin/7.4.0/include/c++/bits/stl_iterator.h:1121:5: note: candidate: template<class _IteratorL, class _IteratorR> bool std::operator==(const std::move_iterator<_IteratorL>&, const std::move_iterator<_IteratorR>&)
     operator==(const move_iterator<_IteratorL>& __x,
     ^~~~~~~~
/usr/lib/gcc/x86_64-pc-cygwin/7.4.0/include/c++/bits/stl_iterator.h:1121:5: note:   template argument deduction/substitution failed:
In file included from /usr/lib/gcc/x86_64-pc-cygwin/7.4.0/include/c++/cassert:44:0,
                 from ../Vec.h:12,
                 from ../Matrix.h:10,
                 from ../MatrixTester.h:8,
                 from ../MatrixTester.cpp:5:
../MatrixTester.cpp:190:18: note:   'Matrix' is not derived from 'const std::move_iterator<_IteratorL>'
  assert( !(m1 == m3) );
                  ^
In file included from /usr/lib/gcc/x86_64-pc-cygwin/7.4.0/include/c++/bits/stl_algobase.h:67:0,
                 from /usr/lib/gcc/x86_64-pc-cygwin/7.4.0/include/c++/bits/char_traits.h:39,
                 from /usr/lib/gcc/x86_64-pc-cygwin/7.4.0/include/c++/ios:40,
                 from /usr/lib/gcc/x86_64-pc-cygwin/7.4.0/include/c++/ostream:38,
                 from /usr/lib/gcc/x86_64-pc-cygwin/7.4.0/include/c++/iostream:39,
                 from ../Vec.h:10,
                 from ../Matrix.h:10,
                 from ../MatrixTester.h:8,
                 from ../MatrixTester.cpp:5:
/usr/lib/gcc/x86_64-pc-cygwin/7.4.0/include/c++/bits/stl_iterator.h:1127:5: note: candidate: template<class _Iterator> bool std::operator==(const std::move_iterator<_IteratorL>&, const std::move_iterator<_IteratorL>&)
     operator==(const move_iterator<_Iterator>& __x,
     ^~~~~~~~
/usr/lib/gcc/x86_64-pc-cygwin/7.4.0/include/c++/bits/stl_iterator.h:1127:5: note:   template argument deduction/substitution failed:
In file included from /usr/lib/gcc/x86_64-pc-cygwin/7.4.0/include/c++/cassert:44:0,
                 from ../Vec.h:12,
                 from ../Matrix.h:10,
                 from ../MatrixTester.h:8,
                 from ../MatrixTester.cpp:5:
../MatrixTester.cpp:190:18: note:   'Matrix' is not derived from 'const std::move_iterator<_IteratorL>'
  assert( !(m1 == m3) );
                  ^
In file included from /usr/lib/gcc/x86_64-pc-cygwin/7.4.0/include/c++/string:41:0,
                 from /usr/lib/gcc/x86_64-pc-cygwin/7.4.0/include/c++/bits/locale_classes.h:40,
                 from /usr/lib/gcc/x86_64-pc-cygwin/7.4.0/include/c++/bits/ios_base.h:41,
                 from /usr/lib/gcc/x86_64-pc-cygwin/7.4.0/include/c++/ios:42,
                 from /usr/lib/gcc/x86_64-pc-cygwin/7.4.0/include/c++/ostream:38,
                 from /usr/lib/gcc/x86_64-pc-cygwin/7.4.0/include/c++/iostream:39,
                 from ../Vec.h:10,
                 from ../Matrix.h:10,
                 from ../MatrixTester.h:8,
                 from ../MatrixTester.cpp:5:
/usr/lib/gcc/x86_64-pc-cygwin/7.4.0/include/c++/bits/allocator.h:146:5: note: candidate: template<class _T1, class _T2> bool std::operator==(const std::allocator<_CharT>&, const std::allocator<_T2>&)
     operator==(const allocator<_T1>&, const allocator<_T2>&)
     ^~~~~~~~
/usr/lib/gcc/x86_64-pc-cygwin/7.4.0/include/c++/bits/allocator.h:146:5: note:   template argument deduction/substitution failed:
In file included from /usr/lib/gcc/x86_64-pc-cygwin/7.4.0/include/c++/cassert:44:0,
                 from ../Vec.h:12,
                 from ../Matrix.h:10,
                 from ../MatrixTester.h:8,
                 from ../MatrixTester.cpp:5:
../MatrixTester.cpp:190:18: note:   'Matrix' is not derived from 'const std::allocator<_CharT>'
  assert( !(m1 == m3) );
                  ^
In file included from /usr/lib/gcc/x86_64-pc-cygwin/7.4.0/include/c++/string:41:0,
                 from /usr/lib/gcc/x86_64-pc-cygwin/7.4.0/include/c++/bits/locale_classes.h:40,
                 from /usr/lib/gcc/x86_64-pc-cygwin/7.4.0/include/c++/bits/ios_base.h:41,
                 from /usr/lib/gcc/x86_64-pc-cygwin/7.4.0/include/c++/ios:42,
                 from /usr/lib/gcc/x86_64-pc-cygwin/7.4.0/include/c++/ostream:38,
                 from /usr/lib/gcc/x86_64-pc-cygwin/7.4.0/include/c++/iostream:39,
                 from ../Vec.h:10,
                 from ../Matrix.h:10,
                 from ../MatrixTester.h:8,
                 from ../MatrixTester.cpp:5:
/usr/lib/gcc/x86_64-pc-cygwin/7.4.0/include/c++/bits/allocator.h:152:5: note: candidate: template<class _Tp> bool std::operator==(const std::allocator<_CharT>&, const std::allocator<_CharT>&)
     operator==(const allocator<_Tp>&, const allocator<_Tp>&)
     ^~~~~~~~
/usr/lib/gcc/x86_64-pc-cygwin/7.4.0/include/c++/bits/allocator.h:152:5: note:   template argument deduction/substitution failed:
In file included from /usr/lib/gcc/x86_64-pc-cygwin/7.4.0/include/c++/cassert:44:0,
                 from ../Vec.h:12,
                 from ../Matrix.h:10,
                 from ../MatrixTester.h:8,
                 from ../MatrixTester.cpp:5:
../MatrixTester.cpp:190:18: note:   'Matrix' is not derived from 'const std::allocator<_CharT>'
  assert( !(m1 == m3) );
                  ^
In file included from /usr/lib/gcc/x86_64-pc-cygwin/7.4.0/include/c++/string:52:0,
                 from /usr/lib/gcc/x86_64-pc-cygwin/7.4.0/include/c++/bits/locale_classes.h:40,
                 from /usr/lib/gcc/x86_64-pc-cygwin/7.4.0/include/c++/bits/ios_base.h:41,
                 from /usr/lib/gcc/x86_64-pc-cygwin/7.4.0/include/c++/ios:42,
                 from /usr/lib/gcc/x86_64-pc-cygwin/7.4.0/include/c++/ostream:38,
                 from /usr/lib/gcc/x86_64-pc-cygwin/7.4.0/include/c++/iostream:39,
                 from ../Vec.h:10,
                 from ../Matrix.h:10,
                 from ../MatrixTester.h:8,
                 from ../MatrixTester.cpp:5:
/usr/lib/gcc/x86_64-pc-cygwin/7.4.0/include/c++/bits/basic_string.h:6009:5: note: candidate: template<class _CharT, class _Traits, class _Alloc> bool std::operator==(const std::basic_string<_CharT, _Traits, _Alloc>&, const std::basic_string<_CharT, _Traits, _Alloc>&)
     operator==(const basic_string<_CharT, _Traits, _Alloc>& __lhs,
     ^~~~~~~~
/usr/lib/gcc/x86_64-pc-cygwin/7.4.0/include/c++/bits/basic_string.h:6009:5: note:   template argument deduction/substitution failed:
In file included from /usr/lib/gcc/x86_64-pc-cygwin/7.4.0/include/c++/cassert:44:0,
                 from ../Vec.h:12,
                 from ../Matrix.h:10,
                 from ../MatrixTester.h:8,
                 from ../MatrixTester.cpp:5:
../MatrixTester.cpp:190:18: note:   'Matrix' is not derived from 'const std::basic_string<_CharT, _Traits, _Alloc>'
  assert( !(m1 == m3) );
                  ^
In file included from /usr/lib/gcc/x86_64-pc-cygwin/7.4.0/include/c++/string:52:0,
                 from /usr/lib/gcc/x86_64-pc-cygwin/7.4.0/include/c++/bits/locale_classes.h:40,
                 from /usr/lib/gcc/x86_64-pc-cygwin/7.4.0/include/c++/bits/ios_base.h:41,
                 from /usr/lib/gcc/x86_64-pc-cygwin/7.4.0/include/c++/ios:42,
                 from /usr/lib/gcc/x86_64-pc-cygwin/7.4.0/include/c++/ostream:38,
                 from /usr/lib/gcc/x86_64-pc-cygwin/7.4.0/include/c++/iostream:39,
                 from ../Vec.h:10,
                 from ../Matrix.h:10,
                 from ../MatrixTester.h:8,
                 from ../MatrixTester.cpp:5:
/usr/lib/gcc/x86_64-pc-cygwin/7.4.0/include/c++/bits/basic_string.h:6017:5: note: candidate: template<class _CharT> typename __gnu_cxx::__enable_if<std::__is_char<_Tp>::__value, bool>::__type std::operator==(const std::basic_string<_CharT>&, const std::basic_string<_CharT>&)
     operator==(const basic_string<_CharT>& __lhs,
     ^~~~~~~~
/usr/lib/gcc/x86_64-pc-cygwin/7.4.0/include/c++/bits/basic_string.h:6017:5: note:   template argument deduction/substitution failed:
In file included from /usr/lib/gcc/x86_64-pc-cygwin/7.4.0/include/c++/cassert:44:0,
                 from ../Vec.h:12,
                 from ../Matrix.h:10,
                 from ../MatrixTester.h:8,
                 from ../MatrixTester.cpp:5:
../MatrixTester.cpp:190:18: note:   'Matrix' is not derived from 'const std::basic_string<_CharT>'
  assert( !(m1 == m3) );
                  ^
In file included from /usr/lib/gcc/x86_64-pc-cygwin/7.4.0/include/c++/string:52:0,
                 from /usr/lib/gcc/x86_64-pc-cygwin/7.4.0/include/c++/bits/locale_classes.h:40,
                 from /usr/lib/gcc/x86_64-pc-cygwin/7.4.0/include/c++/bits/ios_base.h:41,
                 from /usr/lib/gcc/x86_64-pc-cygwin/7.4.0/include/c++/ios:42,
                 from /usr/lib/gcc/x86_64-pc-cygwin/7.4.0/include/c++/ostream:38,
                 from /usr/lib/gcc/x86_64-pc-cygwin/7.4.0/include/c++/iostream:39,
                 from ../Vec.h:10,
                 from ../Matrix.h:10,
                 from ../MatrixTester.h:8,
                 from ../MatrixTester.cpp:5:
/usr/lib/gcc/x86_64-pc-cygwin/7.4.0/include/c++/bits/basic_string.h:6031:5: note: candidate: template<class _CharT, class _Traits, class _Alloc> bool std::operator==(const _CharT*, const std::basic_string<_CharT, _Traits, _Alloc>&)
     operator==(const _CharT* __lhs,
     ^~~~~~~~
/usr/lib/gcc/x86_64-pc-cygwin/7.4.0/include/c++/bits/basic_string.h:6031:5: note:   template argument deduction/substitution failed:
In file included from /usr/lib/gcc/x86_64-pc-cygwin/7.4.0/include/c++/cassert:44:0,
                 from ../Vec.h:12,
                 from ../Matrix.h:10,
                 from ../MatrixTester.h:8,
                 from ../MatrixTester.cpp:5:
../MatrixTester.cpp:190:18: note:   mismatched types 'const _CharT*' and 'Matrix'
  assert( !(m1 == m3) );
                  ^
In file included from /usr/lib/gcc/x86_64-pc-cygwin/7.4.0/include/c++/string:52:0,
                 from /usr/lib/gcc/x86_64-pc-cygwin/7.4.0/include/c++/bits/locale_classes.h:40,
                 from /usr/lib/gcc/x86_64-pc-cygwin/7.4.0/include/c++/bits/ios_base.h:41,
                 from /usr/lib/gcc/x86_64-pc-cygwin/7.4.0/include/c++/ios:42,
                 from /usr/lib/gcc/x86_64-pc-cygwin/7.4.0/include/c++/ostream:38,
                 from /usr/lib/gcc/x86_64-pc-cygwin/7.4.0/include/c++/iostream:39,
                 from ../Vec.h:10,
                 from ../Matrix.h:10,
                 from ../MatrixTester.h:8,
                 from ../MatrixTester.cpp:5:
/usr/lib/gcc/x86_64-pc-cygwin/7.4.0/include/c++/bits/basic_string.h:6043:5: note: candidate: template<class _CharT, class _Traits, class _Alloc> bool std::operator==(const std::basic_string<_CharT, _Traits, _Alloc>&, const _CharT*)
     operator==(const basic_string<_CharT, _Traits, _Alloc>& __lhs,
     ^~~~~~~~
/usr/lib/gcc/x86_64-pc-cygwin/7.4.0/include/c++/bits/basic_string.h:6043:5: note:   template argument deduction/substitution failed:
In file included from /usr/lib/gcc/x86_64-pc-cygwin/7.4.0/include/c++/cassert:44:0,
                 from ../Vec.h:12,
                 from ../Matrix.h:10,
                 from ../MatrixTester.h:8,
                 from ../MatrixTester.cpp:5:
../MatrixTester.cpp:190:18: note:   'Matrix' is not derived from 'const std::basic_string<_CharT, _Traits, _Alloc>'
  assert( !(m1 == m3) );
                  ^
In file included from /usr/lib/gcc/x86_64-pc-cygwin/7.4.0/include/c++/bits/ios_base.h:46:0,
                 from /usr/lib/gcc/x86_64-pc-cygwin/7.4.0/include/c++/ios:42,
                 from /usr/lib/gcc/x86_64-pc-cygwin/7.4.0/include/c++/ostream:38,
                 from /usr/lib/gcc/x86_64-pc-cygwin/7.4.0/include/c++/iostream:39,
                 from ../Vec.h:10,
                 from ../Matrix.h:10,
                 from ../MatrixTester.h:8,
                 from ../MatrixTester.cpp:5:
/usr/lib/gcc/x86_64-pc-cygwin/7.4.0/include/c++/system_error:292:3: note: candidate: bool std::operator==(const std::error_code&, const std::error_code&)
   operator==(const error_code& __lhs, const error_code& __rhs) noexcept
   ^~~~~~~~
/usr/lib/gcc/x86_64-pc-cygwin/7.4.0/include/c++/system_error:292:3: note:   no known conversion for argument 1 from 'Matrix' to 'const std::error_code&'
/usr/lib/gcc/x86_64-pc-cygwin/7.4.0/include/c++/system_error:297:3: note: candidate: bool std::operator==(const std::error_code&, const std::error_condition&)
   operator==(const error_code& __lhs, const error_condition& __rhs) noexcept
   ^~~~~~~~
/usr/lib/gcc/x86_64-pc-cygwin/7.4.0/include/c++/system_error:297:3: note:   no known conversion for argument 1 from 'Matrix' to 'const std::error_code&'
/usr/lib/gcc/x86_64-pc-cygwin/7.4.0/include/c++/system_error:304:3: note: candidate: bool std::operator==(const std::error_condition&, const std::error_code&)
   operator==(const error_condition& __lhs, const error_code& __rhs) noexcept
   ^~~~~~~~
/usr/lib/gcc/x86_64-pc-cygwin/7.4.0/include/c++/system_error:304:3: note:   no known conversion for argument 1 from 'Matrix' to 'const std::error_condition&'
/usr/lib/gcc/x86_64-pc-cygwin/7.4.0/include/c++/system_error:311:3: note: candidate: bool std::operator==(const std::error_condition&, const std::error_condition&)
   operator==(const error_condition& __lhs,
   ^~~~~~~~
/usr/lib/gcc/x86_64-pc-cygwin/7.4.0/include/c++/system_error:311:3: note:   no known conversion for argument 1 from 'Matrix' to 'const std::error_condition&'
In file included from /usr/lib/gcc/x86_64-pc-cygwin/7.4.0/include/c++/bits/locale_facets.h:48:0,
                 from /usr/lib/gcc/x86_64-pc-cygwin/7.4.0/include/c++/bits/basic_ios.h:37,
                 from /usr/lib/gcc/x86_64-pc-cygwin/7.4.0/include/c++/ios:44,
                 from /usr/lib/gcc/x86_64-pc-cygwin/7.4.0/include/c++/ostream:38,
                 from /usr/lib/gcc/x86_64-pc-cygwin/7.4.0/include/c++/iostream:39,
                 from ../Vec.h:10,
                 from ../Matrix.h:10,
                 from ../MatrixTester.h:8,
                 from ../MatrixTester.cpp:5:
/usr/lib/gcc/x86_64-pc-cygwin/7.4.0/include/c++/bits/streambuf_iterator.h:204:5: note: candidate: template<class _CharT, class _Traits> bool std::operator==(const std::istreambuf_iterator<_CharT, _Traits>&, const std::istreambuf_iterator<_CharT, _Traits>&)
     operator==(const istreambuf_iterator<_CharT, _Traits>& __a,
     ^~~~~~~~
/usr/lib/gcc/x86_64-pc-cygwin/7.4.0/include/c++/bits/streambuf_iterator.h:204:5: note:   template argument deduction/substitution failed:
In file included from /usr/lib/gcc/x86_64-pc-cygwin/7.4.0/include/c++/cassert:44:0,
                 from ../Vec.h:12,
                 from ../Matrix.h:10,
                 from ../MatrixTester.h:8,
                 from ../MatrixTester.cpp:5:
../MatrixTester.cpp:190:18: note:   'Matrix' is not derived from 'const std::istreambuf_iterator<_CharT, _Traits>'
  assert( !(m1 == m3) );
                  ^
../MatrixTester.cpp:191:15: error: no match for 'operator==' (operand types are 'Matrix' and 'Matrix')
  assert( !(m3 == m5) );
            ~~~^~~~
In file included from /usr/lib/gcc/x86_64-pc-cygwin/7.4.0/include/c++/iosfwd:40:0,
                 from /usr/lib/gcc/x86_64-pc-cygwin/7.4.0/include/c++/ios:38,
                 from /usr/lib/gcc/x86_64-pc-cygwin/7.4.0/include/c++/ostream:38,
                 from /usr/lib/gcc/x86_64-pc-cygwin/7.4.0/include/c++/iostream:39,
                 from ../Vec.h:10,
                 from ../Matrix.h:10,
                 from ../MatrixTester.h:8,
                 from ../MatrixTester.cpp:5:
/usr/lib/gcc/x86_64-pc-cygwin/7.4.0/include/c++/bits/postypes.h:216:5: note: candidate: template<class _StateT> bool std::operator==(const std::fpos<_StateT>&, const std::fpos<_StateT>&)
     operator==(const fpos<_StateT>& __lhs, const fpos<_StateT>& __rhs)
     ^~~~~~~~
/usr/lib/gcc/x86_64-pc-cygwin/7.4.0/include/c++/bits/postypes.h:216:5: note:   template argument deduction/substitution failed:
In file included from /usr/lib/gcc/x86_64-pc-cygwin/7.4.0/include/c++/cassert:44:0,
                 from ../Vec.h:12,
                 from ../Matrix.h:10,
                 from ../MatrixTester.h:8,
                 from ../MatrixTester.cpp:5:
../MatrixTester.cpp:191:18: note:   'Matrix' is not derived from 'const std::fpos<_StateT>'
  assert( !(m3 == m5) );
                  ^
In file included from /usr/lib/gcc/x86_64-pc-cygwin/7.4.0/include/c++/bits/stl_algobase.h:64:0,
                 from /usr/lib/gcc/x86_64-pc-cygwin/7.4.0/include/c++/bits/char_traits.h:39,
                 from /usr/lib/gcc/x86_64-pc-cygwin/7.4.0/include/c++/ios:40,
                 from /usr/lib/gcc/x86_64-pc-cygwin/7.4.0/include/c++/ostream:38,
                 from /usr/lib/gcc/x86_64-pc-cygwin/7.4.0/include/c++/iostream:39,
                 from ../Vec.h:10,
                 from ../Matrix.h:10,
                 from ../MatrixTester.h:8,
                 from ../MatrixTester.cpp:5:
/usr/lib/gcc/x86_64-pc-cygwin/7.4.0/include/c++/bits/stl_pair.h:448:5: note: candidate: template<class _T1, class _T2> constexpr bool std::operator==(const std::pair<_T1, _T2>&, const std::pair<_T1, _T2>&)
     operator==(const pair<_T1, _T2>& __x, const pair<_T1, _T2>& __y)
     ^~~~~~~~
/usr/lib/gcc/x86_64-pc-cygwin/7.4.0/include/c++/bits/stl_pair.h:448:5: note:   template argument deduction/substitution failed:
In file included from /usr/lib/gcc/x86_64-pc-cygwin/7.4.0/include/c++/cassert:44:0,
                 from ../Vec.h:12,
                 from ../Matrix.h:10,
                 from ../MatrixTester.h:8,
                 from ../MatrixTester.cpp:5:
../MatrixTester.cpp:191:18: note:   'Matrix' is not derived from 'const std::pair<_T1, _T2>'
  assert( !(m3 == m5) );
                  ^
In file included from /usr/lib/gcc/x86_64-pc-cygwin/7.4.0/include/c++/bits/stl_algobase.h:67:0,
                 from /usr/lib/gcc/x86_64-pc-cygwin/7.4.0/include/c++/bits/char_traits.h:39,
                 from /usr/lib/gcc/x86_64-pc-cygwin/7.4.0/include/c++/ios:40,
                 from /usr/lib/gcc/x86_64-pc-cygwin/7.4.0/include/c++/ostream:38,
                 from /usr/lib/gcc/x86_64-pc-cygwin/7.4.0/include/c++/iostream:39,
                 from ../Vec.h:10,
                 from ../Matrix.h:10,
                 from ../MatrixTester.h:8,
                 from ../MatrixTester.cpp:5:
/usr/lib/gcc/x86_64-pc-cygwin/7.4.0/include/c++/bits/stl_iterator.h:302:5: note: candidate: template<class _Iterator> bool std::operator==(const std::reverse_iterator<_Iterator>&, const std::reverse_iterator<_Iterator>&)
     operator==(const reverse_iterator<_Iterator>& __x,
     ^~~~~~~~
/usr/lib/gcc/x86_64-pc-cygwin/7.4.0/include/c++/bits/stl_iterator.h:302:5: note:   template argument deduction/substitution failed:
In file included from /usr/lib/gcc/x86_64-pc-cygwin/7.4.0/include/c++/cassert:44:0,
                 from ../Vec.h:12,
                 from ../Matrix.h:10,
                 from ../MatrixTester.h:8,
                 from ../MatrixTester.cpp:5:
../MatrixTester.cpp:191:18: note:   'Matrix' is not derived from 'const std::reverse_iterator<_Iterator>'
  assert( !(m3 == m5) );
                  ^
In file included from /usr/lib/gcc/x86_64-pc-cygwin/7.4.0/include/c++/bits/stl_algobase.h:67:0,
                 from /usr/lib/gcc/x86_64-pc-cygwin/7.4.0/include/c++/bits/char_traits.h:39,
                 from /usr/lib/gcc/x86_64-pc-cygwin/7.4.0/include/c++/ios:40,
                 from /usr/lib/gcc/x86_64-pc-cygwin/7.4.0/include/c++/ostream:38,
                 from /usr/lib/gcc/x86_64-pc-cygwin/7.4.0/include/c++/iostream:39,
                 from ../Vec.h:10,
                 from ../Matrix.h:10,
                 from ../MatrixTester.h:8,
                 from ../MatrixTester.cpp:5:
/usr/lib/gcc/x86_64-pc-cygwin/7.4.0/include/c++/bits/stl_iterator.h:340:5: note: candidate: template<class _IteratorL, class _IteratorR> bool std::operator==(const std::reverse_iterator<_Iterator>&, const std::reverse_iterator<_IteratorR>&)
     operator==(const reverse_iterator<_IteratorL>& __x,
     ^~~~~~~~
/usr/lib/gcc/x86_64-pc-cygwin/7.4.0/include/c++/bits/stl_iterator.h:340:5: note:   template argument deduction/substitution failed:
In file included from /usr/lib/gcc/x86_64-pc-cygwin/7.4.0/include/c++/cassert:44:0,
                 from ../Vec.h:12,
                 from ../Matrix.h:10,
                 from ../MatrixTester.h:8,
                 from ../MatrixTester.cpp:5:
../MatrixTester.cpp:191:18: note:   'Matrix' is not derived from 'const std::reverse_iterator<_Iterator>'
  assert( !(m3 == m5) );
                  ^
In file included from /usr/lib/gcc/x86_64-pc-cygwin/7.4.0/include/c++/bits/stl_algobase.h:67:0,
                 from /usr/lib/gcc/x86_64-pc-cygwin/7.4.0/include/c++/bits/char_traits.h:39,
                 from /usr/lib/gcc/x86_64-pc-cygwin/7.4.0/include/c++/ios:40,
                 from /usr/lib/gcc/x86_64-pc-cygwin/7.4.0/include/c++/ostream:38,
                 from /usr/lib/gcc/x86_64-pc-cygwin/7.4.0/include/c++/iostream:39,
                 from ../Vec.h:10,
                 from ../Matrix.h:10,
                 from ../MatrixTester.h:8,
                 from ../MatrixTester.cpp:5:
/usr/lib/gcc/x86_64-pc-cygwin/7.4.0/include/c++/bits/stl_iterator.h:1121:5: note: candidate: template<class _IteratorL, class _IteratorR> bool std::operator==(const std::move_iterator<_IteratorL>&, const std::move_iterator<_IteratorR>&)
     operator==(const move_iterator<_IteratorL>& __x,
     ^~~~~~~~
/usr/lib/gcc/x86_64-pc-cygwin/7.4.0/include/c++/bits/stl_iterator.h:1121:5: note:   template argument deduction/substitution failed:
In file included from /usr/lib/gcc/x86_64-pc-cygwin/7.4.0/include/c++/cassert:44:0,
                 from ../Vec.h:12,
                 from ../Matrix.h:10,
                 from ../MatrixTester.h:8,
                 from ../MatrixTester.cpp:5:
../MatrixTester.cpp:191:18: note:   'Matrix' is not derived from 'const std::move_iterator<_IteratorL>'
  assert( !(m3 == m5) );
                  ^
In file included from /usr/lib/gcc/x86_64-pc-cygwin/7.4.0/include/c++/bits/stl_algobase.h:67:0,
                 from /usr/lib/gcc/x86_64-pc-cygwin/7.4.0/include/c++/bits/char_traits.h:39,
                 from /usr/lib/gcc/x86_64-pc-cygwin/7.4.0/include/c++/ios:40,
                 from /usr/lib/gcc/x86_64-pc-cygwin/7.4.0/include/c++/ostream:38,
                 from /usr/lib/gcc/x86_64-pc-cygwin/7.4.0/include/c++/iostream:39,
                 from ../Vec.h:10,
                 from ../Matrix.h:10,
                 from ../MatrixTester.h:8,
                 from ../MatrixTester.cpp:5:
/usr/lib/gcc/x86_64-pc-cygwin/7.4.0/include/c++/bits/stl_iterator.h:1127:5: note: candidate: template<class _Iterator> bool std::operator==(const std::move_iterator<_IteratorL>&, const std::move_iterator<_IteratorL>&)
     operator==(const move_iterator<_Iterator>& __x,
     ^~~~~~~~
/usr/lib/gcc/x86_64-pc-cygwin/7.4.0/include/c++/bits/stl_iterator.h:1127:5: note:   template argument deduction/substitution failed:
In file included from /usr/lib/gcc/x86_64-pc-cygwin/7.4.0/include/c++/cassert:44:0,
                 from ../Vec.h:12,
                 from ../Matrix.h:10,
                 from ../MatrixTester.h:8,
                 from ../MatrixTester.cpp:5:
../MatrixTester.cpp:191:18: note:   'Matrix' is not derived from 'const std::move_iterator<_IteratorL>'
  assert( !(m3 == m5) );
                  ^
In file included from /usr/lib/gcc/x86_64-pc-cygwin/7.4.0/include/c++/string:41:0,
                 from /usr/lib/gcc/x86_64-pc-cygwin/7.4.0/include/c++/bits/locale_classes.h:40,
                 from /usr/lib/gcc/x86_64-pc-cygwin/7.4.0/include/c++/bits/ios_base.h:41,
                 from /usr/lib/gcc/x86_64-pc-cygwin/7.4.0/include/c++/ios:42,
                 from /usr/lib/gcc/x86_64-pc-cygwin/7.4.0/include/c++/ostream:38,
                 from /usr/lib/gcc/x86_64-pc-cygwin/7.4.0/include/c++/iostream:39,
                 from ../Vec.h:10,
                 from ../Matrix.h:10,
                 from ../MatrixTester.h:8,
                 from ../MatrixTester.cpp:5:
/usr/lib/gcc/x86_64-pc-cygwin/7.4.0/include/c++/bits/allocator.h:146:5: note: candidate: template<class _T1, class _T2> bool std::operator==(const std::allocator<_CharT>&, const std::allocator<_T2>&)
     operator==(const allocator<_T1>&, const allocator<_T2>&)
     ^~~~~~~~
/usr/lib/gcc/x86_64-pc-cygwin/7.4.0/include/c++/bits/allocator.h:146:5: note:   template argument deduction/substitution failed:
In file included from /usr/lib/gcc/x86_64-pc-cygwin/7.4.0/include/c++/cassert:44:0,
                 from ../Vec.h:12,
                 from ../Matrix.h:10,
                 from ../MatrixTester.h:8,
                 from ../MatrixTester.cpp:5:
../MatrixTester.cpp:191:18: note:   'Matrix' is not derived from 'const std::allocator<_CharT>'
  assert( !(m3 == m5) );
                  ^
In file included from /usr/lib/gcc/x86_64-pc-cygwin/7.4.0/include/c++/string:41:0,
                 from /usr/lib/gcc/x86_64-pc-cygwin/7.4.0/include/c++/bits/locale_classes.h:40,
                 from /usr/lib/gcc/x86_64-pc-cygwin/7.4.0/include/c++/bits/ios_base.h:41,
                 from /usr/lib/gcc/x86_64-pc-cygwin/7.4.0/include/c++/ios:42,
                 from /usr/lib/gcc/x86_64-pc-cygwin/7.4.0/include/c++/ostream:38,
                 from /usr/lib/gcc/x86_64-pc-cygwin/7.4.0/include/c++/iostream:39,
                 from ../Vec.h:10,
                 from ../Matrix.h:10,
                 from ../MatrixTester.h:8,
                 from ../MatrixTester.cpp:5:
/usr/lib/gcc/x86_64-pc-cygwin/7.4.0/include/c++/bits/allocator.h:152:5: note: candidate: template<class _Tp> bool std::operator==(const std::allocator<_CharT>&, const std::allocator<_CharT>&)
     operator==(const allocator<_Tp>&, const allocator<_Tp>&)
     ^~~~~~~~
/usr/lib/gcc/x86_64-pc-cygwin/7.4.0/include/c++/bits/allocator.h:152:5: note:   template argument deduction/substitution failed:
In file included from /usr/lib/gcc/x86_64-pc-cygwin/7.4.0/include/c++/cassert:44:0,
                 from ../Vec.h:12,
                 from ../Matrix.h:10,
                 from ../MatrixTester.h:8,
                 from ../MatrixTester.cpp:5:
../MatrixTester.cpp:191:18: note:   'Matrix' is not derived from 'const std::allocator<_CharT>'
  assert( !(m3 == m5) );
                  ^
In file included from /usr/lib/gcc/x86_64-pc-cygwin/7.4.0/include/c++/string:52:0,
                 from /usr/lib/gcc/x86_64-pc-cygwin/7.4.0/include/c++/bits/locale_classes.h:40,
                 from /usr/lib/gcc/x86_64-pc-cygwin/7.4.0/include/c++/bits/ios_base.h:41,
                 from /usr/lib/gcc/x86_64-pc-cygwin/7.4.0/include/c++/ios:42,
                 from /usr/lib/gcc/x86_64-pc-cygwin/7.4.0/include/c++/ostream:38,
                 from /usr/lib/gcc/x86_64-pc-cygwin/7.4.0/include/c++/iostream:39,
                 from ../Vec.h:10,
                 from ../Matrix.h:10,
                 from ../MatrixTester.h:8,
                 from ../MatrixTester.cpp:5:
/usr/lib/gcc/x86_64-pc-cygwin/7.4.0/include/c++/bits/basic_string.h:6009:5: note: candidate: template<class _CharT, class _Traits, class _Alloc> bool std::operator==(const std::basic_string<_CharT, _Traits, _Alloc>&, const std::basic_string<_CharT, _Traits, _Alloc>&)
     operator==(const basic_string<_CharT, _Traits, _Alloc>& __lhs,
     ^~~~~~~~
/usr/lib/gcc/x86_64-pc-cygwin/7.4.0/include/c++/bits/basic_string.h:6009:5: note:   template argument deduction/substitution failed:
In file included from /usr/lib/gcc/x86_64-pc-cygwin/7.4.0/include/c++/cassert:44:0,
                 from ../Vec.h:12,
                 from ../Matrix.h:10,
                 from ../MatrixTester.h:8,
                 from ../MatrixTester.cpp:5:
../MatrixTester.cpp:191:18: note:   'Matrix' is not derived from 'const std::basic_string<_CharT, _Traits, _Alloc>'
  assert( !(m3 == m5) );
                  ^
In file included from /usr/lib/gcc/x86_64-pc-cygwin/7.4.0/include/c++/string:52:0,
                 from /usr/lib/gcc/x86_64-pc-cygwin/7.4.0/include/c++/bits/locale_classes.h:40,
                 from /usr/lib/gcc/x86_64-pc-cygwin/7.4.0/include/c++/bits/ios_base.h:41,
                 from /usr/lib/gcc/x86_64-pc-cygwin/7.4.0/include/c++/ios:42,
                 from /usr/lib/gcc/x86_64-pc-cygwin/7.4.0/include/c++/ostream:38,
                 from /usr/lib/gcc/x86_64-pc-cygwin/7.4.0/include/c++/iostream:39,
                 from ../Vec.h:10,
                 from ../Matrix.h:10,
                 from ../MatrixTester.h:8,
                 from ../MatrixTester.cpp:5:
/usr/lib/gcc/x86_64-pc-cygwin/7.4.0/include/c++/bits/basic_string.h:6017:5: note: candidate: template<class _CharT> typename __gnu_cxx::__enable_if<std::__is_char<_Tp>::__value, bool>::__type std::operator==(const std::basic_string<_CharT>&, const std::basic_string<_CharT>&)
     operator==(const basic_string<_CharT>& __lhs,
     ^~~~~~~~
/usr/lib/gcc/x86_64-pc-cygwin/7.4.0/include/c++/bits/basic_string.h:6017:5: note:   template argument deduction/substitution failed:
In file included from /usr/lib/gcc/x86_64-pc-cygwin/7.4.0/include/c++/cassert:44:0,
                 from ../Vec.h:12,
                 from ../Matrix.h:10,
                 from ../MatrixTester.h:8,
                 from ../MatrixTester.cpp:5:
../MatrixTester.cpp:191:18: note:   'Matrix' is not derived from 'const std::basic_string<_CharT>'
  assert( !(m3 == m5) );
                  ^
In file included from /usr/lib/gcc/x86_64-pc-cygwin/7.4.0/include/c++/string:52:0,
                 from /usr/lib/gcc/x86_64-pc-cygwin/7.4.0/include/c++/bits/locale_classes.h:40,
                 from /usr/lib/gcc/x86_64-pc-cygwin/7.4.0/include/c++/bits/ios_base.h:41,
                 from /usr/lib/gcc/x86_64-pc-cygwin/7.4.0/include/c++/ios:42,
                 from /usr/lib/gcc/x86_64-pc-cygwin/7.4.0/include/c++/ostream:38,
                 from /usr/lib/gcc/x86_64-pc-cygwin/7.4.0/include/c++/iostream:39,
                 from ../Vec.h:10,
                 from ../Matrix.h:10,
                 from ../MatrixTester.h:8,
                 from ../MatrixTester.cpp:5:
/usr/lib/gcc/x86_64-pc-cygwin/7.4.0/include/c++/bits/basic_string.h:6031:5: note: candidate: template<class _CharT, class _Traits, class _Alloc> bool std::operator==(const _CharT*, const std::basic_string<_CharT, _Traits, _Alloc>&)
     operator==(const _CharT* __lhs,
     ^~~~~~~~
/usr/lib/gcc/x86_64-pc-cygwin/7.4.0/include/c++/bits/basic_string.h:6031:5: note:   template argument deduction/substitution failed:
In file included from /usr/lib/gcc/x86_64-pc-cygwin/7.4.0/include/c++/cassert:44:0,
                 from ../Vec.h:12,
                 from ../Matrix.h:10,
                 from ../MatrixTester.h:8,
                 from ../MatrixTester.cpp:5:
../MatrixTester.cpp:191:18: note:   mismatched types 'const _CharT*' and 'Matrix'
  assert( !(m3 == m5) );
                  ^
In file included from /usr/lib/gcc/x86_64-pc-cygwin/7.4.0/include/c++/string:52:0,
                 from /usr/lib/gcc/x86_64-pc-cygwin/7.4.0/include/c++/bits/locale_classes.h:40,
                 from /usr/lib/gcc/x86_64-pc-cygwin/7.4.0/include/c++/bits/ios_base.h:41,
                 from /usr/lib/gcc/x86_64-pc-cygwin/7.4.0/include/c++/ios:42,
                 from /usr/lib/gcc/x86_64-pc-cygwin/7.4.0/include/c++/ostream:38,
                 from /usr/lib/gcc/x86_64-pc-cygwin/7.4.0/include/c++/iostream:39,
                 from ../Vec.h:10,
                 from ../Matrix.h:10,
                 from ../MatrixTester.h:8,
                 from ../MatrixTester.cpp:5:
/usr/lib/gcc/x86_64-pc-cygwin/7.4.0/include/c++/bits/basic_string.h:6043:5: note: candidate: template<class _CharT, class _Traits, class _Alloc> bool std::operator==(const std::basic_string<_CharT, _Traits, _Alloc>&, const _CharT*)
     operator==(const basic_string<_CharT, _Traits, _Alloc>& __lhs,
     ^~~~~~~~
/usr/lib/gcc/x86_64-pc-cygwin/7.4.0/include/c++/bits/basic_string.h:6043:5: note:   template argument deduction/substitution failed:
In file included from /usr/lib/gcc/x86_64-pc-cygwin/7.4.0/include/c++/cassert:44:0,
                 from ../Vec.h:12,
                 from ../Matrix.h:10,
                 from ../MatrixTester.h:8,
                 from ../MatrixTester.cpp:5:
../MatrixTester.cpp:191:18: note:   'Matrix' is not derived from 'const std::basic_string<_CharT, _Traits, _Alloc>'
  assert( !(m3 == m5) );
                  ^
In file included from /usr/lib/gcc/x86_64-pc-cygwin/7.4.0/include/c++/bits/ios_base.h:46:0,
                 from /usr/lib/gcc/x86_64-pc-cygwin/7.4.0/include/c++/ios:42,
                 from /usr/lib/gcc/x86_64-pc-cygwin/7.4.0/include/c++/ostream:38,
                 from /usr/lib/gcc/x86_64-pc-cygwin/7.4.0/include/c++/iostream:39,
                 from ../Vec.h:10,
                 from ../Matrix.h:10,
                 from ../MatrixTester.h:8,
                 from ../MatrixTester.cpp:5:
/usr/lib/gcc/x86_64-pc-cygwin/7.4.0/include/c++/system_error:292:3: note: candidate: bool std::operator==(const std::error_code&, const std::error_code&)
   operator==(const error_code& __lhs, const error_code& __rhs) noexcept
   ^~~~~~~~
/usr/lib/gcc/x86_64-pc-cygwin/7.4.0/include/c++/system_error:292:3: note:   no known conversion for argument 1 from 'Matrix' to 'const std::error_code&'
/usr/lib/gcc/x86_64-pc-cygwin/7.4.0/include/c++/system_error:297:3: note: candidate: bool std::operator==(const std::error_code&, const std::error_condition&)
   operator==(const error_code& __lhs, const error_condition& __rhs) noexcept
   ^~~~~~~~
/usr/lib/gcc/x86_64-pc-cygwin/7.4.0/include/c++/system_error:297:3: note:   no known conversion for argument 1 from 'Matrix' to 'const std::error_code&'
/usr/lib/gcc/x86_64-pc-cygwin/7.4.0/include/c++/system_error:304:3: note: candidate: bool std::operator==(const std::error_condition&, const std::error_code&)
   operator==(const error_condition& __lhs, const error_code& __rhs) noexcept
   ^~~~~~~~
/usr/lib/gcc/x86_64-pc-cygwin/7.4.0/include/c++/system_error:304:3: note:   no known conversion for argument 1 from 'Matrix' to 'const std::error_condition&'
/usr/lib/gcc/x86_64-pc-cygwin/7.4.0/include/c++/system_error:311:3: note: candidate: bool std::operator==(const std::error_condition&, const std::error_condition&)
   operator==(const error_condition& __lhs,
   ^~~~~~~~
/usr/lib/gcc/x86_64-pc-cygwin/7.4.0/include/c++/system_error:311:3: note:   no known conversion for argument 1 from 'Matrix' to 'const std::error_condition&'
In file included from /usr/lib/gcc/x86_64-pc-cygwin/7.4.0/include/c++/bits/locale_facets.h:48:0,
                 from /usr/lib/gcc/x86_64-pc-cygwin/7.4.0/include/c++/bits/basic_ios.h:37,
                 from /usr/lib/gcc/x86_64-pc-cygwin/7.4.0/include/c++/ios:44,
                 from /usr/lib/gcc/x86_64-pc-cygwin/7.4.0/include/c++/ostream:38,
                 from /usr/lib/gcc/x86_64-pc-cygwin/7.4.0/include/c++/iostream:39,
                 from ../Vec.h:10,
                 from ../Matrix.h:10,
                 from ../MatrixTester.h:8,
                 from ../MatrixTester.cpp:5:
/usr/lib/gcc/x86_64-pc-cygwin/7.4.0/include/c++/bits/streambuf_iterator.h:204:5: note: candidate: template<class _CharT, class _Traits> bool std::operator==(const std::istreambuf_iterator<_CharT, _Traits>&, const std::istreambuf_iterator<_CharT, _Traits>&)
     operator==(const istreambuf_iterator<_CharT, _Traits>& __a,
     ^~~~~~~~
/usr/lib/gcc/x86_64-pc-cygwin/7.4.0/include/c++/bits/streambuf_iterator.h:204:5: note:   template argument deduction/substitution failed:
In file included from /usr/lib/gcc/x86_64-pc-cygwin/7.4.0/include/c++/cassert:44:0,
                 from ../Vec.h:12,
                 from ../Matrix.h:10,
                 from ../MatrixTester.h:8,
                 from ../MatrixTester.cpp:5:
../MatrixTester.cpp:191:18: note:   'Matrix' is not derived from 'const std::istreambuf_iterator<_CharT, _Traits>'
  assert( !(m3 == m5) );
                  ^
../MatrixTester.cpp:193:15: error: no match for 'operator==' (operand types are 'Matrix' and 'Matrix')
  assert( !(m3 == m4b) );
            ~~~^~~~
In file included from /usr/lib/gcc/x86_64-pc-cygwin/7.4.0/include/c++/iosfwd:40:0,
                 from /usr/lib/gcc/x86_64-pc-cygwin/7.4.0/include/c++/ios:38,
                 from /usr/lib/gcc/x86_64-pc-cygwin/7.4.0/include/c++/ostream:38,
                 from /usr/lib/gcc/x86_64-pc-cygwin/7.4.0/include/c++/iostream:39,
                 from ../Vec.h:10,
                 from ../Matrix.h:10,
                 from ../MatrixTester.h:8,
                 from ../MatrixTester.cpp:5:
/usr/lib/gcc/x86_64-pc-cygwin/7.4.0/include/c++/bits/postypes.h:216:5: note: candidate: template<class _StateT> bool std::operator==(const std::fpos<_StateT>&, const std::fpos<_StateT>&)
     operator==(const fpos<_StateT>& __lhs, const fpos<_StateT>& __rhs)
     ^~~~~~~~
/usr/lib/gcc/x86_64-pc-cygwin/7.4.0/include/c++/bits/postypes.h:216:5: note:   template argument deduction/substitution failed:
In file included from /usr/lib/gcc/x86_64-pc-cygwin/7.4.0/include/c++/cassert:44:0,
                 from ../Vec.h:12,
                 from ../Matrix.h:10,
                 from ../MatrixTester.h:8,
                 from ../MatrixTester.cpp:5:
../MatrixTester.cpp:193:18: note:   'Matrix' is not derived from 'const std::fpos<_StateT>'
  assert( !(m3 == m4b) );
                  ^
In file included from /usr/lib/gcc/x86_64-pc-cygwin/7.4.0/include/c++/bits/stl_algobase.h:64:0,
                 from /usr/lib/gcc/x86_64-pc-cygwin/7.4.0/include/c++/bits/char_traits.h:39,
                 from /usr/lib/gcc/x86_64-pc-cygwin/7.4.0/include/c++/ios:40,
                 from /usr/lib/gcc/x86_64-pc-cygwin/7.4.0/include/c++/ostream:38,
                 from /usr/lib/gcc/x86_64-pc-cygwin/7.4.0/include/c++/iostream:39,
                 from ../Vec.h:10,
                 from ../Matrix.h:10,
                 from ../MatrixTester.h:8,
                 from ../MatrixTester.cpp:5:
/usr/lib/gcc/x86_64-pc-cygwin/7.4.0/include/c++/bits/stl_pair.h:448:5: note: candidate: template<class _T1, class _T2> constexpr bool std::operator==(const std::pair<_T1, _T2>&, const std::pair<_T1, _T2>&)
     operator==(const pair<_T1, _T2>& __x, const pair<_T1, _T2>& __y)
     ^~~~~~~~
/usr/lib/gcc/x86_64-pc-cygwin/7.4.0/include/c++/bits/stl_pair.h:448:5: note:   template argument deduction/substitution failed:
In file included from /usr/lib/gcc/x86_64-pc-cygwin/7.4.0/include/c++/cassert:44:0,
                 from ../Vec.h:12,
                 from ../Matrix.h:10,
                 from ../MatrixTester.h:8,
                 from ../MatrixTester.cpp:5:
../MatrixTester.cpp:193:18: note:   'Matrix' is not derived from 'const std::pair<_T1, _T2>'
  assert( !(m3 == m4b) );
                  ^
In file included from /usr/lib/gcc/x86_64-pc-cygwin/7.4.0/include/c++/bits/stl_algobase.h:67:0,
                 from /usr/lib/gcc/x86_64-pc-cygwin/7.4.0/include/c++/bits/char_traits.h:39,
                 from /usr/lib/gcc/x86_64-pc-cygwin/7.4.0/include/c++/ios:40,
                 from /usr/lib/gcc/x86_64-pc-cygwin/7.4.0/include/c++/ostream:38,
                 from /usr/lib/gcc/x86_64-pc-cygwin/7.4.0/include/c++/iostream:39,
                 from ../Vec.h:10,
                 from ../Matrix.h:10,
                 from ../MatrixTester.h:8,
                 from ../MatrixTester.cpp:5:
/usr/lib/gcc/x86_64-pc-cygwin/7.4.0/include/c++/bits/stl_iterator.h:302:5: note: candidate: template<class _Iterator> bool std::operator==(const std::reverse_iterator<_Iterator>&, const std::reverse_iterator<_Iterator>&)
     operator==(const reverse_iterator<_Iterator>& __x,
     ^~~~~~~~
/usr/lib/gcc/x86_64-pc-cygwin/7.4.0/include/c++/bits/stl_iterator.h:302:5: note:   template argument deduction/substitution failed:
In file included from /usr/lib/gcc/x86_64-pc-cygwin/7.4.0/include/c++/cassert:44:0,
                 from ../Vec.h:12,
                 from ../Matrix.h:10,
                 from ../MatrixTester.h:8,
                 from ../MatrixTester.cpp:5:
../MatrixTester.cpp:193:18: note:   'Matrix' is not derived from 'const std::reverse_iterator<_Iterator>'
  assert( !(m3 == m4b) );
                  ^
In file included from /usr/lib/gcc/x86_64-pc-cygwin/7.4.0/include/c++/bits/stl_algobase.h:67:0,
                 from /usr/lib/gcc/x86_64-pc-cygwin/7.4.0/include/c++/bits/char_traits.h:39,
                 from /usr/lib/gcc/x86_64-pc-cygwin/7.4.0/include/c++/ios:40,
                 from /usr/lib/gcc/x86_64-pc-cygwin/7.4.0/include/c++/ostream:38,
                 from /usr/lib/gcc/x86_64-pc-cygwin/7.4.0/include/c++/iostream:39,
                 from ../Vec.h:10,
                 from ../Matrix.h:10,
                 from ../MatrixTester.h:8,
                 from ../MatrixTester.cpp:5:
/usr/lib/gcc/x86_64-pc-cygwin/7.4.0/include/c++/bits/stl_iterator.h:340:5: note: candidate: template<class _IteratorL, class _IteratorR> bool std::operator==(const std::reverse_iterator<_Iterator>&, const std::reverse_iterator<_IteratorR>&)
     operator==(const reverse_iterator<_IteratorL>& __x,
     ^~~~~~~~
/usr/lib/gcc/x86_64-pc-cygwin/7.4.0/include/c++/bits/stl_iterator.h:340:5: note:   template argument deduction/substitution failed:
In file included from /usr/lib/gcc/x86_64-pc-cygwin/7.4.0/include/c++/cassert:44:0,
                 from ../Vec.h:12,
                 from ../Matrix.h:10,
                 from ../MatrixTester.h:8,
                 from ../MatrixTester.cpp:5:
../MatrixTester.cpp:193:18: note:   'Matrix' is not derived from 'const std::reverse_iterator<_Iterator>'
  assert( !(m3 == m4b) );
                  ^
In file included from /usr/lib/gcc/x86_64-pc-cygwin/7.4.0/include/c++/bits/stl_algobase.h:67:0,
                 from /usr/lib/gcc/x86_64-pc-cygwin/7.4.0/include/c++/bits/char_traits.h:39,
                 from /usr/lib/gcc/x86_64-pc-cygwin/7.4.0/include/c++/ios:40,
                 from /usr/lib/gcc/x86_64-pc-cygwin/7.4.0/include/c++/ostream:38,
                 from /usr/lib/gcc/x86_64-pc-cygwin/7.4.0/include/c++/iostream:39,
                 from ../Vec.h:10,
                 from ../Matrix.h:10,
                 from ../MatrixTester.h:8,
                 from ../MatrixTester.cpp:5:
/usr/lib/gcc/x86_64-pc-cygwin/7.4.0/include/c++/bits/stl_iterator.h:1121:5: note: candidate: template<class _IteratorL, class _IteratorR> bool std::operator==(const std::move_iterator<_IteratorL>&, const std::move_iterator<_IteratorR>&)
     operator==(const move_iterator<_IteratorL>& __x,
     ^~~~~~~~
/usr/lib/gcc/x86_64-pc-cygwin/7.4.0/include/c++/bits/stl_iterator.h:1121:5: note:   template argument deduction/substitution failed:
In file included from /usr/lib/gcc/x86_64-pc-cygwin/7.4.0/include/c++/cassert:44:0,
                 from ../Vec.h:12,
                 from ../Matrix.h:10,
                 from ../MatrixTester.h:8,
                 from ../MatrixTester.cpp:5:
../MatrixTester.cpp:193:18: note:   'Matrix' is not derived from 'const std::move_iterator<_IteratorL>'
  assert( !(m3 == m4b) );
                  ^
In file included from /usr/lib/gcc/x86_64-pc-cygwin/7.4.0/include/c++/bits/stl_algobase.h:67:0,
                 from /usr/lib/gcc/x86_64-pc-cygwin/7.4.0/include/c++/bits/char_traits.h:39,
                 from /usr/lib/gcc/x86_64-pc-cygwin/7.4.0/include/c++/ios:40,
                 from /usr/lib/gcc/x86_64-pc-cygwin/7.4.0/include/c++/ostream:38,
                 from /usr/lib/gcc/x86_64-pc-cygwin/7.4.0/include/c++/iostream:39,
                 from ../Vec.h:10,
                 from ../Matrix.h:10,
                 from ../MatrixTester.h:8,
                 from ../MatrixTester.cpp:5:
/usr/lib/gcc/x86_64-pc-cygwin/7.4.0/include/c++/bits/stl_iterator.h:1127:5: note: candidate: template<class _Iterator> bool std::operator==(const std::move_iterator<_IteratorL>&, const std::move_iterator<_IteratorL>&)
     operator==(const move_iterator<_Iterator>& __x,
     ^~~~~~~~
/usr/lib/gcc/x86_64-pc-cygwin/7.4.0/include/c++/bits/stl_iterator.h:1127:5: note:   template argument deduction/substitution failed:
In file included from /usr/lib/gcc/x86_64-pc-cygwin/7.4.0/include/c++/cassert:44:0,
                 from ../Vec.h:12,
                 from ../Matrix.h:10,
                 from ../MatrixTester.h:8,
                 from ../MatrixTester.cpp:5:
../MatrixTester.cpp:193:18: note:   'Matrix' is not derived from 'const std::move_iterator<_IteratorL>'
  assert( !(m3 == m4b) );
                  ^
In file included from /usr/lib/gcc/x86_64-pc-cygwin/7.4.0/include/c++/string:41:0,
                 from /usr/lib/gcc/x86_64-pc-cygwin/7.4.0/include/c++/bits/locale_classes.h:40,
                 from /usr/lib/gcc/x86_64-pc-cygwin/7.4.0/include/c++/bits/ios_base.h:41,
                 from /usr/lib/gcc/x86_64-pc-cygwin/7.4.0/include/c++/ios:42,
                 from /usr/lib/gcc/x86_64-pc-cygwin/7.4.0/include/c++/ostream:38,
                 from /usr/lib/gcc/x86_64-pc-cygwin/7.4.0/include/c++/iostream:39,
                 from ../Vec.h:10,
                 from ../Matrix.h:10,
                 from ../MatrixTester.h:8,
                 from ../MatrixTester.cpp:5:
/usr/lib/gcc/x86_64-pc-cygwin/7.4.0/include/c++/bits/allocator.h:146:5: note: candidate: template<class _T1, class _T2> bool std::operator==(const std::allocator<_CharT>&, const std::allocator<_T2>&)
     operator==(const allocator<_T1>&, const allocator<_T2>&)
     ^~~~~~~~
/usr/lib/gcc/x86_64-pc-cygwin/7.4.0/include/c++/bits/allocator.h:146:5: note:   template argument deduction/substitution failed:
In file included from /usr/lib/gcc/x86_64-pc-cygwin/7.4.0/include/c++/cassert:44:0,
                 from ../Vec.h:12,
                 from ../Matrix.h:10,
                 from ../MatrixTester.h:8,
                 from ../MatrixTester.cpp:5:
../MatrixTester.cpp:193:18: note:   'Matrix' is not derived from 'const std::allocator<_CharT>'
  assert( !(m3 == m4b) );
                  ^
In file included from /usr/lib/gcc/x86_64-pc-cygwin/7.4.0/include/c++/string:41:0,
                 from /usr/lib/gcc/x86_64-pc-cygwin/7.4.0/include/c++/bits/locale_classes.h:40,
                 from /usr/lib/gcc/x86_64-pc-cygwin/7.4.0/include/c++/bits/ios_base.h:41,
                 from /usr/lib/gcc/x86_64-pc-cygwin/7.4.0/include/c++/ios:42,
                 from /usr/lib/gcc/x86_64-pc-cygwin/7.4.0/include/c++/ostream:38,
                 from /usr/lib/gcc/x86_64-pc-cygwin/7.4.0/include/c++/iostream:39,
                 from ../Vec.h:10,
                 from ../Matrix.h:10,
                 from ../MatrixTester.h:8,
                 from ../MatrixTester.cpp:5:
/usr/lib/gcc/x86_64-pc-cygwin/7.4.0/include/c++/bits/allocator.h:152:5: note: candidate: template<class _Tp> bool std::operator==(const std::allocator<_CharT>&, const std::allocator<_CharT>&)
     operator==(const allocator<_Tp>&, const allocator<_Tp>&)
     ^~~~~~~~
/usr/lib/gcc/x86_64-pc-cygwin/7.4.0/include/c++/bits/allocator.h:152:5: note:   template argument deduction/substitution failed:
In file included from /usr/lib/gcc/x86_64-pc-cygwin/7.4.0/include/c++/cassert:44:0,
                 from ../Vec.h:12,
                 from ../Matrix.h:10,
                 from ../MatrixTester.h:8,
                 from ../MatrixTester.cpp:5:
../MatrixTester.cpp:193:18: note:   'Matrix' is not derived from 'const std::allocator<_CharT>'
  assert( !(m3 == m4b) );
                  ^
In file included from /usr/lib/gcc/x86_64-pc-cygwin/7.4.0/include/c++/string:52:0,
                 from /usr/lib/gcc/x86_64-pc-cygwin/7.4.0/include/c++/bits/locale_classes.h:40,
                 from /usr/lib/gcc/x86_64-pc-cygwin/7.4.0/include/c++/bits/ios_base.h:41,
                 from /usr/lib/gcc/x86_64-pc-cygwin/7.4.0/include/c++/ios:42,
                 from /usr/lib/gcc/x86_64-pc-cygwin/7.4.0/include/c++/ostream:38,
                 from /usr/lib/gcc/x86_64-pc-cygwin/7.4.0/include/c++/iostream:39,
                 from ../Vec.h:10,
                 from ../Matrix.h:10,
                 from ../MatrixTester.h:8,
                 from ../MatrixTester.cpp:5:
/usr/lib/gcc/x86_64-pc-cygwin/7.4.0/include/c++/bits/basic_string.h:6009:5: note: candidate: template<class _CharT, class _Traits, class _Alloc> bool std::operator==(const std::basic_string<_CharT, _Traits, _Alloc>&, const std::basic_string<_CharT, _Traits, _Alloc>&)
     operator==(const basic_string<_CharT, _Traits, _Alloc>& __lhs,
     ^~~~~~~~
/usr/lib/gcc/x86_64-pc-cygwin/7.4.0/include/c++/bits/basic_string.h:6009:5: note:   template argument deduction/substitution failed:
In file included from /usr/lib/gcc/x86_64-pc-cygwin/7.4.0/include/c++/cassert:44:0,
                 from ../Vec.h:12,
                 from ../Matrix.h:10,
                 from ../MatrixTester.h:8,
                 from ../MatrixTester.cpp:5:
../MatrixTester.cpp:193:18: note:   'Matrix' is not derived from 'const std::basic_string<_CharT, _Traits, _Alloc>'
  assert( !(m3 == m4b) );
                  ^
In file included from /usr/lib/gcc/x86_64-pc-cygwin/7.4.0/include/c++/string:52:0,
                 from /usr/lib/gcc/x86_64-pc-cygwin/7.4.0/include/c++/bits/locale_classes.h:40,
                 from /usr/lib/gcc/x86_64-pc-cygwin/7.4.0/include/c++/bits/ios_base.h:41,
                 from /usr/lib/gcc/x86_64-pc-cygwin/7.4.0/include/c++/ios:42,
                 from /usr/lib/gcc/x86_64-pc-cygwin/7.4.0/include/c++/ostream:38,
                 from /usr/lib/gcc/x86_64-pc-cygwin/7.4.0/include/c++/iostream:39,
                 from ../Vec.h:10,
                 from ../Matrix.h:10,
                 from ../MatrixTester.h:8,
                 from ../MatrixTester.cpp:5:
/usr/lib/gcc/x86_64-pc-cygwin/7.4.0/include/c++/bits/basic_string.h:6017:5: note: candidate: template<class _CharT> typename __gnu_cxx::__enable_if<std::__is_char<_Tp>::__value, bool>::__type std::operator==(const std::basic_string<_CharT>&, const std::basic_string<_CharT>&)
     operator==(const basic_string<_CharT>& __lhs,
     ^~~~~~~~
/usr/lib/gcc/x86_64-pc-cygwin/7.4.0/include/c++/bits/basic_string.h:6017:5: note:   template argument deduction/substitution failed:
In file included from /usr/lib/gcc/x86_64-pc-cygwin/7.4.0/include/c++/cassert:44:0,
                 from ../Vec.h:12,
                 from ../Matrix.h:10,
                 from ../MatrixTester.h:8,
                 from ../MatrixTester.cpp:5:
../MatrixTester.cpp:193:18: note:   'Matrix' is not derived from 'const std::basic_string<_CharT>'
  assert( !(m3 == m4b) );
                  ^
In file included from /usr/lib/gcc/x86_64-pc-cygwin/7.4.0/include/c++/string:52:0,
                 from /usr/lib/gcc/x86_64-pc-cygwin/7.4.0/include/c++/bits/locale_classes.h:40,
                 from /usr/lib/gcc/x86_64-pc-cygwin/7.4.0/include/c++/bits/ios_base.h:41,
                 from /usr/lib/gcc/x86_64-pc-cygwin/7.4.0/include/c++/ios:42,
                 from /usr/lib/gcc/x86_64-pc-cygwin/7.4.0/include/c++/ostream:38,
                 from /usr/lib/gcc/x86_64-pc-cygwin/7.4.0/include/c++/iostream:39,
                 from ../Vec.h:10,
                 from ../Matrix.h:10,
                 from ../MatrixTester.h:8,
                 from ../MatrixTester.cpp:5:
/usr/lib/gcc/x86_64-pc-cygwin/7.4.0/include/c++/bits/basic_string.h:6031:5: note: candidate: template<class _CharT, class _Traits, class _Alloc> bool std::operator==(const _CharT*, const std::basic_string<_CharT, _Traits, _Alloc>&)
     operator==(const _CharT* __lhs,
     ^~~~~~~~
/usr/lib/gcc/x86_64-pc-cygwin/7.4.0/include/c++/bits/basic_string.h:6031:5: note:   template argument deduction/substitution failed:
In file included from /usr/lib/gcc/x86_64-pc-cygwin/7.4.0/include/c++/cassert:44:0,
                 from ../Vec.h:12,
                 from ../Matrix.h:10,
                 from ../MatrixTester.h:8,
                 from ../MatrixTester.cpp:5:
../MatrixTester.cpp:193:18: note:   mismatched types 'const _CharT*' and 'Matrix'
  assert( !(m3 == m4b) );
                  ^
In file included from /usr/lib/gcc/x86_64-pc-cygwin/7.4.0/include/c++/string:52:0,
                 from /usr/lib/gcc/x86_64-pc-cygwin/7.4.0/include/c++/bits/locale_classes.h:40,
                 from /usr/lib/gcc/x86_64-pc-cygwin/7.4.0/include/c++/bits/ios_base.h:41,
                 from /usr/lib/gcc/x86_64-pc-cygwin/7.4.0/include/c++/ios:42,
                 from /usr/lib/gcc/x86_64-pc-cygwin/7.4.0/include/c++/ostream:38,
                 from /usr/lib/gcc/x86_64-pc-cygwin/7.4.0/include/c++/iostream:39,
                 from ../Vec.h:10,
                 from ../Matrix.h:10,
                 from ../MatrixTester.h:8,
                 from ../MatrixTester.cpp:5:
/usr/lib/gcc/x86_64-pc-cygwin/7.4.0/include/c++/bits/basic_string.h:6043:5: note: candidate: template<class _CharT, class _Traits, class _Alloc> bool std::operator==(const std::basic_string<_CharT, _Traits, _Alloc>&, const _CharT*)
     operator==(const basic_string<_CharT, _Traits, _Alloc>& __lhs,
     ^~~~~~~~
/usr/lib/gcc/x86_64-pc-cygwin/7.4.0/include/c++/bits/basic_string.h:6043:5: note:   template argument deduction/substitution failed:
In file included from /usr/lib/gcc/x86_64-pc-cygwin/7.4.0/include/c++/cassert:44:0,
                 from ../Vec.h:12,
                 from ../Matrix.h:10,
                 from ../MatrixTester.h:8,
                 from ../MatrixTester.cpp:5:
../MatrixTester.cpp:193:18: note:   'Matrix' is not derived from 'const std::basic_string<_CharT, _Traits, _Alloc>'
  assert( !(m3 == m4b) );
                  ^
In file included from /usr/lib/gcc/x86_64-pc-cygwin/7.4.0/include/c++/bits/ios_base.h:46:0,
                 from /usr/lib/gcc/x86_64-pc-cygwin/7.4.0/include/c++/ios:42,
                 from /usr/lib/gcc/x86_64-pc-cygwin/7.4.0/include/c++/ostream:38,
                 from /usr/lib/gcc/x86_64-pc-cygwin/7.4.0/include/c++/iostream:39,
                 from ../Vec.h:10,
                 from ../Matrix.h:10,
                 from ../MatrixTester.h:8,
                 from ../MatrixTester.cpp:5:
/usr/lib/gcc/x86_64-pc-cygwin/7.4.0/include/c++/system_error:292:3: note: candidate: bool std::operator==(const std::error_code&, const std::error_code&)
   operator==(const error_code& __lhs, const error_code& __rhs) noexcept
   ^~~~~~~~
/usr/lib/gcc/x86_64-pc-cygwin/7.4.0/include/c++/system_error:292:3: note:   no known conversion for argument 1 from 'Matrix' to 'const std::error_code&'
/usr/lib/gcc/x86_64-pc-cygwin/7.4.0/include/c++/system_error:297:3: note: candidate: bool std::operator==(const std::error_code&, const std::error_condition&)
   operator==(const error_code& __lhs, const error_condition& __rhs) noexcept
   ^~~~~~~~
/usr/lib/gcc/x86_64-pc-cygwin/7.4.0/include/c++/system_error:297:3: note:   no known conversion for argument 1 from 'Matrix' to 'const std::error_code&'
/usr/lib/gcc/x86_64-pc-cygwin/7.4.0/include/c++/system_error:304:3: note: candidate: bool std::operator==(const std::error_condition&, const std::error_code&)
   operator==(const error_condition& __lhs, const error_code& __rhs) noexcept
   ^~~~~~~~
/usr/lib/gcc/x86_64-pc-cygwin/7.4.0/include/c++/system_error:304:3: note:   no known conversion for argument 1 from 'Matrix' to 'const std::error_condition&'
/usr/lib/gcc/x86_64-pc-cygwin/7.4.0/include/c++/system_error:311:3: note: candidate: bool std::operator==(const std::error_condition&, const std::error_condition&)
   operator==(const error_condition& __lhs,
   ^~~~~~~~
/usr/lib/gcc/x86_64-pc-cygwin/7.4.0/include/c++/system_error:311:3: note:   no known conversion for argument 1 from 'Matrix' to 'const std::error_condition&'
In file included from /usr/lib/gcc/x86_64-pc-cygwin/7.4.0/include/c++/bits/locale_facets.h:48:0,
                 from /usr/lib/gcc/x86_64-pc-cygwin/7.4.0/include/c++/bits/basic_ios.h:37,
                 from /usr/lib/gcc/x86_64-pc-cygwin/7.4.0/include/c++/ios:44,
                 from /usr/lib/gcc/x86_64-pc-cygwin/7.4.0/include/c++/ostream:38,
                 from /usr/lib/gcc/x86_64-pc-cygwin/7.4.0/include/c++/iostream:39,
                 from ../Vec.h:10,
                 from ../Matrix.h:10,
                 from ../MatrixTester.h:8,
                 from ../MatrixTester.cpp:5:
/usr/lib/gcc/x86_64-pc-cygwin/7.4.0/include/c++/bits/streambuf_iterator.h:204:5: note: candidate: template<class _CharT, class _Traits> bool std::operator==(const std::istreambuf_iterator<_CharT, _Traits>&, const std::istreambuf_iterator<_CharT, _Traits>&)
     operator==(const istreambuf_iterator<_CharT, _Traits>& __a,
     ^~~~~~~~
/usr/lib/gcc/x86_64-pc-cygwin/7.4.0/include/c++/bits/streambuf_iterator.h:204:5: note:   template argument deduction/substitution failed:
In file included from /usr/lib/gcc/x86_64-pc-cygwin/7.4.0/include/c++/cassert:44:0,
                 from ../Vec.h:12,
                 from ../Matrix.h:10,
                 from ../MatrixTester.h:8,
                 from ../MatrixTester.cpp:5:
../MatrixTester.cpp:193:18: note:   'Matrix' is not derived from 'const std::istreambuf_iterator<_CharT, _Traits>'
  assert( !(m3 == m4b) );
                  ^
../MatrixTester.cpp:199:15: error: no match for 'operator==' (operand types are 'Matrix' and 'Matrix')
  assert( !(m6 == m7) );
            ~~~^~~~
In file included from /usr/lib/gcc/x86_64-pc-cygwin/7.4.0/include/c++/iosfwd:40:0,
                 from /usr/lib/gcc/x86_64-pc-cygwin/7.4.0/include/c++/ios:38,
                 from /usr/lib/gcc/x86_64-pc-cygwin/7.4.0/include/c++/ostream:38,
                 from /usr/lib/gcc/x86_64-pc-cygwin/7.4.0/include/c++/iostream:39,
                 from ../Vec.h:10,
                 from ../Matrix.h:10,
                 from ../MatrixTester.h:8,
                 from ../MatrixTester.cpp:5:
/usr/lib/gcc/x86_64-pc-cygwin/7.4.0/include/c++/bits/postypes.h:216:5: note: candidate: template<class _StateT> bool std::operator==(const std::fpos<_StateT>&, const std::fpos<_StateT>&)
     operator==(const fpos<_StateT>& __lhs, const fpos<_StateT>& __rhs)
     ^~~~~~~~
/usr/lib/gcc/x86_64-pc-cygwin/7.4.0/include/c++/bits/postypes.h:216:5: note:   template argument deduction/substitution failed:
In file included from /usr/lib/gcc/x86_64-pc-cygwin/7.4.0/include/c++/cassert:44:0,
                 from ../Vec.h:12,
                 from ../Matrix.h:10,
                 from ../MatrixTester.h:8,
                 from ../MatrixTester.cpp:5:
../MatrixTester.cpp:199:18: note:   'Matrix' is not derived from 'const std::fpos<_StateT>'
  assert( !(m6 == m7) );
                  ^
In file included from /usr/lib/gcc/x86_64-pc-cygwin/7.4.0/include/c++/bits/stl_algobase.h:64:0,
                 from /usr/lib/gcc/x86_64-pc-cygwin/7.4.0/include/c++/bits/char_traits.h:39,
                 from /usr/lib/gcc/x86_64-pc-cygwin/7.4.0/include/c++/ios:40,
                 from /usr/lib/gcc/x86_64-pc-cygwin/7.4.0/include/c++/ostream:38,
                 from /usr/lib/gcc/x86_64-pc-cygwin/7.4.0/include/c++/iostream:39,
                 from ../Vec.h:10,
                 from ../Matrix.h:10,
                 from ../MatrixTester.h:8,
                 from ../MatrixTester.cpp:5:
/usr/lib/gcc/x86_64-pc-cygwin/7.4.0/include/c++/bits/stl_pair.h:448:5: note: candidate: template<class _T1, class _T2> constexpr bool std::operator==(const std::pair<_T1, _T2>&, const std::pair<_T1, _T2>&)
     operator==(const pair<_T1, _T2>& __x, const pair<_T1, _T2>& __y)
     ^~~~~~~~
/usr/lib/gcc/x86_64-pc-cygwin/7.4.0/include/c++/bits/stl_pair.h:448:5: note:   template argument deduction/substitution failed:
In file included from /usr/lib/gcc/x86_64-pc-cygwin/7.4.0/include/c++/cassert:44:0,
                 from ../Vec.h:12,
                 from ../Matrix.h:10,
                 from ../MatrixTester.h:8,
                 from ../MatrixTester.cpp:5:
../MatrixTester.cpp:199:18: note:   'Matrix' is not derived from 'const std::pair<_T1, _T2>'
  assert( !(m6 == m7) );
                  ^
In file included from /usr/lib/gcc/x86_64-pc-cygwin/7.4.0/include/c++/bits/stl_algobase.h:67:0,
                 from /usr/lib/gcc/x86_64-pc-cygwin/7.4.0/include/c++/bits/char_traits.h:39,
                 from /usr/lib/gcc/x86_64-pc-cygwin/7.4.0/include/c++/ios:40,
                 from /usr/lib/gcc/x86_64-pc-cygwin/7.4.0/include/c++/ostream:38,
                 from /usr/lib/gcc/x86_64-pc-cygwin/7.4.0/include/c++/iostream:39,
                 from ../Vec.h:10,
                 from ../Matrix.h:10,
                 from ../MatrixTester.h:8,
                 from ../MatrixTester.cpp:5:
/usr/lib/gcc/x86_64-pc-cygwin/7.4.0/include/c++/bits/stl_iterator.h:302:5: note: candidate: template<class _Iterator> bool std::operator==(const std::reverse_iterator<_Iterator>&, const std::reverse_iterator<_Iterator>&)
     operator==(const reverse_iterator<_Iterator>& __x,
     ^~~~~~~~
/usr/lib/gcc/x86_64-pc-cygwin/7.4.0/include/c++/bits/stl_iterator.h:302:5: note:   template argument deduction/substitution failed:
In file included from /usr/lib/gcc/x86_64-pc-cygwin/7.4.0/include/c++/cassert:44:0,
                 from ../Vec.h:12,
                 from ../Matrix.h:10,
                 from ../MatrixTester.h:8,
                 from ../MatrixTester.cpp:5:
../MatrixTester.cpp:199:18: note:   'Matrix' is not derived from 'const std::reverse_iterator<_Iterator>'
  assert( !(m6 == m7) );
                  ^
In file included from /usr/lib/gcc/x86_64-pc-cygwin/7.4.0/include/c++/bits/stl_algobase.h:67:0,
                 from /usr/lib/gcc/x86_64-pc-cygwin/7.4.0/include/c++/bits/char_traits.h:39,
                 from /usr/lib/gcc/x86_64-pc-cygwin/7.4.0/include/c++/ios:40,
                 from /usr/lib/gcc/x86_64-pc-cygwin/7.4.0/include/c++/ostream:38,
                 from /usr/lib/gcc/x86_64-pc-cygwin/7.4.0/include/c++/iostream:39,
                 from ../Vec.h:10,
                 from ../Matrix.h:10,
                 from ../MatrixTester.h:8,
                 from ../MatrixTester.cpp:5:
/usr/lib/gcc/x86_64-pc-cygwin/7.4.0/include/c++/bits/stl_iterator.h:340:5: note: candidate: template<class _IteratorL, class _IteratorR> bool std::operator==(const std::reverse_iterator<_Iterator>&, const std::reverse_iterator<_IteratorR>&)
     operator==(const reverse_iterator<_IteratorL>& __x,
     ^~~~~~~~
/usr/lib/gcc/x86_64-pc-cygwin/7.4.0/include/c++/bits/stl_iterator.h:340:5: note:   template argument deduction/substitution failed:
In file included from /usr/lib/gcc/x86_64-pc-cygwin/7.4.0/include/c++/cassert:44:0,
                 from ../Vec.h:12,
                 from ../Matrix.h:10,
                 from ../MatrixTester.h:8,
                 from ../MatrixTester.cpp:5:
../MatrixTester.cpp:199:18: note:   'Matrix' is not derived from 'const std::reverse_iterator<_Iterator>'
  assert( !(m6 == m7) );
                  ^
In file included from /usr/lib/gcc/x86_64-pc-cygwin/7.4.0/include/c++/bits/stl_algobase.h:67:0,
                 from /usr/lib/gcc/x86_64-pc-cygwin/7.4.0/include/c++/bits/char_traits.h:39,
                 from /usr/lib/gcc/x86_64-pc-cygwin/7.4.0/include/c++/ios:40,
                 from /usr/lib/gcc/x86_64-pc-cygwin/7.4.0/include/c++/ostream:38,
                 from /usr/lib/gcc/x86_64-pc-cygwin/7.4.0/include/c++/iostream:39,
                 from ../Vec.h:10,
                 from ../Matrix.h:10,
                 from ../MatrixTester.h:8,
                 from ../MatrixTester.cpp:5:
/usr/lib/gcc/x86_64-pc-cygwin/7.4.0/include/c++/bits/stl_iterator.h:1121:5: note: candidate: template<class _IteratorL, class _IteratorR> bool std::operator==(const std::move_iterator<_IteratorL>&, const std::move_iterator<_IteratorR>&)
     operator==(const move_iterator<_IteratorL>& __x,
     ^~~~~~~~
/usr/lib/gcc/x86_64-pc-cygwin/7.4.0/include/c++/bits/stl_iterator.h:1121:5: note:   template argument deduction/substitution failed:
In file included from /usr/lib/gcc/x86_64-pc-cygwin/7.4.0/include/c++/cassert:44:0,
                 from ../Vec.h:12,
                 from ../Matrix.h:10,
                 from ../MatrixTester.h:8,
                 from ../MatrixTester.cpp:5:
../MatrixTester.cpp:199:18: note:   'Matrix' is not derived from 'const std::move_iterator<_IteratorL>'
  assert( !(m6 == m7) );
                  ^
In file included from /usr/lib/gcc/x86_64-pc-cygwin/7.4.0/include/c++/bits/stl_algobase.h:67:0,
                 from /usr/lib/gcc/x86_64-pc-cygwin/7.4.0/include/c++/bits/char_traits.h:39,
                 from /usr/lib/gcc/x86_64-pc-cygwin/7.4.0/include/c++/ios:40,
                 from /usr/lib/gcc/x86_64-pc-cygwin/7.4.0/include/c++/ostream:38,
                 from /usr/lib/gcc/x86_64-pc-cygwin/7.4.0/include/c++/iostream:39,
                 from ../Vec.h:10,
                 from ../Matrix.h:10,
                 from ../MatrixTester.h:8,
                 from ../MatrixTester.cpp:5:
/usr/lib/gcc/x86_64-pc-cygwin/7.4.0/include/c++/bits/stl_iterator.h:1127:5: note: candidate: template<class _Iterator> bool std::operator==(const std::move_iterator<_IteratorL>&, const std::move_iterator<_IteratorL>&)
     operator==(const move_iterator<_Iterator>& __x,
     ^~~~~~~~
/usr/lib/gcc/x86_64-pc-cygwin/7.4.0/include/c++/bits/stl_iterator.h:1127:5: note:   template argument deduction/substitution failed:
In file included from /usr/lib/gcc/x86_64-pc-cygwin/7.4.0/include/c++/cassert:44:0,
                 from ../Vec.h:12,
                 from ../Matrix.h:10,
                 from ../MatrixTester.h:8,
                 from ../MatrixTester.cpp:5:
../MatrixTester.cpp:199:18: note:   'Matrix' is not derived from 'const std::move_iterator<_IteratorL>'
  assert( !(m6 == m7) );
                  ^
In file included from /usr/lib/gcc/x86_64-pc-cygwin/7.4.0/include/c++/string:41:0,
                 from /usr/lib/gcc/x86_64-pc-cygwin/7.4.0/include/c++/bits/locale_classes.h:40,
                 from /usr/lib/gcc/x86_64-pc-cygwin/7.4.0/include/c++/bits/ios_base.h:41,
                 from /usr/lib/gcc/x86_64-pc-cygwin/7.4.0/include/c++/ios:42,
                 from /usr/lib/gcc/x86_64-pc-cygwin/7.4.0/include/c++/ostream:38,
                 from /usr/lib/gcc/x86_64-pc-cygwin/7.4.0/include/c++/iostream:39,
                 from ../Vec.h:10,
                 from ../Matrix.h:10,
                 from ../MatrixTester.h:8,
                 from ../MatrixTester.cpp:5:
/usr/lib/gcc/x86_64-pc-cygwin/7.4.0/include/c++/bits/allocator.h:146:5: note: candidate: template<class _T1, class _T2> bool std::operator==(const std::allocator<_CharT>&, const std::allocator<_T2>&)
     operator==(const allocator<_T1>&, const allocator<_T2>&)
     ^~~~~~~~
/usr/lib/gcc/x86_64-pc-cygwin/7.4.0/include/c++/bits/allocator.h:146:5: note:   template argument deduction/substitution failed:
In file included from /usr/lib/gcc/x86_64-pc-cygwin/7.4.0/include/c++/cassert:44:0,
                 from ../Vec.h:12,
                 from ../Matrix.h:10,
                 from ../MatrixTester.h:8,
                 from ../MatrixTester.cpp:5:
../MatrixTester.cpp:199:18: note:   'Matrix' is not derived from 'const std::allocator<_CharT>'
  assert( !(m6 == m7) );
                  ^
In file included from /usr/lib/gcc/x86_64-pc-cygwin/7.4.0/include/c++/string:41:0,
                 from /usr/lib/gcc/x86_64-pc-cygwin/7.4.0/include/c++/bits/locale_classes.h:40,
                 from /usr/lib/gcc/x86_64-pc-cygwin/7.4.0/include/c++/bits/ios_base.h:41,
                 from /usr/lib/gcc/x86_64-pc-cygwin/7.4.0/include/c++/ios:42,
                 from /usr/lib/gcc/x86_64-pc-cygwin/7.4.0/include/c++/ostream:38,
                 from /usr/lib/gcc/x86_64-pc-cygwin/7.4.0/include/c++/iostream:39,
                 from ../Vec.h:10,
                 from ../Matrix.h:10,
                 from ../MatrixTester.h:8,
                 from ../MatrixTester.cpp:5:
/usr/lib/gcc/x86_64-pc-cygwin/7.4.0/include/c++/bits/allocator.h:152:5: note: candidate: template<class _Tp> bool std::operator==(const std::allocator<_CharT>&, const std::allocator<_CharT>&)
     operator==(const allocator<_Tp>&, const allocator<_Tp>&)
     ^~~~~~~~
/usr/lib/gcc/x86_64-pc-cygwin/7.4.0/include/c++/bits/allocator.h:152:5: note:   template argument deduction/substitution failed:
In file included from /usr/lib/gcc/x86_64-pc-cygwin/7.4.0/include/c++/cassert:44:0,
                 from ../Vec.h:12,
                 from ../Matrix.h:10,
                 from ../MatrixTester.h:8,
                 from ../MatrixTester.cpp:5:
../MatrixTester.cpp:199:18: note:   'Matrix' is not derived from 'const std::allocator<_CharT>'
  assert( !(m6 == m7) );
                  ^
In file included from /usr/lib/gcc/x86_64-pc-cygwin/7.4.0/include/c++/string:52:0,
                 from /usr/lib/gcc/x86_64-pc-cygwin/7.4.0/include/c++/bits/locale_classes.h:40,
                 from /usr/lib/gcc/x86_64-pc-cygwin/7.4.0/include/c++/bits/ios_base.h:41,
                 from /usr/lib/gcc/x86_64-pc-cygwin/7.4.0/include/c++/ios:42,
                 from /usr/lib/gcc/x86_64-pc-cygwin/7.4.0/include/c++/ostream:38,
                 from /usr/lib/gcc/x86_64-pc-cygwin/7.4.0/include/c++/iostream:39,
                 from ../Vec.h:10,
                 from ../Matrix.h:10,
                 from ../MatrixTester.h:8,
                 from ../MatrixTester.cpp:5:
/usr/lib/gcc/x86_64-pc-cygwin/7.4.0/include/c++/bits/basic_string.h:6009:5: note: candidate: template<class _CharT, class _Traits, class _Alloc> bool std::operator==(const std::basic_string<_CharT, _Traits, _Alloc>&, const std::basic_string<_CharT, _Traits, _Alloc>&)
     operator==(const basic_string<_CharT, _Traits, _Alloc>& __lhs,
     ^~~~~~~~
/usr/lib/gcc/x86_64-pc-cygwin/7.4.0/include/c++/bits/basic_string.h:6009:5: note:   template argument deduction/substitution failed:
In file included from /usr/lib/gcc/x86_64-pc-cygwin/7.4.0/include/c++/cassert:44:0,
                 from ../Vec.h:12,
                 from ../Matrix.h:10,
                 from ../MatrixTester.h:8,
                 from ../MatrixTester.cpp:5:
../MatrixTester.cpp:199:18: note:   'Matrix' is not derived from 'const std::basic_string<_CharT, _Traits, _Alloc>'
  assert( !(m6 == m7) );
                  ^
In file included from /usr/lib/gcc/x86_64-pc-cygwin/7.4.0/include/c++/string:52:0,
                 from /usr/lib/gcc/x86_64-pc-cygwin/7.4.0/include/c++/bits/locale_classes.h:40,
                 from /usr/lib/gcc/x86_64-pc-cygwin/7.4.0/include/c++/bits/ios_base.h:41,
                 from /usr/lib/gcc/x86_64-pc-cygwin/7.4.0/include/c++/ios:42,
                 from /usr/lib/gcc/x86_64-pc-cygwin/7.4.0/include/c++/ostream:38,
                 from /usr/lib/gcc/x86_64-pc-cygwin/7.4.0/include/c++/iostream:39,
                 from ../Vec.h:10,
                 from ../Matrix.h:10,
                 from ../MatrixTester.h:8,
                 from ../MatrixTester.cpp:5:
/usr/lib/gcc/x86_64-pc-cygwin/7.4.0/include/c++/bits/basic_string.h:6017:5: note: candidate: template<class _CharT> typename __gnu_cxx::__enable_if<std::__is_char<_Tp>::__value, bool>::__type std::operator==(const std::basic_string<_CharT>&, const std::basic_string<_CharT>&)
     operator==(const basic_string<_CharT>& __lhs,
     ^~~~~~~~
/usr/lib/gcc/x86_64-pc-cygwin/7.4.0/include/c++/bits/basic_string.h:6017:5: note:   template argument deduction/substitution failed:
In file included from /usr/lib/gcc/x86_64-pc-cygwin/7.4.0/include/c++/cassert:44:0,
                 from ../Vec.h:12,
                 from ../Matrix.h:10,
                 from ../MatrixTester.h:8,
                 from ../MatrixTester.cpp:5:
../MatrixTester.cpp:199:18: note:   'Matrix' is not derived from 'const std::basic_string<_CharT>'
  assert( !(m6 == m7) );
                  ^
In file included from /usr/lib/gcc/x86_64-pc-cygwin/7.4.0/include/c++/string:52:0,
                 from /usr/lib/gcc/x86_64-pc-cygwin/7.4.0/include/c++/bits/locale_classes.h:40,
                 from /usr/lib/gcc/x86_64-pc-cygwin/7.4.0/include/c++/bits/ios_base.h:41,
                 from /usr/lib/gcc/x86_64-pc-cygwin/7.4.0/include/c++/ios:42,
                 from /usr/lib/gcc/x86_64-pc-cygwin/7.4.0/include/c++/ostream:38,
                 from /usr/lib/gcc/x86_64-pc-cygwin/7.4.0/include/c++/iostream:39,
                 from ../Vec.h:10,
                 from ../Matrix.h:10,
                 from ../MatrixTester.h:8,
                 from ../MatrixTester.cpp:5:
/usr/lib/gcc/x86_64-pc-cygwin/7.4.0/include/c++/bits/basic_string.h:6031:5: note: candidate: template<class _CharT, class _Traits, class _Alloc> bool std::operator==(const _CharT*, const std::basic_string<_CharT, _Traits, _Alloc>&)
     operator==(const _CharT* __lhs,
     ^~~~~~~~
/usr/lib/gcc/x86_64-pc-cygwin/7.4.0/include/c++/bits/basic_string.h:6031:5: note:   template argument deduction/substitution failed:
In file included from /usr/lib/gcc/x86_64-pc-cygwin/7.4.0/include/c++/cassert:44:0,
                 from ../Vec.h:12,
                 from ../Matrix.h:10,
                 from ../MatrixTester.h:8,
                 from ../MatrixTester.cpp:5:
../MatrixTester.cpp:199:18: note:   mismatched types 'const _CharT*' and 'Matrix'
  assert( !(m6 == m7) );
                  ^
In file included from /usr/lib/gcc/x86_64-pc-cygwin/7.4.0/include/c++/string:52:0,
                 from /usr/lib/gcc/x86_64-pc-cygwin/7.4.0/include/c++/bits/locale_classes.h:40,
                 from /usr/lib/gcc/x86_64-pc-cygwin/7.4.0/include/c++/bits/ios_base.h:41,
                 from /usr/lib/gcc/x86_64-pc-cygwin/7.4.0/include/c++/ios:42,
                 from /usr/lib/gcc/x86_64-pc-cygwin/7.4.0/include/c++/ostream:38,
                 from /usr/lib/gcc/x86_64-pc-cygwin/7.4.0/include/c++/iostream:39,
                 from ../Vec.h:10,
                 from ../Matrix.h:10,
                 from ../MatrixTester.h:8,
                 from ../MatrixTester.cpp:5:
/usr/lib/gcc/x86_64-pc-cygwin/7.4.0/include/c++/bits/basic_string.h:6043:5: note: candidate: template<class _CharT, class _Traits, class _Alloc> bool std::operator==(const std::basic_string<_CharT, _Traits, _Alloc>&, const _CharT*)
     operator==(const basic_string<_CharT, _Traits, _Alloc>& __lhs,
     ^~~~~~~~
/usr/lib/gcc/x86_64-pc-cygwin/7.4.0/include/c++/bits/basic_string.h:6043:5: note:   template argument deduction/substitution failed:
In file included from /usr/lib/gcc/x86_64-pc-cygwin/7.4.0/include/c++/cassert:44:0,
                 from ../Vec.h:12,
                 from ../Matrix.h:10,
                 from ../MatrixTester.h:8,
                 from ../MatrixTester.cpp:5:
../MatrixTester.cpp:199:18: note:   'Matrix' is not derived from 'const std::basic_string<_CharT, _Traits, _Alloc>'
  assert( !(m6 == m7) );
                  ^
In file included from /usr/lib/gcc/x86_64-pc-cygwin/7.4.0/include/c++/bits/ios_base.h:46:0,
                 from /usr/lib/gcc/x86_64-pc-cygwin/7.4.0/include/c++/ios:42,
                 from /usr/lib/gcc/x86_64-pc-cygwin/7.4.0/include/c++/ostream:38,
                 from /usr/lib/gcc/x86_64-pc-cygwin/7.4.0/include/c++/iostream:39,
                 from ../Vec.h:10,
                 from ../Matrix.h:10,
                 from ../MatrixTester.h:8,
                 from ../MatrixTester.cpp:5:
/usr/lib/gcc/x86_64-pc-cygwin/7.4.0/include/c++/system_error:292:3: note: candidate: bool std::operator==(const std::error_code&, const std::error_code&)
   operator==(const error_code& __lhs, const error_code& __rhs) noexcept
   ^~~~~~~~
/usr/lib/gcc/x86_64-pc-cygwin/7.4.0/include/c++/system_error:292:3: note:   no known conversion for argument 1 from 'Matrix' to 'const std::error_code&'
/usr/lib/gcc/x86_64-pc-cygwin/7.4.0/include/c++/system_error:297:3: note: candidate: bool std::operator==(const std::error_code&, const std::error_condition&)
   operator==(const error_code& __lhs, const error_condition& __rhs) noexcept
   ^~~~~~~~
/usr/lib/gcc/x86_64-pc-cygwin/7.4.0/include/c++/system_error:297:3: note:   no known conversion for argument 1 from 'Matrix' to 'const std::error_code&'
/usr/lib/gcc/x86_64-pc-cygwin/7.4.0/include/c++/system_error:304:3: note: candidate: bool std::operator==(const std::error_condition&, const std::error_code&)
   operator==(const error_condition& __lhs, const error_code& __rhs) noexcept
   ^~~~~~~~
/usr/lib/gcc/x86_64-pc-cygwin/7.4.0/include/c++/system_error:304:3: note:   no known conversion for argument 1 from 'Matrix' to 'const std::error_condition&'
/usr/lib/gcc/x86_64-pc-cygwin/7.4.0/include/c++/system_error:311:3: note: candidate: bool std::operator==(const std::error_condition&, const std::error_condition&)
   operator==(const error_condition& __lhs,
   ^~~~~~~~
/usr/lib/gcc/x86_64-pc-cygwin/7.4.0/include/c++/system_error:311:3: note:   no known conversion for argument 1 from 'Matrix' to 'const std::error_condition&'
In file included from /usr/lib/gcc/x86_64-pc-cygwin/7.4.0/include/c++/bits/locale_facets.h:48:0,
                 from /usr/lib/gcc/x86_64-pc-cygwin/7.4.0/include/c++/bits/basic_ios.h:37,
                 from /usr/lib/gcc/x86_64-pc-cygwin/7.4.0/include/c++/ios:44,
                 from /usr/lib/gcc/x86_64-pc-cygwin/7.4.0/include/c++/ostream:38,
                 from /usr/lib/gcc/x86_64-pc-cygwin/7.4.0/include/c++/iostream:39,
                 from ../Vec.h:10,
                 from ../Matrix.h:10,
                 from ../MatrixTester.h:8,
                 from ../MatrixTester.cpp:5:
/usr/lib/gcc/x86_64-pc-cygwin/7.4.0/include/c++/bits/streambuf_iterator.h:204:5: note: candidate: template<class _CharT, class _Traits> bool std::operator==(const std::istreambuf_iterator<_CharT, _Traits>&, const std::istreambuf_iterator<_CharT, _Traits>&)
     operator==(const istreambuf_iterator<_CharT, _Traits>& __a,
     ^~~~~~~~
/usr/lib/gcc/x86_64-pc-cygwin/7.4.0/include/c++/bits/streambuf_iterator.h:204:5: note:   template argument deduction/substitution failed:
In file included from /usr/lib/gcc/x86_64-pc-cygwin/7.4.0/include/c++/cassert:44:0,
                 from ../Vec.h:12,
                 from ../Matrix.h:10,
                 from ../MatrixTester.h:8,
                 from ../MatrixTester.cpp:5:
../MatrixTester.cpp:199:18: note:   'Matrix' is not derived from 'const std::istreambuf_iterator<_CharT, _Traits>'
  assert( !(m6 == m7) );
                  ^
../MatrixTester.cpp:204:15: error: no match for 'operator==' (operand types are 'Matrix' and 'Matrix')
  assert( !(m8 == m7 ) );
            ~~~^~~~
In file included from /usr/lib/gcc/x86_64-pc-cygwin/7.4.0/include/c++/iosfwd:40:0,
                 from /usr/lib/gcc/x86_64-pc-cygwin/7.4.0/include/c++/ios:38,
                 from /usr/lib/gcc/x86_64-pc-cygwin/7.4.0/include/c++/ostream:38,
                 from /usr/lib/gcc/x86_64-pc-cygwin/7.4.0/include/c++/iostream:39,
                 from ../Vec.h:10,
                 from ../Matrix.h:10,
                 from ../MatrixTester.h:8,
                 from ../MatrixTester.cpp:5:
/usr/lib/gcc/x86_64-pc-cygwin/7.4.0/include/c++/bits/postypes.h:216:5: note: candidate: template<class _StateT> bool std::operator==(const std::fpos<_StateT>&, const std::fpos<_StateT>&)
     operator==(const fpos<_StateT>& __lhs, const fpos<_StateT>& __rhs)
     ^~~~~~~~
/usr/lib/gcc/x86_64-pc-cygwin/7.4.0/include/c++/bits/postypes.h:216:5: note:   template argument deduction/substitution failed:
In file included from /usr/lib/gcc/x86_64-pc-cygwin/7.4.0/include/c++/cassert:44:0,
                 from ../Vec.h:12,
                 from ../Matrix.h:10,
                 from ../MatrixTester.h:8,
                 from ../MatrixTester.cpp:5:
../MatrixTester.cpp:204:18: note:   'Matrix' is not derived from 'const std::fpos<_StateT>'
  assert( !(m8 == m7 ) );
                  ^
In file included from /usr/lib/gcc/x86_64-pc-cygwin/7.4.0/include/c++/bits/stl_algobase.h:64:0,
                 from /usr/lib/gcc/x86_64-pc-cygwin/7.4.0/include/c++/bits/char_traits.h:39,
                 from /usr/lib/gcc/x86_64-pc-cygwin/7.4.0/include/c++/ios:40,
                 from /usr/lib/gcc/x86_64-pc-cygwin/7.4.0/include/c++/ostream:38,
                 from /usr/lib/gcc/x86_64-pc-cygwin/7.4.0/include/c++/iostream:39,
                 from ../Vec.h:10,
                 from ../Matrix.h:10,
                 from ../MatrixTester.h:8,
                 from ../MatrixTester.cpp:5:
/usr/lib/gcc/x86_64-pc-cygwin/7.4.0/include/c++/bits/stl_pair.h:448:5: note: candidate: template<class _T1, class _T2> constexpr bool std::operator==(const std::pair<_T1, _T2>&, const std::pair<_T1, _T2>&)
     operator==(const pair<_T1, _T2>& __x, const pair<_T1, _T2>& __y)
     ^~~~~~~~
/usr/lib/gcc/x86_64-pc-cygwin/7.4.0/include/c++/bits/stl_pair.h:448:5: note:   template argument deduction/substitution failed:
In file included from /usr/lib/gcc/x86_64-pc-cygwin/7.4.0/include/c++/cassert:44:0,
                 from ../Vec.h:12,
                 from ../Matrix.h:10,
                 from ../MatrixTester.h:8,
                 from ../MatrixTester.cpp:5:
../MatrixTester.cpp:204:18: note:   'Matrix' is not derived from 'const std::pair<_T1, _T2>'
  assert( !(m8 == m7 ) );
                  ^
In file included from /usr/lib/gcc/x86_64-pc-cygwin/7.4.0/include/c++/bits/stl_algobase.h:67:0,
                 from /usr/lib/gcc/x86_64-pc-cygwin/7.4.0/include/c++/bits/char_traits.h:39,
                 from /usr/lib/gcc/x86_64-pc-cygwin/7.4.0/include/c++/ios:40,
                 from /usr/lib/gcc/x86_64-pc-cygwin/7.4.0/include/c++/ostream:38,
                 from /usr/lib/gcc/x86_64-pc-cygwin/7.4.0/include/c++/iostream:39,
                 from ../Vec.h:10,
                 from ../Matrix.h:10,
                 from ../MatrixTester.h:8,
                 from ../MatrixTester.cpp:5:
/usr/lib/gcc/x86_64-pc-cygwin/7.4.0/include/c++/bits/stl_iterator.h:302:5: note: candidate: template<class _Iterator> bool std::operator==(const std::reverse_iterator<_Iterator>&, const std::reverse_iterator<_Iterator>&)
     operator==(const reverse_iterator<_Iterator>& __x,
     ^~~~~~~~
/usr/lib/gcc/x86_64-pc-cygwin/7.4.0/include/c++/bits/stl_iterator.h:302:5: note:   template argument deduction/substitution failed:
In file included from /usr/lib/gcc/x86_64-pc-cygwin/7.4.0/include/c++/cassert:44:0,
                 from ../Vec.h:12,
                 from ../Matrix.h:10,
                 from ../MatrixTester.h:8,
                 from ../MatrixTester.cpp:5:
../MatrixTester.cpp:204:18: note:   'Matrix' is not derived from 'const std::reverse_iterator<_Iterator>'
  assert( !(m8 == m7 ) );
                  ^
In file included from /usr/lib/gcc/x86_64-pc-cygwin/7.4.0/include/c++/bits/stl_algobase.h:67:0,
                 from /usr/lib/gcc/x86_64-pc-cygwin/7.4.0/include/c++/bits/char_traits.h:39,
                 from /usr/lib/gcc/x86_64-pc-cygwin/7.4.0/include/c++/ios:40,
                 from /usr/lib/gcc/x86_64-pc-cygwin/7.4.0/include/c++/ostream:38,
                 from /usr/lib/gcc/x86_64-pc-cygwin/7.4.0/include/c++/iostream:39,
                 from ../Vec.h:10,
                 from ../Matrix.h:10,
                 from ../MatrixTester.h:8,
                 from ../MatrixTester.cpp:5:
/usr/lib/gcc/x86_64-pc-cygwin/7.4.0/include/c++/bits/stl_iterator.h:340:5: note: candidate: template<class _IteratorL, class _IteratorR> bool std::operator==(const std::reverse_iterator<_Iterator>&, const std::reverse_iterator<_IteratorR>&)
     operator==(const reverse_iterator<_IteratorL>& __x,
     ^~~~~~~~
/usr/lib/gcc/x86_64-pc-cygwin/7.4.0/include/c++/bits/stl_iterator.h:340:5: note:   template argument deduction/substitution failed:
In file included from /usr/lib/gcc/x86_64-pc-cygwin/7.4.0/include/c++/cassert:44:0,
                 from ../Vec.h:12,
                 from ../Matrix.h:10,
                 from ../MatrixTester.h:8,
                 from ../MatrixTester.cpp:5:
../MatrixTester.cpp:204:18: note:   'Matrix' is not derived from 'const std::reverse_iterator<_Iterator>'
  assert( !(m8 == m7 ) );
                  ^
In file included from /usr/lib/gcc/x86_64-pc-cygwin/7.4.0/include/c++/bits/stl_algobase.h:67:0,
                 from /usr/lib/gcc/x86_64-pc-cygwin/7.4.0/include/c++/bits/char_traits.h:39,
                 from /usr/lib/gcc/x86_64-pc-cygwin/7.4.0/include/c++/ios:40,
                 from /usr/lib/gcc/x86_64-pc-cygwin/7.4.0/include/c++/ostream:38,
                 from /usr/lib/gcc/x86_64-pc-cygwin/7.4.0/include/c++/iostream:39,
                 from ../Vec.h:10,
                 from ../Matrix.h:10,
                 from ../MatrixTester.h:8,
                 from ../MatrixTester.cpp:5:
/usr/lib/gcc/x86_64-pc-cygwin/7.4.0/include/c++/bits/stl_iterator.h:1121:5: note: candidate: template<class _IteratorL, class _IteratorR> bool std::operator==(const std::move_iterator<_IteratorL>&, const std::move_iterator<_IteratorR>&)
     operator==(const move_iterator<_IteratorL>& __x,
     ^~~~~~~~
/usr/lib/gcc/x86_64-pc-cygwin/7.4.0/include/c++/bits/stl_iterator.h:1121:5: note:   template argument deduction/substitution failed:
In file included from /usr/lib/gcc/x86_64-pc-cygwin/7.4.0/include/c++/cassert:44:0,
                 from ../Vec.h:12,
                 from ../Matrix.h:10,
                 from ../MatrixTester.h:8,
                 from ../MatrixTester.cpp:5:
../MatrixTester.cpp:204:18: note:   'Matrix' is not derived from 'const std::move_iterator<_IteratorL>'
  assert( !(m8 == m7 ) );
                  ^
In file included from /usr/lib/gcc/x86_64-pc-cygwin/7.4.0/include/c++/bits/stl_algobase.h:67:0,
                 from /usr/lib/gcc/x86_64-pc-cygwin/7.4.0/include/c++/bits/char_traits.h:39,
                 from /usr/lib/gcc/x86_64-pc-cygwin/7.4.0/include/c++/ios:40,
                 from /usr/lib/gcc/x86_64-pc-cygwin/7.4.0/include/c++/ostream:38,
                 from /usr/lib/gcc/x86_64-pc-cygwin/7.4.0/include/c++/iostream:39,
                 from ../Vec.h:10,
                 from ../Matrix.h:10,
                 from ../MatrixTester.h:8,
                 from ../MatrixTester.cpp:5:
/usr/lib/gcc/x86_64-pc-cygwin/7.4.0/include/c++/bits/stl_iterator.h:1127:5: note: candidate: template<class _Iterator> bool std::operator==(const std::move_iterator<_IteratorL>&, const std::move_iterator<_IteratorL>&)
     operator==(const move_iterator<_Iterator>& __x,
     ^~~~~~~~
/usr/lib/gcc/x86_64-pc-cygwin/7.4.0/include/c++/bits/stl_iterator.h:1127:5: note:   template argument deduction/substitution failed:
In file included from /usr/lib/gcc/x86_64-pc-cygwin/7.4.0/include/c++/cassert:44:0,
                 from ../Vec.h:12,
                 from ../Matrix.h:10,
                 from ../MatrixTester.h:8,
                 from ../MatrixTester.cpp:5:
../MatrixTester.cpp:204:18: note:   'Matrix' is not derived from 'const std::move_iterator<_IteratorL>'
  assert( !(m8 == m7 ) );
                  ^
In file included from /usr/lib/gcc/x86_64-pc-cygwin/7.4.0/include/c++/string:41:0,
                 from /usr/lib/gcc/x86_64-pc-cygwin/7.4.0/include/c++/bits/locale_classes.h:40,
                 from /usr/lib/gcc/x86_64-pc-cygwin/7.4.0/include/c++/bits/ios_base.h:41,
                 from /usr/lib/gcc/x86_64-pc-cygwin/7.4.0/include/c++/ios:42,
                 from /usr/lib/gcc/x86_64-pc-cygwin/7.4.0/include/c++/ostream:38,
                 from /usr/lib/gcc/x86_64-pc-cygwin/7.4.0/include/c++/iostream:39,
                 from ../Vec.h:10,
                 from ../Matrix.h:10,
                 from ../MatrixTester.h:8,
                 from ../MatrixTester.cpp:5:
/usr/lib/gcc/x86_64-pc-cygwin/7.4.0/include/c++/bits/allocator.h:146:5: note: candidate: template<class _T1, class _T2> bool std::operator==(const std::allocator<_CharT>&, const std::allocator<_T2>&)
     operator==(const allocator<_T1>&, const allocator<_T2>&)
     ^~~~~~~~
/usr/lib/gcc/x86_64-pc-cygwin/7.4.0/include/c++/bits/allocator.h:146:5: note:   template argument deduction/substitution failed:
In file included from /usr/lib/gcc/x86_64-pc-cygwin/7.4.0/include/c++/cassert:44:0,
                 from ../Vec.h:12,
                 from ../Matrix.h:10,
                 from ../MatrixTester.h:8,
                 from ../MatrixTester.cpp:5:
../MatrixTester.cpp:204:18: note:   'Matrix' is not derived from 'const std::allocator<_CharT>'
  assert( !(m8 == m7 ) );
                  ^
In file included from /usr/lib/gcc/x86_64-pc-cygwin/7.4.0/include/c++/string:41:0,
                 from /usr/lib/gcc/x86_64-pc-cygwin/7.4.0/include/c++/bits/locale_classes.h:40,
                 from /usr/lib/gcc/x86_64-pc-cygwin/7.4.0/include/c++/bits/ios_base.h:41,
                 from /usr/lib/gcc/x86_64-pc-cygwin/7.4.0/include/c++/ios:42,
                 from /usr/lib/gcc/x86_64-pc-cygwin/7.4.0/include/c++/ostream:38,
                 from /usr/lib/gcc/x86_64-pc-cygwin/7.4.0/include/c++/iostream:39,
                 from ../Vec.h:10,
                 from ../Matrix.h:10,
                 from ../MatrixTester.h:8,
                 from ../MatrixTester.cpp:5:
/usr/lib/gcc/x86_64-pc-cygwin/7.4.0/include/c++/bits/allocator.h:152:5: note: candidate: template<class _Tp> bool std::operator==(const std::allocator<_CharT>&, const std::allocator<_CharT>&)
     operator==(const allocator<_Tp>&, const allocator<_Tp>&)
     ^~~~~~~~
/usr/lib/gcc/x86_64-pc-cygwin/7.4.0/include/c++/bits/allocator.h:152:5: note:   template argument deduction/substitution failed:
In file included from /usr/lib/gcc/x86_64-pc-cygwin/7.4.0/include/c++/cassert:44:0,
                 from ../Vec.h:12,
                 from ../Matrix.h:10,
                 from ../MatrixTester.h:8,
                 from ../MatrixTester.cpp:5:
../MatrixTester.cpp:204:18: note:   'Matrix' is not derived from 'const std::allocator<_CharT>'
  assert( !(m8 == m7 ) );
                  ^
In file included from /usr/lib/gcc/x86_64-pc-cygwin/7.4.0/include/c++/string:52:0,
                 from /usr/lib/gcc/x86_64-pc-cygwin/7.4.0/include/c++/bits/locale_classes.h:40,
                 from /usr/lib/gcc/x86_64-pc-cygwin/7.4.0/include/c++/bits/ios_base.h:41,
                 from /usr/lib/gcc/x86_64-pc-cygwin/7.4.0/include/c++/ios:42,
                 from /usr/lib/gcc/x86_64-pc-cygwin/7.4.0/include/c++/ostream:38,
                 from /usr/lib/gcc/x86_64-pc-cygwin/7.4.0/include/c++/iostream:39,
                 from ../Vec.h:10,
                 from ../Matrix.h:10,
                 from ../MatrixTester.h:8,
                 from ../MatrixTester.cpp:5:
/usr/lib/gcc/x86_64-pc-cygwin/7.4.0/include/c++/bits/basic_string.h:6009:5: note: candidate: template<class _CharT, class _Traits, class _Alloc> bool std::operator==(const std::basic_string<_CharT, _Traits, _Alloc>&, const std::basic_string<_CharT, _Traits, _Alloc>&)
     operator==(const basic_string<_CharT, _Traits, _Alloc>& __lhs,
     ^~~~~~~~
/usr/lib/gcc/x86_64-pc-cygwin/7.4.0/include/c++/bits/basic_string.h:6009:5: note:   template argument deduction/substitution failed:
In file included from /usr/lib/gcc/x86_64-pc-cygwin/7.4.0/include/c++/cassert:44:0,
                 from ../Vec.h:12,
                 from ../Matrix.h:10,
                 from ../MatrixTester.h:8,
                 from ../MatrixTester.cpp:5:
../MatrixTester.cpp:204:18: note:   'Matrix' is not derived from 'const std::basic_string<_CharT, _Traits, _Alloc>'
  assert( !(m8 == m7 ) );
                  ^
In file included from /usr/lib/gcc/x86_64-pc-cygwin/7.4.0/include/c++/string:52:0,
                 from /usr/lib/gcc/x86_64-pc-cygwin/7.4.0/include/c++/bits/locale_classes.h:40,
                 from /usr/lib/gcc/x86_64-pc-cygwin/7.4.0/include/c++/bits/ios_base.h:41,
                 from /usr/lib/gcc/x86_64-pc-cygwin/7.4.0/include/c++/ios:42,
                 from /usr/lib/gcc/x86_64-pc-cygwin/7.4.0/include/c++/ostream:38,
                 from /usr/lib/gcc/x86_64-pc-cygwin/7.4.0/include/c++/iostream:39,
                 from ../Vec.h:10,
                 from ../Matrix.h:10,
                 from ../MatrixTester.h:8,
                 from ../MatrixTester.cpp:5:
/usr/lib/gcc/x86_64-pc-cygwin/7.4.0/include/c++/bits/basic_string.h:6017:5: note: candidate: template<class _CharT> typename __gnu_cxx::__enable_if<std::__is_char<_Tp>::__value, bool>::__type std::operator==(const std::basic_string<_CharT>&, const std::basic_string<_CharT>&)
     operator==(const basic_string<_CharT>& __lhs,
     ^~~~~~~~
/usr/lib/gcc/x86_64-pc-cygwin/7.4.0/include/c++/bits/basic_string.h:6017:5: note:   template argument deduction/substitution failed:
In file included from /usr/lib/gcc/x86_64-pc-cygwin/7.4.0/include/c++/cassert:44:0,
                 from ../Vec.h:12,
                 from ../Matrix.h:10,
                 from ../MatrixTester.h:8,
                 from ../MatrixTester.cpp:5:
../MatrixTester.cpp:204:18: note:   'Matrix' is not derived from 'const std::basic_string<_CharT>'
  assert( !(m8 == m7 ) );
                  ^
In file included from /usr/lib/gcc/x86_64-pc-cygwin/7.4.0/include/c++/string:52:0,
                 from /usr/lib/gcc/x86_64-pc-cygwin/7.4.0/include/c++/bits/locale_classes.h:40,
                 from /usr/lib/gcc/x86_64-pc-cygwin/7.4.0/include/c++/bits/ios_base.h:41,
                 from /usr/lib/gcc/x86_64-pc-cygwin/7.4.0/include/c++/ios:42,
                 from /usr/lib/gcc/x86_64-pc-cygwin/7.4.0/include/c++/ostream:38,
                 from /usr/lib/gcc/x86_64-pc-cygwin/7.4.0/include/c++/iostream:39,
                 from ../Vec.h:10,
                 from ../Matrix.h:10,
                 from ../MatrixTester.h:8,
                 from ../MatrixTester.cpp:5:
/usr/lib/gcc/x86_64-pc-cygwin/7.4.0/include/c++/bits/basic_string.h:6031:5: note: candidate: template<class _CharT, class _Traits, class _Alloc> bool std::operator==(const _CharT*, const std::basic_string<_CharT, _Traits, _Alloc>&)
     operator==(const _CharT* __lhs,
     ^~~~~~~~
/usr/lib/gcc/x86_64-pc-cygwin/7.4.0/include/c++/bits/basic_string.h:6031:5: note:   template argument deduction/substitution failed:
In file included from /usr/lib/gcc/x86_64-pc-cygwin/7.4.0/include/c++/cassert:44:0,
                 from ../Vec.h:12,
                 from ../Matrix.h:10,
                 from ../MatrixTester.h:8,
                 from ../MatrixTester.cpp:5:
../MatrixTester.cpp:204:18: note:   mismatched types 'const _CharT*' and 'Matrix'
  assert( !(m8 == m7 ) );
                  ^
In file included from /usr/lib/gcc/x86_64-pc-cygwin/7.4.0/include/c++/string:52:0,
                 from /usr/lib/gcc/x86_64-pc-cygwin/7.4.0/include/c++/bits/locale_classes.h:40,
                 from /usr/lib/gcc/x86_64-pc-cygwin/7.4.0/include/c++/bits/ios_base.h:41,
                 from /usr/lib/gcc/x86_64-pc-cygwin/7.4.0/include/c++/ios:42,
                 from /usr/lib/gcc/x86_64-pc-cygwin/7.4.0/include/c++/ostream:38,
                 from /usr/lib/gcc/x86_64-pc-cygwin/7.4.0/include/c++/iostream:39,
                 from ../Vec.h:10,
                 from ../Matrix.h:10,
                 from ../MatrixTester.h:8,
                 from ../MatrixTester.cpp:5:
/usr/lib/gcc/x86_64-pc-cygwin/7.4.0/include/c++/bits/basic_string.h:6043:5: note: candidate: template<class _CharT, class _Traits, class _Alloc> bool std::operator==(const std::basic_string<_CharT, _Traits, _Alloc>&, const _CharT*)
     operator==(const basic_string<_CharT, _Traits, _Alloc>& __lhs,
     ^~~~~~~~
/usr/lib/gcc/x86_64-pc-cygwin/7.4.0/include/c++/bits/basic_string.h:6043:5: note:   template argument deduction/substitution failed:
In file included from /usr/lib/gcc/x86_64-pc-cygwin/7.4.0/include/c++/cassert:44:0,
                 from ../Vec.h:12,
                 from ../Matrix.h:10,
                 from ../MatrixTester.h:8,
                 from ../MatrixTester.cpp:5:
../MatrixTester.cpp:204:18: note:   'Matrix' is not derived from 'const std::basic_string<_CharT, _Traits, _Alloc>'
  assert( !(m8 == m7 ) );
                  ^
In file included from /usr/lib/gcc/x86_64-pc-cygwin/7.4.0/include/c++/bits/ios_base.h:46:0,
                 from /usr/lib/gcc/x86_64-pc-cygwin/7.4.0/include/c++/ios:42,
                 from /usr/lib/gcc/x86_64-pc-cygwin/7.4.0/include/c++/ostream:38,
                 from /usr/lib/gcc/x86_64-pc-cygwin/7.4.0/include/c++/iostream:39,
                 from ../Vec.h:10,
                 from ../Matrix.h:10,
                 from ../MatrixTester.h:8,
                 from ../MatrixTester.cpp:5:
/usr/lib/gcc/x86_64-pc-cygwin/7.4.0/include/c++/system_error:292:3: note: candidate: bool std::operator==(const std::error_code&, const std::error_code&)
   operator==(const error_code& __lhs, const error_code& __rhs) noexcept
   ^~~~~~~~
/usr/lib/gcc/x86_64-pc-cygwin/7.4.0/include/c++/system_error:292:3: note:   no known conversion for argument 1 from 'Matrix' to 'const std::error_code&'
/usr/lib/gcc/x86_64-pc-cygwin/7.4.0/include/c++/system_error:297:3: note: candidate: bool std::operator==(const std::error_code&, const std::error_condition&)
   operator==(const error_code& __lhs, const error_condition& __rhs) noexcept
   ^~~~~~~~
/usr/lib/gcc/x86_64-pc-cygwin/7.4.0/include/c++/system_error:297:3: note:   no known conversion for argument 1 from 'Matrix' to 'const std::error_code&'
/usr/lib/gcc/x86_64-pc-cygwin/7.4.0/include/c++/system_error:304:3: note: candidate: bool std::operator==(const std::error_condition&, const std::error_code&)
   operator==(const error_condition& __lhs, const error_code& __rhs) noexcept
   ^~~~~~~~
/usr/lib/gcc/x86_64-pc-cygwin/7.4.0/include/c++/system_error:304:3: note:   no known conversion for argument 1 from 'Matrix' to 'const std::error_condition&'
/usr/lib/gcc/x86_64-pc-cygwin/7.4.0/include/c++/system_error:311:3: note: candidate: bool std::operator==(const std::error_condition&, const std::error_condition&)
   operator==(const error_condition& __lhs,
   ^~~~~~~~
/usr/lib/gcc/x86_64-pc-cygwin/7.4.0/include/c++/system_error:311:3: note:   no known conversion for argument 1 from 'Matrix' to 'const std::error_condition&'
In file included from /usr/lib/gcc/x86_64-pc-cygwin/7.4.0/include/c++/bits/locale_facets.h:48:0,
                 from /usr/lib/gcc/x86_64-pc-cygwin/7.4.0/include/c++/bits/basic_ios.h:37,
                 from /usr/lib/gcc/x86_64-pc-cygwin/7.4.0/include/c++/ios:44,
                 from /usr/lib/gcc/x86_64-pc-cygwin/7.4.0/include/c++/ostream:38,
                 from /usr/lib/gcc/x86_64-pc-cygwin/7.4.0/include/c++/iostream:39,
                 from ../Vec.h:10,
                 from ../Matrix.h:10,
                 from ../MatrixTester.h:8,
                 from ../MatrixTester.cpp:5:
/usr/lib/gcc/x86_64-pc-cygwin/7.4.0/include/c++/bits/streambuf_iterator.h:204:5: note: candidate: template<class _CharT, class _Traits> bool std::operator==(const std::istreambuf_iterator<_CharT, _Traits>&, const std::istreambuf_iterator<_CharT, _Traits>&)
     operator==(const istreambuf_iterator<_CharT, _Traits>& __a,
     ^~~~~~~~
/usr/lib/gcc/x86_64-pc-cygwin/7.4.0/include/c++/bits/streambuf_iterator.h:204:5: note:   template argument deduction/substitution failed:
In file included from /usr/lib/gcc/x86_64-pc-cygwin/7.4.0/include/c++/cassert:44:0,
                 from ../Vec.h:12,
                 from ../Matrix.h:10,
                 from ../MatrixTester.h:8,
                 from ../MatrixTester.cpp:5:
../MatrixTester.cpp:204:18: note:   'Matrix' is not derived from 'const std::istreambuf_iterator<_CharT, _Traits>'
  assert( !(m8 == m7 ) );
                  ^
make: *** [subdir.mk:29: MatrixTester.o] Error 1
"make all" terminated with exit code 2. Build might be incomplete.
13:25:20 **** Incremental Build of configuration Debug for project lab04 ****
make all 
Building file: ../Matrix.cpp
Invoking: Cygwin C++ Compiler
g++ -O0 -g3 -Wall -c -fmessage-length=0 -MMD -MP -MF"Matrix.d" -MT"Matrix.o" -o "Matrix.o" "../Matrix.cpp"
../Matrix.cpp:38:35: error: non-member function 'bool operator==(const Matrix&)' cannot have cv-qualifier
 bool operator==(const Matrix& m2) const {
                                   ^~~~~
../Matrix.cpp:38:35: error: 'bool operator==(const Matrix&)' must take exactly two arguments
make: *** [subdir.mk:29: Matrix.o] Error 1
"make all" terminated with exit code 2. Build might be incomplete.
13:26:11 **** Incremental Build of configuration Debug for project lab04 ****
make all 
Building file: ../Matrix.cpp
Invoking: Cygwin C++ Compiler
g++ -O0 -g3 -Wall -c -fmessage-length=0 -MMD -MP -MF"Matrix.d" -MT"Matrix.o" -o "Matrix.o" "../Matrix.cpp"
../Matrix.cpp: In member function 'bool Matrix::operator==(const Matrix&) const':
../Matrix.cpp:42:10: error: 'mvVec' was not declared in this scope
   return mvVec == m2.myVec;
          ^~~~~
../Matrix.cpp:42:10: note: suggested alternative: 'myVec'
   return mvVec == m2.myVec;
          ^~~~~
          myVec
make: *** [subdir.mk:29: Matrix.o] Error 1
"make all" terminated with exit code 2. Build might be incomplete.
13:26:25 **** Incremental Build of configuration Debug for project lab04 ****
make all 
Building file: ../Matrix.cpp
Invoking: Cygwin C++ Compiler
g++ -O0 -g3 -Wall -c -fmessage-length=0 -MMD -MP -MF"Matrix.d" -MT"Matrix.o" -o "Matrix.o" "../Matrix.cpp"
Finished building: ../Matrix.cpp
 
Building file: ../MatrixTester.cpp
Invoking: Cygwin C++ Compiler
g++ -O0 -g3 -Wall -c -fmessage-length=0 -MMD -MP -MF"MatrixTester.d" -MT"MatrixTester.o" -o "MatrixTester.o" "../MatrixTester.cpp"
Finished building: ../MatrixTester.cpp
 
Building file: ../tester.cpp
Invoking: Cygwin C++ Compiler
g++ -O0 -g3 -Wall -c -fmessage-length=0 -MMD -MP -MF"tester.d" -MT"tester.o" -o "tester.o" "../tester.cpp"
Finished building: ../tester.cpp
 
Building target: lab04.exe
Invoking: Cygwin C++ Linker
g++  -o "lab04.exe"  ./Matrix.o ./MatrixTester.o ./VecTester.o ./tester.o   
Finished building target: lab04.exe
 
